ARM GAS  /tmp/ccxTSYq4.s 			page 1


   1              		.cpu cortex-m4
   2              		.eabi_attribute 27, 1
   3              		.eabi_attribute 28, 1
   4              		.eabi_attribute 20, 1
   5              		.eabi_attribute 21, 1
   6              		.eabi_attribute 23, 3
   7              		.eabi_attribute 24, 1
   8              		.eabi_attribute 25, 1
   9              		.eabi_attribute 26, 1
  10              		.eabi_attribute 30, 4
  11              		.eabi_attribute 34, 1
  12              		.eabi_attribute 18, 4
  13              		.file	"ieee488.c"
  14              		.text
  15              	.Ltext0:
  16              		.cfi_sections	.debug_frame
  17              		.section	.text.SCPI_RegGet,"ax",%progbits
  18              		.align	1
  19              		.global	SCPI_RegGet
  20              		.arch armv7e-m
  21              		.syntax unified
  22              		.thumb
  23              		.thumb_func
  24              		.fpu fpv4-sp-d16
  26              	SCPI_RegGet:
  27              	.LVL0:
  28              	.LFB6:
  29              		.file 1 "libscpi/src/ieee488.c"
   1:libscpi/src/ieee488.c **** /*-
   2:libscpi/src/ieee488.c ****  * BSD 2-Clause License
   3:libscpi/src/ieee488.c ****  *
   4:libscpi/src/ieee488.c ****  * Copyright (c) 2012-2018, Jan Breuer
   5:libscpi/src/ieee488.c ****  * All rights reserved.
   6:libscpi/src/ieee488.c ****  *
   7:libscpi/src/ieee488.c ****  * Redistribution and use in source and binary forms, with or without
   8:libscpi/src/ieee488.c ****  * modification, are permitted provided that the following conditions are met:
   9:libscpi/src/ieee488.c ****  *
  10:libscpi/src/ieee488.c ****  * * Redistributions of source code must retain the above copyright notice, this
  11:libscpi/src/ieee488.c ****  *   list of conditions and the following disclaimer.
  12:libscpi/src/ieee488.c ****  *
  13:libscpi/src/ieee488.c ****  * * Redistributions in binary form must reproduce the above copyright notice,
  14:libscpi/src/ieee488.c ****  *   this list of conditions and the following disclaimer in the documentation
  15:libscpi/src/ieee488.c ****  *   and/or other materials provided with the distribution.
  16:libscpi/src/ieee488.c ****  *
  17:libscpi/src/ieee488.c ****  * THIS SOFTWARE IS PROVIDED BY THE COPYRIGHT HOLDERS AND CONTRIBUTORS "AS IS"
  18:libscpi/src/ieee488.c ****  * AND ANY EXPRESS OR IMPLIED WARRANTIES, INCLUDING, BUT NOT LIMITED TO, THE
  19:libscpi/src/ieee488.c ****  * IMPLIED WARRANTIES OF MERCHANTABILITY AND FITNESS FOR A PARTICULAR PURPOSE ARE
  20:libscpi/src/ieee488.c ****  * DISCLAIMED. IN NO EVENT SHALL THE COPYRIGHT HOLDER OR CONTRIBUTORS BE LIABLE
  21:libscpi/src/ieee488.c ****  * FOR ANY DIRECT, INDIRECT, INCIDENTAL, SPECIAL, EXEMPLARY, OR CONSEQUENTIAL
  22:libscpi/src/ieee488.c ****  * DAMAGES (INCLUDING, BUT NOT LIMITED TO, PROCUREMENT OF SUBSTITUTE GOODS OR
  23:libscpi/src/ieee488.c ****  * SERVICES; LOSS OF USE, DATA, OR PROFITS; OR BUSINESS INTERRUPTION) HOWEVER
  24:libscpi/src/ieee488.c ****  * CAUSED AND ON ANY THEORY OF LIABILITY, WHETHER IN CONTRACT, STRICT LIABILITY,
  25:libscpi/src/ieee488.c ****  * OR TORT (INCLUDING NEGLIGENCE OR OTHERWISE) ARISING IN ANY WAY OUT OF THE USE
  26:libscpi/src/ieee488.c ****  * OF THIS SOFTWARE, EVEN IF ADVISED OF THE POSSIBILITY OF SUCH DAMAGE.
  27:libscpi/src/ieee488.c ****  */
  28:libscpi/src/ieee488.c **** 
  29:libscpi/src/ieee488.c **** /**
ARM GAS  /tmp/ccxTSYq4.s 			page 2


  30:libscpi/src/ieee488.c ****  * @file   scpi_ieee488.c
  31:libscpi/src/ieee488.c ****  * @date   Thu Nov 15 10:58:45 UTC 2012
  32:libscpi/src/ieee488.c ****  * 
  33:libscpi/src/ieee488.c ****  * @brief  Implementation of IEEE488.2 commands and state model
  34:libscpi/src/ieee488.c ****  * 
  35:libscpi/src/ieee488.c ****  * 
  36:libscpi/src/ieee488.c ****  */
  37:libscpi/src/ieee488.c **** 
  38:libscpi/src/ieee488.c **** #include "scpi/parser.h"
  39:libscpi/src/ieee488.c **** #include "scpi/ieee488.h"
  40:libscpi/src/ieee488.c **** #include "scpi/error.h"
  41:libscpi/src/ieee488.c **** #include "scpi/constants.h"
  42:libscpi/src/ieee488.c **** 
  43:libscpi/src/ieee488.c **** #include <stdio.h>
  44:libscpi/src/ieee488.c **** 
  45:libscpi/src/ieee488.c **** /**
  46:libscpi/src/ieee488.c ****  * Update register value
  47:libscpi/src/ieee488.c ****  * @param context
  48:libscpi/src/ieee488.c ****  * @param name - register name
  49:libscpi/src/ieee488.c ****  */
  50:libscpi/src/ieee488.c **** static void regUpdate(scpi_t * context, scpi_reg_name_t name) {
  51:libscpi/src/ieee488.c ****     SCPI_RegSet(context, name, SCPI_RegGet(context, name));
  52:libscpi/src/ieee488.c **** }
  53:libscpi/src/ieee488.c **** 
  54:libscpi/src/ieee488.c **** /**
  55:libscpi/src/ieee488.c ****  * Update latching event register value based on bit transitions from 0 -> 1
  56:libscpi/src/ieee488.c ****  * in the condition register
  57:libscpi/src/ieee488.c ****  * @param context
  58:libscpi/src/ieee488.c ****  * @param condReg - condition register name
  59:libscpi/src/ieee488.c ****  * @param eventReg - event register name
  60:libscpi/src/ieee488.c ****  */
  61:libscpi/src/ieee488.c **** static void regUpdateEvent(scpi_t * context, scpi_reg_val_t oldCondVal, scpi_reg_val_t newCondVal, 
  62:libscpi/src/ieee488.c ****     SCPI_RegSet(context, eventReg, ((oldCondVal ^ newCondVal) & newCondVal) | SCPI_RegGet(context, 
  63:libscpi/src/ieee488.c **** }
  64:libscpi/src/ieee488.c **** 
  65:libscpi/src/ieee488.c **** /**
  66:libscpi/src/ieee488.c ****  * Update STB register according to value and its mask register
  67:libscpi/src/ieee488.c ****  * @param context
  68:libscpi/src/ieee488.c ****  * @param val value of register
  69:libscpi/src/ieee488.c ****  * @param mask name of mask register (enable register)
  70:libscpi/src/ieee488.c ****  * @param stbBits bits to clear or set in STB
  71:libscpi/src/ieee488.c ****  */
  72:libscpi/src/ieee488.c **** static void regUpdateSTB(scpi_t * context, scpi_reg_val_t val, scpi_reg_name_t mask, scpi_reg_val_t
  73:libscpi/src/ieee488.c ****     if (val & SCPI_RegGet(context, mask)) {
  74:libscpi/src/ieee488.c ****         SCPI_RegSetBits(context, SCPI_REG_STB, stbBits);
  75:libscpi/src/ieee488.c ****     } else {
  76:libscpi/src/ieee488.c ****         SCPI_RegClearBits(context, SCPI_REG_STB, stbBits);
  77:libscpi/src/ieee488.c ****     }
  78:libscpi/src/ieee488.c **** }
  79:libscpi/src/ieee488.c **** 
  80:libscpi/src/ieee488.c **** /**
  81:libscpi/src/ieee488.c ****  * Get register value
  82:libscpi/src/ieee488.c ****  * @param name - register name
  83:libscpi/src/ieee488.c ****  * @return register value
  84:libscpi/src/ieee488.c ****  */
  85:libscpi/src/ieee488.c **** scpi_reg_val_t SCPI_RegGet(scpi_t * context, scpi_reg_name_t name) {
  30              		.loc 1 85 68 view -0
ARM GAS  /tmp/ccxTSYq4.s 			page 3


  31              		.cfi_startproc
  32              		@ args = 0, pretend = 0, frame = 0
  33              		@ frame_needed = 0, uses_anonymous_args = 0
  34              		@ link register save eliminated.
  86:libscpi/src/ieee488.c ****     if ((name < SCPI_REG_COUNT) && context) {
  35              		.loc 1 86 5 view .LVU1
  36              		.loc 1 86 8 is_stmt 0 view .LVU2
  37 0000 0929     		cmp	r1, #9
  38 0002 04D8     		bhi	.L3
  39              		.loc 1 86 33 discriminator 1 view .LVU3
  40 0004 20B1     		cbz	r0, .L2
  87:libscpi/src/ieee488.c ****         return context->registers[name];
  41              		.loc 1 87 9 is_stmt 1 view .LVU4
  42              		.loc 1 87 34 is_stmt 0 view .LVU5
  43 0006 2431     		adds	r1, r1, #36
  44              	.LVL1:
  45              		.loc 1 87 34 view .LVU6
  46 0008 30F81100 		ldrh	r0, [r0, r1, lsl #1]
  47              	.LVL2:
  48              		.loc 1 87 34 view .LVU7
  49 000c 7047     		bx	lr
  50              	.LVL3:
  51              	.L3:
  88:libscpi/src/ieee488.c ****     } else {
  89:libscpi/src/ieee488.c ****         return 0;
  52              		.loc 1 89 16 view .LVU8
  53 000e 0020     		movs	r0, #0
  54              	.LVL4:
  55              	.L2:
  90:libscpi/src/ieee488.c ****     }
  91:libscpi/src/ieee488.c **** }
  56              		.loc 1 91 1 view .LVU9
  57 0010 7047     		bx	lr
  58              		.cfi_endproc
  59              	.LFE6:
  61              		.section	.text.SCPI_RegClearBits,"ax",%progbits
  62              		.align	1
  63              		.global	SCPI_RegClearBits
  64              		.syntax unified
  65              		.thumb
  66              		.thumb_func
  67              		.fpu fpv4-sp-d16
  69              	SCPI_RegClearBits:
  70              	.LVL5:
  71              	.LFB10:
  92:libscpi/src/ieee488.c **** 
  93:libscpi/src/ieee488.c **** /**
  94:libscpi/src/ieee488.c ****  * Wrapper function to control interface from context
  95:libscpi/src/ieee488.c ****  * @param context
  96:libscpi/src/ieee488.c ****  * @param ctrl number of controll message
  97:libscpi/src/ieee488.c ****  * @param value value of related register
  98:libscpi/src/ieee488.c ****  */
  99:libscpi/src/ieee488.c **** static size_t writeControl(scpi_t * context, scpi_ctrl_name_t ctrl, scpi_reg_val_t val) {
 100:libscpi/src/ieee488.c ****     if (context && context->interface && context->interface->control) {
 101:libscpi/src/ieee488.c ****         return context->interface->control(context, ctrl, val);
 102:libscpi/src/ieee488.c ****     } else {
 103:libscpi/src/ieee488.c ****         return 0;
ARM GAS  /tmp/ccxTSYq4.s 			page 4


 104:libscpi/src/ieee488.c ****     }
 105:libscpi/src/ieee488.c **** }
 106:libscpi/src/ieee488.c **** 
 107:libscpi/src/ieee488.c **** /**
 108:libscpi/src/ieee488.c ****  * Set register value
 109:libscpi/src/ieee488.c ****  * @param name - register name
 110:libscpi/src/ieee488.c ****  * @param val - new value
 111:libscpi/src/ieee488.c ****  */
 112:libscpi/src/ieee488.c **** void SCPI_RegSet(scpi_t * context, scpi_reg_name_t name, scpi_reg_val_t val) {
 113:libscpi/src/ieee488.c ****     scpi_bool_t srq = FALSE;
 114:libscpi/src/ieee488.c ****     scpi_reg_val_t mask;
 115:libscpi/src/ieee488.c ****     scpi_reg_val_t old_val;
 116:libscpi/src/ieee488.c **** 
 117:libscpi/src/ieee488.c ****     if ((name >= SCPI_REG_COUNT) || (context == NULL)) {
 118:libscpi/src/ieee488.c ****         return;
 119:libscpi/src/ieee488.c ****     }
 120:libscpi/src/ieee488.c **** 
 121:libscpi/src/ieee488.c ****     /* store old register value */
 122:libscpi/src/ieee488.c ****     old_val = context->registers[name];
 123:libscpi/src/ieee488.c **** 
 124:libscpi/src/ieee488.c ****     /* set register value */
 125:libscpi/src/ieee488.c ****     context->registers[name] = val;
 126:libscpi/src/ieee488.c **** 
 127:libscpi/src/ieee488.c ****     /** @TODO: remove recutsion */
 128:libscpi/src/ieee488.c ****     switch (name) {
 129:libscpi/src/ieee488.c ****         case SCPI_REG_STB:
 130:libscpi/src/ieee488.c ****             mask = SCPI_RegGet(context, SCPI_REG_SRE);
 131:libscpi/src/ieee488.c ****             mask &= ~STB_SRQ;
 132:libscpi/src/ieee488.c ****             if (val & mask) {
 133:libscpi/src/ieee488.c ****                 val |= STB_SRQ;
 134:libscpi/src/ieee488.c ****                 /* avoid sending SRQ if nothing has changed */
 135:libscpi/src/ieee488.c ****                 if (old_val != val) {
 136:libscpi/src/ieee488.c ****                     srq = TRUE;
 137:libscpi/src/ieee488.c ****                 }
 138:libscpi/src/ieee488.c ****             } else {
 139:libscpi/src/ieee488.c ****                 val &= ~STB_SRQ;
 140:libscpi/src/ieee488.c ****             }
 141:libscpi/src/ieee488.c ****             break;
 142:libscpi/src/ieee488.c ****         case SCPI_REG_SRE:
 143:libscpi/src/ieee488.c ****             regUpdate(context, SCPI_REG_STB);
 144:libscpi/src/ieee488.c ****             break;
 145:libscpi/src/ieee488.c ****         case SCPI_REG_ESR:
 146:libscpi/src/ieee488.c ****             regUpdateSTB(context, val, SCPI_REG_ESE, STB_ESR);
 147:libscpi/src/ieee488.c ****             break;
 148:libscpi/src/ieee488.c ****         case SCPI_REG_ESE:
 149:libscpi/src/ieee488.c ****             regUpdate(context, SCPI_REG_ESR);
 150:libscpi/src/ieee488.c ****             break;
 151:libscpi/src/ieee488.c ****         case SCPI_REG_QUES:
 152:libscpi/src/ieee488.c ****             regUpdateSTB(context, val, SCPI_REG_QUESE, STB_QES);
 153:libscpi/src/ieee488.c ****             break;
 154:libscpi/src/ieee488.c ****         case SCPI_REG_QUESE:
 155:libscpi/src/ieee488.c ****             regUpdate(context, SCPI_REG_QUES);
 156:libscpi/src/ieee488.c ****             break;
 157:libscpi/src/ieee488.c ****         case SCPI_REG_QUESC:
 158:libscpi/src/ieee488.c ****             regUpdateEvent(context, old_val, val, SCPI_REG_QUES);
 159:libscpi/src/ieee488.c ****             break;
 160:libscpi/src/ieee488.c ****         case SCPI_REG_OPER:
ARM GAS  /tmp/ccxTSYq4.s 			page 5


 161:libscpi/src/ieee488.c ****             regUpdateSTB(context, val, SCPI_REG_OPERE, STB_OPS);
 162:libscpi/src/ieee488.c ****             break;
 163:libscpi/src/ieee488.c ****         case SCPI_REG_OPERE:
 164:libscpi/src/ieee488.c ****             regUpdate(context, SCPI_REG_OPER);
 165:libscpi/src/ieee488.c ****             break;
 166:libscpi/src/ieee488.c ****         case SCPI_REG_OPERC:
 167:libscpi/src/ieee488.c ****             regUpdateEvent(context, old_val, val, SCPI_REG_OPER);
 168:libscpi/src/ieee488.c ****             break;
 169:libscpi/src/ieee488.c **** 
 170:libscpi/src/ieee488.c **** 
 171:libscpi/src/ieee488.c ****         case SCPI_REG_COUNT:
 172:libscpi/src/ieee488.c ****             /* nothing to do */
 173:libscpi/src/ieee488.c ****             break;
 174:libscpi/src/ieee488.c ****     }
 175:libscpi/src/ieee488.c **** 
 176:libscpi/src/ieee488.c ****     /* set updated register value */
 177:libscpi/src/ieee488.c ****     context->registers[name] = val;
 178:libscpi/src/ieee488.c **** 
 179:libscpi/src/ieee488.c ****     if (srq) {
 180:libscpi/src/ieee488.c ****         writeControl(context, SCPI_CTRL_SRQ, SCPI_RegGet(context, SCPI_REG_STB));
 181:libscpi/src/ieee488.c ****     }
 182:libscpi/src/ieee488.c **** }
 183:libscpi/src/ieee488.c **** 
 184:libscpi/src/ieee488.c **** /**
 185:libscpi/src/ieee488.c ****  * Set register bits
 186:libscpi/src/ieee488.c ****  * @param name - register name
 187:libscpi/src/ieee488.c ****  * @param bits bit mask
 188:libscpi/src/ieee488.c ****  */
 189:libscpi/src/ieee488.c **** void SCPI_RegSetBits(scpi_t * context, scpi_reg_name_t name, scpi_reg_val_t bits) {
 190:libscpi/src/ieee488.c ****     SCPI_RegSet(context, name, SCPI_RegGet(context, name) | bits);
 191:libscpi/src/ieee488.c **** }
 192:libscpi/src/ieee488.c **** 
 193:libscpi/src/ieee488.c **** /**
 194:libscpi/src/ieee488.c ****  * Clear register bits
 195:libscpi/src/ieee488.c ****  * @param name - register name
 196:libscpi/src/ieee488.c ****  * @param bits bit mask
 197:libscpi/src/ieee488.c ****  */
 198:libscpi/src/ieee488.c **** void SCPI_RegClearBits(scpi_t * context, scpi_reg_name_t name, scpi_reg_val_t bits) {
  72              		.loc 1 198 85 is_stmt 1 view -0
  73              		.cfi_startproc
  74              		@ args = 0, pretend = 0, frame = 0
  75              		@ frame_needed = 0, uses_anonymous_args = 0
 199:libscpi/src/ieee488.c ****     SCPI_RegSet(context, name, SCPI_RegGet(context, name) & ~bits);
  76              		.loc 1 199 5 view .LVU11
 198:libscpi/src/ieee488.c ****     SCPI_RegSet(context, name, SCPI_RegGet(context, name) & ~bits);
  77              		.loc 1 198 85 is_stmt 0 view .LVU12
  78 0000 10B5     		push	{r4, lr}
  79              	.LCFI0:
  80              		.cfi_def_cfa_offset 8
  81              		.cfi_offset 4, -8
  82              		.cfi_offset 14, -4
 198:libscpi/src/ieee488.c ****     SCPI_RegSet(context, name, SCPI_RegGet(context, name) & ~bits);
  83              		.loc 1 198 85 view .LVU13
  84 0002 0346     		mov	r3, r0
  85 0004 0C46     		mov	r4, r1
  86              		.loc 1 199 32 view .LVU14
  87 0006 FFF7FEFF 		bl	SCPI_RegGet
ARM GAS  /tmp/ccxTSYq4.s 			page 6


  88              	.LVL6:
  89              		.loc 1 199 59 view .LVU15
  90 000a 20EA0202 		bic	r2, r0, r2
  91              	.LVL7:
  92              		.loc 1 199 5 view .LVU16
  93 000e 2146     		mov	r1, r4
  94 0010 92B2     		uxth	r2, r2
 200:libscpi/src/ieee488.c **** }
  95              		.loc 1 200 1 view .LVU17
  96 0012 BDE81040 		pop	{r4, lr}
  97              	.LCFI1:
  98              		.cfi_restore 14
  99              		.cfi_restore 4
 100              		.cfi_def_cfa_offset 0
 199:libscpi/src/ieee488.c ****     SCPI_RegSet(context, name, SCPI_RegGet(context, name) & ~bits);
 101              		.loc 1 199 5 view .LVU18
 102 0016 1846     		mov	r0, r3
 103 0018 FFF7FEBF 		b	SCPI_RegSet
 104              	.LVL8:
 199:libscpi/src/ieee488.c ****     SCPI_RegSet(context, name, SCPI_RegGet(context, name) & ~bits);
 105              		.loc 1 199 5 view .LVU19
 106              		.cfi_endproc
 107              	.LFE10:
 109              		.section	.text.regUpdateSTB,"ax",%progbits
 110              		.align	1
 111              		.syntax unified
 112              		.thumb
 113              		.thumb_func
 114              		.fpu fpv4-sp-d16
 116              	regUpdateSTB:
 117              	.LVL9:
 118              	.LFB5:
  72:libscpi/src/ieee488.c ****     if (val & SCPI_RegGet(context, mask)) {
 119              		.loc 1 72 110 is_stmt 1 view -0
 120              		.cfi_startproc
 121              		@ args = 0, pretend = 0, frame = 0
 122              		@ frame_needed = 0, uses_anonymous_args = 0
  73:libscpi/src/ieee488.c ****         SCPI_RegSetBits(context, SCPI_REG_STB, stbBits);
 123              		.loc 1 73 5 view .LVU21
  72:libscpi/src/ieee488.c ****     if (val & SCPI_RegGet(context, mask)) {
 124              		.loc 1 72 110 is_stmt 0 view .LVU22
 125 0000 38B5     		push	{r3, r4, r5, lr}
 126              	.LCFI2:
 127              		.cfi_def_cfa_offset 16
 128              		.cfi_offset 3, -16
 129              		.cfi_offset 4, -12
 130              		.cfi_offset 5, -8
 131              		.cfi_offset 14, -4
  72:libscpi/src/ieee488.c ****     if (val & SCPI_RegGet(context, mask)) {
 132              		.loc 1 72 110 view .LVU23
 133 0002 0D46     		mov	r5, r1
 134 0004 1146     		mov	r1, r2
 135              	.LVL10:
  72:libscpi/src/ieee488.c ****     if (val & SCPI_RegGet(context, mask)) {
 136              		.loc 1 72 110 view .LVU24
 137 0006 0446     		mov	r4, r0
 138 0008 1A46     		mov	r2, r3
ARM GAS  /tmp/ccxTSYq4.s 			page 7


 139              	.LVL11:
  73:libscpi/src/ieee488.c ****         SCPI_RegSetBits(context, SCPI_REG_STB, stbBits);
 140              		.loc 1 73 15 view .LVU25
 141 000a FFF7FEFF 		bl	SCPI_RegGet
 142              	.LVL12:
  73:libscpi/src/ieee488.c ****         SCPI_RegSetBits(context, SCPI_REG_STB, stbBits);
 143              		.loc 1 73 8 view .LVU26
 144 000e 10EA0501 		ands	r1, r0, r5
 145 0012 05D0     		beq	.L7
  74:libscpi/src/ieee488.c ****     } else {
 146              		.loc 1 74 9 is_stmt 1 view .LVU27
 147 0014 2046     		mov	r0, r4
 148 0016 0021     		movs	r1, #0
  78:libscpi/src/ieee488.c **** 
 149              		.loc 1 78 1 is_stmt 0 view .LVU28
 150 0018 BDE83840 		pop	{r3, r4, r5, lr}
 151              	.LCFI3:
 152              		.cfi_remember_state
 153              		.cfi_restore 14
 154              		.cfi_restore 5
 155              		.cfi_restore 4
 156              		.cfi_restore 3
 157              		.cfi_def_cfa_offset 0
 158              	.LVL13:
  74:libscpi/src/ieee488.c ****     } else {
 159              		.loc 1 74 9 view .LVU29
 160 001c FFF7FEBF 		b	SCPI_RegSetBits
 161              	.LVL14:
 162              	.L7:
 163              	.LCFI4:
 164              		.cfi_restore_state
  76:libscpi/src/ieee488.c ****     }
 165              		.loc 1 76 9 is_stmt 1 view .LVU30
 166 0020 2046     		mov	r0, r4
  78:libscpi/src/ieee488.c **** 
 167              		.loc 1 78 1 is_stmt 0 view .LVU31
 168 0022 BDE83840 		pop	{r3, r4, r5, lr}
 169              	.LCFI5:
 170              		.cfi_restore 14
 171              		.cfi_restore 5
 172              		.cfi_restore 4
 173              		.cfi_restore 3
 174              		.cfi_def_cfa_offset 0
 175              	.LVL15:
  76:libscpi/src/ieee488.c ****     }
 176              		.loc 1 76 9 view .LVU32
 177 0026 FFF7FEBF 		b	SCPI_RegClearBits
 178              	.LVL16:
  76:libscpi/src/ieee488.c ****     }
 179              		.loc 1 76 9 view .LVU33
 180              		.cfi_endproc
 181              	.LFE5:
 183              		.section	.text.SCPI_RegSet,"ax",%progbits
 184              		.align	1
 185              		.global	SCPI_RegSet
 186              		.syntax unified
 187              		.thumb
ARM GAS  /tmp/ccxTSYq4.s 			page 8


 188              		.thumb_func
 189              		.fpu fpv4-sp-d16
 191              	SCPI_RegSet:
 192              	.LVL17:
 193              	.LFB8:
 112:libscpi/src/ieee488.c ****     scpi_bool_t srq = FALSE;
 194              		.loc 1 112 78 is_stmt 1 view -0
 195              		.cfi_startproc
 196              		@ args = 0, pretend = 0, frame = 0
 197              		@ frame_needed = 0, uses_anonymous_args = 0
 117:libscpi/src/ieee488.c ****         return;
 198              		.loc 1 117 8 is_stmt 0 view .LVU35
 199 0000 0929     		cmp	r1, #9
 112:libscpi/src/ieee488.c ****     scpi_bool_t srq = FALSE;
 200              		.loc 1 112 78 view .LVU36
 201 0002 70B5     		push	{r4, r5, r6, lr}
 202              	.LCFI6:
 203              		.cfi_def_cfa_offset 16
 204              		.cfi_offset 4, -16
 205              		.cfi_offset 5, -12
 206              		.cfi_offset 6, -8
 207              		.cfi_offset 14, -4
 112:libscpi/src/ieee488.c ****     scpi_bool_t srq = FALSE;
 208              		.loc 1 112 78 view .LVU37
 209 0004 0446     		mov	r4, r0
 113:libscpi/src/ieee488.c ****     scpi_reg_val_t mask;
 210              		.loc 1 113 5 is_stmt 1 view .LVU38
 211              	.LVL18:
 114:libscpi/src/ieee488.c ****     scpi_reg_val_t old_val;
 212              		.loc 1 114 5 view .LVU39
 115:libscpi/src/ieee488.c **** 
 213              		.loc 1 115 5 view .LVU40
 117:libscpi/src/ieee488.c ****         return;
 214              		.loc 1 117 5 view .LVU41
 112:libscpi/src/ieee488.c ****     scpi_bool_t srq = FALSE;
 215              		.loc 1 112 78 is_stmt 0 view .LVU42
 216 0006 1546     		mov	r5, r2
 117:libscpi/src/ieee488.c ****         return;
 217              		.loc 1 117 8 view .LVU43
 218 0008 5CD8     		bhi	.L8
 117:libscpi/src/ieee488.c ****         return;
 219              		.loc 1 117 34 discriminator 1 view .LVU44
 220 000a 0028     		cmp	r0, #0
 221 000c 5AD0     		beq	.L8
 222              	.LVL19:
 223              	.LBB34:
 224              	.LBI34:
 112:libscpi/src/ieee488.c ****     scpi_bool_t srq = FALSE;
 225              		.loc 1 112 6 is_stmt 1 view .LVU45
 226              	.LBB35:
 122:libscpi/src/ieee488.c **** 
 227              		.loc 1 122 5 view .LVU46
 228 000e 00EB4106 		add	r6, r0, r1, lsl #1
 229 0012 0139     		subs	r1, r1, #1
 230              	.LVL20:
 122:libscpi/src/ieee488.c **** 
 231              		.loc 1 122 13 is_stmt 0 view .LVU47
ARM GAS  /tmp/ccxTSYq4.s 			page 9


 232 0014 B6F84830 		ldrh	r3, [r6, #72]
 233              	.LVL21:
 125:libscpi/src/ieee488.c **** 
 234              		.loc 1 125 5 is_stmt 1 view .LVU48
 125:libscpi/src/ieee488.c **** 
 235              		.loc 1 125 30 is_stmt 0 view .LVU49
 236 0018 A6F84820 		strh	r2, [r6, #72]	@ movhi
 128:libscpi/src/ieee488.c ****         case SCPI_REG_STB:
 237              		.loc 1 128 5 is_stmt 1 view .LVU50
 238 001c 0829     		cmp	r1, #8
 239 001e 06D8     		bhi	.L12
 240 0020 DFE801F0 		tbb	[pc, r1]
 241              	.LVL22:
 242              	.L14:
 243 0024 24       		.byte	(.L22-.L14)/2
 244 0025 29       		.byte	(.L21-.L14)/2
 245 0026 31       		.byte	(.L20-.L14)/2
 246 0027 43       		.byte	(.L19-.L14)/2
 247 0028 46       		.byte	(.L18-.L14)/2
 248 0029 48       		.byte	(.L17-.L14)/2
 249 002a 33       		.byte	(.L16-.L14)/2
 250 002b 36       		.byte	(.L15-.L14)/2
 251 002c 38       		.byte	(.L13-.L14)/2
 252 002d 00       		.p2align 1
 253              	.L12:
 130:libscpi/src/ieee488.c ****             mask &= ~STB_SRQ;
 254              		.loc 1 130 13 view .LVU51
 255              	.LBB36:
 256              	.LBI36:
  85:libscpi/src/ieee488.c ****     if ((name < SCPI_REG_COUNT) && context) {
 257              		.loc 1 85 16 view .LVU52
 258              	.LBB37:
  86:libscpi/src/ieee488.c ****         return context->registers[name];
 259              		.loc 1 86 5 view .LVU53
  87:libscpi/src/ieee488.c ****     } else {
 260              		.loc 1 87 9 view .LVU54
  87:libscpi/src/ieee488.c ****     } else {
 261              		.loc 1 87 9 is_stmt 0 view .LVU55
 262              	.LBE37:
 263              	.LBE36:
 131:libscpi/src/ieee488.c ****             if (val & mask) {
 264              		.loc 1 131 13 is_stmt 1 view .LVU56
 132:libscpi/src/ieee488.c ****                 val |= STB_SRQ;
 265              		.loc 1 132 13 view .LVU57
 132:libscpi/src/ieee488.c ****                 val |= STB_SRQ;
 266              		.loc 1 132 17 is_stmt 0 view .LVU58
 267 002e B0F84A10 		ldrh	r1, [r0, #74]
 268 0032 2940     		ands	r1, r1, r5
 269 0034 21F04001 		bic	r1, r1, #64
 132:libscpi/src/ieee488.c ****                 val |= STB_SRQ;
 270              		.loc 1 132 16 view .LVU59
 271 0038 8AB2     		uxth	r2, r1
 272 003a 99B1     		cbz	r1, .L23
 133:libscpi/src/ieee488.c ****                 /* avoid sending SRQ if nothing has changed */
 273              		.loc 1 133 17 is_stmt 1 view .LVU60
 274              	.LVL23:
 133:libscpi/src/ieee488.c ****                 /* avoid sending SRQ if nothing has changed */
ARM GAS  /tmp/ccxTSYq4.s 			page 10


 275              		.loc 1 133 21 is_stmt 0 view .LVU61
 276 003c 45F04005 		orr	r5, r5, #64
 277              	.LVL24:
 135:libscpi/src/ieee488.c ****                     srq = TRUE;
 278              		.loc 1 135 17 is_stmt 1 view .LVU62
 135:libscpi/src/ieee488.c ****                     srq = TRUE;
 279              		.loc 1 135 20 is_stmt 0 view .LVU63
 280 0040 5A1B     		subs	r2, r3, r5
 281 0042 18BF     		it	ne
 282 0044 0122     		movne	r2, #1
 283              	.LVL25:
 284              	.L24:
 177:libscpi/src/ieee488.c **** 
 285              		.loc 1 177 5 is_stmt 1 view .LVU64
 177:libscpi/src/ieee488.c **** 
 286              		.loc 1 177 30 is_stmt 0 view .LVU65
 287 0046 A6F84850 		strh	r5, [r6, #72]	@ movhi
 179:libscpi/src/ieee488.c ****         writeControl(context, SCPI_CTRL_SRQ, SCPI_RegGet(context, SCPI_REG_STB));
 288              		.loc 1 179 5 is_stmt 1 view .LVU66
 179:libscpi/src/ieee488.c ****         writeControl(context, SCPI_CTRL_SRQ, SCPI_RegGet(context, SCPI_REG_STB));
 289              		.loc 1 179 8 is_stmt 0 view .LVU67
 290 004a 002A     		cmp	r2, #0
 291 004c 3AD0     		beq	.L8
 292              	.LVL26:
 180:libscpi/src/ieee488.c ****     }
 293              		.loc 1 180 9 is_stmt 1 view .LVU68
 294              	.LBB38:
 295              	.LBI38:
  85:libscpi/src/ieee488.c ****     if ((name < SCPI_REG_COUNT) && context) {
 296              		.loc 1 85 16 view .LVU69
 297              	.LBB39:
  86:libscpi/src/ieee488.c ****         return context->registers[name];
 298              		.loc 1 86 5 view .LVU70
  87:libscpi/src/ieee488.c ****     } else {
 299              		.loc 1 87 9 view .LVU71
  87:libscpi/src/ieee488.c ****     } else {
 300              		.loc 1 87 9 is_stmt 0 view .LVU72
 301              	.LBE39:
 302              	.LBE38:
 303              	.LBB40:
 304              	.LBI40:
  99:libscpi/src/ieee488.c ****     if (context && context->interface && context->interface->control) {
 305              		.loc 1 99 15 is_stmt 1 view .LVU73
 306              	.LBB41:
 100:libscpi/src/ieee488.c ****         return context->interface->control(context, ctrl, val);
 307              		.loc 1 100 5 view .LVU74
 100:libscpi/src/ieee488.c ****         return context->interface->control(context, ctrl, val);
 308              		.loc 1 100 27 is_stmt 0 view .LVU75
 309 004e E36A     		ldr	r3, [r4, #44]
 100:libscpi/src/ieee488.c ****         return context->interface->control(context, ctrl, val);
 310              		.loc 1 100 17 view .LVU76
 311 0050 C3B3     		cbz	r3, .L8
 100:libscpi/src/ieee488.c ****         return context->interface->control(context, ctrl, val);
 312              		.loc 1 100 60 view .LVU77
 313 0052 9B68     		ldr	r3, [r3, #8]
 100:libscpi/src/ieee488.c ****         return context->interface->control(context, ctrl, val);
 314              		.loc 1 100 39 view .LVU78
ARM GAS  /tmp/ccxTSYq4.s 			page 11


 315 0054 B3B3     		cbz	r3, .L8
 101:libscpi/src/ieee488.c ****     } else {
 316              		.loc 1 101 9 is_stmt 1 view .LVU79
 101:libscpi/src/ieee488.c ****     } else {
 317              		.loc 1 101 16 is_stmt 0 view .LVU80
 318 0056 B4F84820 		ldrh	r2, [r4, #72]
 319 005a 2046     		mov	r0, r4
 320 005c 0121     		movs	r1, #1
 321              	.LBE41:
 322              	.LBE40:
 323              	.LBE35:
 324              	.LBE34:
 182:libscpi/src/ieee488.c **** 
 325              		.loc 1 182 1 view .LVU81
 326 005e BDE87040 		pop	{r4, r5, r6, lr}
 327              	.LCFI7:
 328              		.cfi_remember_state
 329              		.cfi_restore 14
 330              		.cfi_restore 6
 331              		.cfi_restore 5
 332              		.cfi_restore 4
 333              		.cfi_def_cfa_offset 0
 334              	.LVL27:
 335              	.LBB57:
 336              	.LBB56:
 337              	.LBB43:
 338              	.LBB42:
 101:libscpi/src/ieee488.c ****     } else {
 339              		.loc 1 101 16 view .LVU82
 340 0062 1847     		bx	r3
 341              	.LVL28:
 342              	.L23:
 101:libscpi/src/ieee488.c ****     } else {
 343              		.loc 1 101 16 view .LVU83
 344              	.LBE42:
 345              	.LBE43:
 139:libscpi/src/ieee488.c ****             }
 346              		.loc 1 139 17 is_stmt 1 view .LVU84
 139:libscpi/src/ieee488.c ****             }
 347              		.loc 1 139 21 is_stmt 0 view .LVU85
 348 0064 25F04005 		bic	r5, r5, #64
 349              	.LVL29:
 139:libscpi/src/ieee488.c ****             }
 350              		.loc 1 139 21 view .LVU86
 351 0068 ADB2     		uxth	r5, r5
 139:libscpi/src/ieee488.c ****             }
 352              		.loc 1 139 21 view .LVU87
 353 006a ECE7     		b	.L24
 354              	.LVL30:
 355              	.L22:
 356              	.LCFI8:
 357              		.cfi_restore_state
 143:libscpi/src/ieee488.c ****             break;
 358              		.loc 1 143 13 is_stmt 1 view .LVU88
 359 006c 0021     		movs	r1, #0
 360              	.L39:
 164:libscpi/src/ieee488.c ****             break;
ARM GAS  /tmp/ccxTSYq4.s 			page 12


 361              		.loc 1 164 13 is_stmt 0 view .LVU89
 362 006e 2046     		mov	r0, r4
 363              	.LVL31:
 164:libscpi/src/ieee488.c ****             break;
 364              		.loc 1 164 13 view .LVU90
 365 0070 FFF7FEFF 		bl	regUpdate
 366              	.LVL32:
 165:libscpi/src/ieee488.c ****         case SCPI_REG_OPERC:
 367              		.loc 1 165 13 is_stmt 1 view .LVU91
 368 0074 05E0     		b	.L37
 369              	.LVL33:
 370              	.L21:
 146:libscpi/src/ieee488.c ****             break;
 371              		.loc 1 146 13 view .LVU92
 372 0076 2023     		movs	r3, #32
 373              	.LVL34:
 146:libscpi/src/ieee488.c ****             break;
 374              		.loc 1 146 13 is_stmt 0 view .LVU93
 375 0078 0322     		movs	r2, #3
 376              	.L40:
 161:libscpi/src/ieee488.c ****             break;
 377              		.loc 1 161 13 view .LVU94
 378 007a 2946     		mov	r1, r5
 379 007c 2046     		mov	r0, r4
 380              	.LVL35:
 161:libscpi/src/ieee488.c ****             break;
 381              		.loc 1 161 13 view .LVU95
 382 007e FFF7FEFF 		bl	regUpdateSTB
 383              	.LVL36:
 162:libscpi/src/ieee488.c ****         case SCPI_REG_OPERE:
 384              		.loc 1 162 13 is_stmt 1 view .LVU96
 385              	.L37:
 113:libscpi/src/ieee488.c ****     scpi_reg_val_t mask;
 386              		.loc 1 113 17 is_stmt 0 view .LVU97
 387 0082 0022     		movs	r2, #0
 388              	.LBB44:
 389              	.LBB45:
  63:libscpi/src/ieee488.c **** 
 390              		.loc 1 63 1 view .LVU98
 391 0084 DFE7     		b	.L24
 392              	.LVL37:
 393              	.L20:
  63:libscpi/src/ieee488.c **** 
 394              		.loc 1 63 1 view .LVU99
 395              	.LBE45:
 396              	.LBE44:
 149:libscpi/src/ieee488.c ****             break;
 397              		.loc 1 149 13 is_stmt 1 view .LVU100
 398 0086 0221     		movs	r1, #2
 399 0088 F1E7     		b	.L39
 400              	.L16:
 152:libscpi/src/ieee488.c ****             break;
 401              		.loc 1 152 13 view .LVU101
 402 008a 0823     		movs	r3, #8
 403              	.LVL38:
 152:libscpi/src/ieee488.c ****             break;
 404              		.loc 1 152 13 is_stmt 0 view .LVU102
ARM GAS  /tmp/ccxTSYq4.s 			page 13


 405 008c 1A46     		mov	r2, r3
 406 008e F4E7     		b	.L40
 407              	.LVL39:
 408              	.L15:
 155:libscpi/src/ieee488.c ****             break;
 409              		.loc 1 155 13 is_stmt 1 view .LVU103
 410 0090 0721     		movs	r1, #7
 411 0092 ECE7     		b	.L39
 412              	.L13:
 158:libscpi/src/ieee488.c ****             break;
 413              		.loc 1 158 13 view .LVU104
 414              	.LVL40:
 415              	.LBB50:
 416              	.LBI50:
  61:libscpi/src/ieee488.c ****     SCPI_RegSet(context, eventReg, ((oldCondVal ^ newCondVal) & newCondVal) | SCPI_RegGet(context, 
 417              		.loc 1 61 13 view .LVU105
 418              	.LBB51:
  62:libscpi/src/ieee488.c **** }
 419              		.loc 1 62 5 view .LVU106
 420              	.LBB52:
 421              	.LBI52:
  85:libscpi/src/ieee488.c ****     if ((name < SCPI_REG_COUNT) && context) {
 422              		.loc 1 85 16 view .LVU107
 423              	.LBB53:
  86:libscpi/src/ieee488.c ****         return context->registers[name];
 424              		.loc 1 86 5 view .LVU108
  87:libscpi/src/ieee488.c ****     } else {
 425              		.loc 1 87 9 view .LVU109
  87:libscpi/src/ieee488.c ****     } else {
 426              		.loc 1 87 9 is_stmt 0 view .LVU110
 427              	.LBE53:
 428              	.LBE52:
  62:libscpi/src/ieee488.c **** }
 429              		.loc 1 62 5 view .LVU111
 430 0094 25EA0302 		bic	r2, r5, r3
 431 0098 B0F85630 		ldrh	r3, [r0, #86]
 432              	.LVL41:
  62:libscpi/src/ieee488.c **** }
 433              		.loc 1 62 5 view .LVU112
 434 009c 1A43     		orrs	r2, r2, r3
 435 009e 92B2     		uxth	r2, r2
 436 00a0 0721     		movs	r1, #7
 437              	.LVL42:
 438              	.L38:
  62:libscpi/src/ieee488.c **** }
 439              		.loc 1 62 5 view .LVU113
 440              	.LBE51:
 441              	.LBE50:
 442              	.LBB54:
 443              	.LBB48:
 444 00a2 2046     		mov	r0, r4
 445              	.LVL43:
  62:libscpi/src/ieee488.c **** }
 446              		.loc 1 62 5 view .LVU114
 447 00a4 FFF7FEFF 		bl	SCPI_RegSet
 448              	.LVL44:
  62:libscpi/src/ieee488.c **** }
ARM GAS  /tmp/ccxTSYq4.s 			page 14


 449              		.loc 1 62 5 view .LVU115
 450 00a8 EBE7     		b	.L37
 451              	.LVL45:
 452              	.L19:
  62:libscpi/src/ieee488.c **** }
 453              		.loc 1 62 5 view .LVU116
 454              	.LBE48:
 455              	.LBE54:
 161:libscpi/src/ieee488.c ****             break;
 456              		.loc 1 161 13 is_stmt 1 view .LVU117
 457 00aa 8023     		movs	r3, #128
 458              	.LVL46:
 161:libscpi/src/ieee488.c ****             break;
 459              		.loc 1 161 13 is_stmt 0 view .LVU118
 460 00ac 0522     		movs	r2, #5
 461 00ae E4E7     		b	.L40
 462              	.LVL47:
 463              	.L18:
 164:libscpi/src/ieee488.c ****             break;
 464              		.loc 1 164 13 is_stmt 1 view .LVU119
 465 00b0 0421     		movs	r1, #4
 466 00b2 DCE7     		b	.L39
 467              	.L17:
 167:libscpi/src/ieee488.c ****             break;
 468              		.loc 1 167 13 view .LVU120
 469              	.LVL48:
 470              	.LBB55:
 471              	.LBI44:
  61:libscpi/src/ieee488.c ****     SCPI_RegSet(context, eventReg, ((oldCondVal ^ newCondVal) & newCondVal) | SCPI_RegGet(context, 
 472              		.loc 1 61 13 view .LVU121
 473              	.LBB49:
  62:libscpi/src/ieee488.c **** }
 474              		.loc 1 62 5 view .LVU122
 475              	.LBB46:
 476              	.LBI46:
  85:libscpi/src/ieee488.c ****     if ((name < SCPI_REG_COUNT) && context) {
 477              		.loc 1 85 16 view .LVU123
 478              	.LBB47:
  86:libscpi/src/ieee488.c ****         return context->registers[name];
 479              		.loc 1 86 5 view .LVU124
  87:libscpi/src/ieee488.c ****     } else {
 480              		.loc 1 87 9 view .LVU125
  87:libscpi/src/ieee488.c ****     } else {
 481              		.loc 1 87 9 is_stmt 0 view .LVU126
 482              	.LBE47:
 483              	.LBE46:
  62:libscpi/src/ieee488.c **** }
 484              		.loc 1 62 5 view .LVU127
 485 00b4 25EA0302 		bic	r2, r5, r3
 486 00b8 B0F85030 		ldrh	r3, [r0, #80]
 487              	.LVL49:
  62:libscpi/src/ieee488.c **** }
 488              		.loc 1 62 5 view .LVU128
 489 00bc 1A43     		orrs	r2, r2, r3
 490 00be 92B2     		uxth	r2, r2
 491 00c0 0421     		movs	r1, #4
 492 00c2 EEE7     		b	.L38
ARM GAS  /tmp/ccxTSYq4.s 			page 15


 493              	.LVL50:
 494              	.L8:
  62:libscpi/src/ieee488.c **** }
 495              		.loc 1 62 5 view .LVU129
 496              	.LBE49:
 497              	.LBE55:
 498              	.LBE56:
 499              	.LBE57:
 182:libscpi/src/ieee488.c **** 
 500              		.loc 1 182 1 view .LVU130
 501 00c4 70BD     		pop	{r4, r5, r6, pc}
 182:libscpi/src/ieee488.c **** 
 502              		.loc 1 182 1 view .LVU131
 503              		.cfi_endproc
 504              	.LFE8:
 506              		.section	.text.regUpdate,"ax",%progbits
 507              		.align	1
 508              		.syntax unified
 509              		.thumb
 510              		.thumb_func
 511              		.fpu fpv4-sp-d16
 513              	regUpdate:
 514              	.LVL51:
 515              	.LFB3:
  50:libscpi/src/ieee488.c ****     SCPI_RegSet(context, name, SCPI_RegGet(context, name));
 516              		.loc 1 50 63 is_stmt 1 view -0
 517              		.cfi_startproc
 518              		@ args = 0, pretend = 0, frame = 0
 519              		@ frame_needed = 0, uses_anonymous_args = 0
  51:libscpi/src/ieee488.c **** }
 520              		.loc 1 51 5 view .LVU133
  50:libscpi/src/ieee488.c ****     SCPI_RegSet(context, name, SCPI_RegGet(context, name));
 521              		.loc 1 50 63 is_stmt 0 view .LVU134
 522 0000 10B5     		push	{r4, lr}
 523              	.LCFI9:
 524              		.cfi_def_cfa_offset 8
 525              		.cfi_offset 4, -8
 526              		.cfi_offset 14, -4
  50:libscpi/src/ieee488.c ****     SCPI_RegSet(context, name, SCPI_RegGet(context, name));
 527              		.loc 1 50 63 view .LVU135
 528 0002 0346     		mov	r3, r0
 529 0004 0C46     		mov	r4, r1
  51:libscpi/src/ieee488.c **** }
 530              		.loc 1 51 5 view .LVU136
 531 0006 FFF7FEFF 		bl	SCPI_RegGet
 532              	.LVL52:
  51:libscpi/src/ieee488.c **** }
 533              		.loc 1 51 5 view .LVU137
 534 000a 2146     		mov	r1, r4
 535 000c 0246     		mov	r2, r0
  52:libscpi/src/ieee488.c **** 
 536              		.loc 1 52 1 view .LVU138
 537 000e BDE81040 		pop	{r4, lr}
 538              	.LCFI10:
 539              		.cfi_restore 14
 540              		.cfi_restore 4
 541              		.cfi_def_cfa_offset 0
ARM GAS  /tmp/ccxTSYq4.s 			page 16


  51:libscpi/src/ieee488.c **** }
 542              		.loc 1 51 5 view .LVU139
 543 0012 1846     		mov	r0, r3
 544 0014 FFF7FEBF 		b	SCPI_RegSet
 545              	.LVL53:
  51:libscpi/src/ieee488.c **** }
 546              		.loc 1 51 5 view .LVU140
 547              		.cfi_endproc
 548              	.LFE3:
 550              		.section	.text.SCPI_RegSetBits,"ax",%progbits
 551              		.align	1
 552              		.global	SCPI_RegSetBits
 553              		.syntax unified
 554              		.thumb
 555              		.thumb_func
 556              		.fpu fpv4-sp-d16
 558              	SCPI_RegSetBits:
 559              	.LVL54:
 560              	.LFB9:
 189:libscpi/src/ieee488.c ****     SCPI_RegSet(context, name, SCPI_RegGet(context, name) | bits);
 561              		.loc 1 189 83 is_stmt 1 view -0
 562              		.cfi_startproc
 563              		@ args = 0, pretend = 0, frame = 0
 564              		@ frame_needed = 0, uses_anonymous_args = 0
 190:libscpi/src/ieee488.c **** }
 565              		.loc 1 190 5 view .LVU142
 189:libscpi/src/ieee488.c ****     SCPI_RegSet(context, name, SCPI_RegGet(context, name) | bits);
 566              		.loc 1 189 83 is_stmt 0 view .LVU143
 567 0000 10B5     		push	{r4, lr}
 568              	.LCFI11:
 569              		.cfi_def_cfa_offset 8
 570              		.cfi_offset 4, -8
 571              		.cfi_offset 14, -4
 189:libscpi/src/ieee488.c ****     SCPI_RegSet(context, name, SCPI_RegGet(context, name) | bits);
 572              		.loc 1 189 83 view .LVU144
 573 0002 0346     		mov	r3, r0
 574 0004 0C46     		mov	r4, r1
 190:libscpi/src/ieee488.c **** }
 575              		.loc 1 190 32 view .LVU145
 576 0006 FFF7FEFF 		bl	SCPI_RegGet
 577              	.LVL55:
 190:libscpi/src/ieee488.c **** }
 578              		.loc 1 190 5 view .LVU146
 579 000a 0243     		orrs	r2, r2, r0
 580              	.LVL56:
 190:libscpi/src/ieee488.c **** }
 581              		.loc 1 190 5 view .LVU147
 582 000c 2146     		mov	r1, r4
 583 000e 92B2     		uxth	r2, r2
 191:libscpi/src/ieee488.c **** 
 584              		.loc 1 191 1 view .LVU148
 585 0010 BDE81040 		pop	{r4, lr}
 586              	.LCFI12:
 587              		.cfi_restore 14
 588              		.cfi_restore 4
 589              		.cfi_def_cfa_offset 0
 190:libscpi/src/ieee488.c **** }
ARM GAS  /tmp/ccxTSYq4.s 			page 17


 590              		.loc 1 190 5 view .LVU149
 591 0014 1846     		mov	r0, r3
 592 0016 FFF7FEBF 		b	SCPI_RegSet
 593              	.LVL57:
 190:libscpi/src/ieee488.c **** }
 594              		.loc 1 190 5 view .LVU150
 595              		.cfi_endproc
 596              	.LFE9:
 598              		.section	.text.SCPI_EventClear,"ax",%progbits
 599              		.align	1
 600              		.global	SCPI_EventClear
 601              		.syntax unified
 602              		.thumb
 603              		.thumb_func
 604              		.fpu fpv4-sp-d16
 606              	SCPI_EventClear:
 607              	.LVL58:
 608              	.LFB11:
 201:libscpi/src/ieee488.c **** 
 202:libscpi/src/ieee488.c **** /**
 203:libscpi/src/ieee488.c ****  * Clear event register
 204:libscpi/src/ieee488.c ****  * @param context
 205:libscpi/src/ieee488.c ****  */
 206:libscpi/src/ieee488.c **** void SCPI_EventClear(scpi_t * context) {
 609              		.loc 1 206 40 is_stmt 1 view -0
 610              		.cfi_startproc
 611              		@ args = 0, pretend = 0, frame = 0
 612              		@ frame_needed = 0, uses_anonymous_args = 0
 613              		@ link register save eliminated.
 207:libscpi/src/ieee488.c ****     /* TODO */
 208:libscpi/src/ieee488.c ****     SCPI_RegSet(context, SCPI_REG_ESR, 0);
 614              		.loc 1 208 5 view .LVU152
 615 0000 0022     		movs	r2, #0
 616 0002 0221     		movs	r1, #2
 617 0004 FFF7FEBF 		b	SCPI_RegSet
 618              	.LVL59:
 619              		.loc 1 208 5 is_stmt 0 view .LVU153
 620              		.cfi_endproc
 621              	.LFE11:
 623              		.section	.text.SCPI_CoreCls,"ax",%progbits
 624              		.align	1
 625              		.global	SCPI_CoreCls
 626              		.syntax unified
 627              		.thumb
 628              		.thumb_func
 629              		.fpu fpv4-sp-d16
 631              	SCPI_CoreCls:
 632              	.LVL60:
 633              	.LFB12:
 209:libscpi/src/ieee488.c **** }
 210:libscpi/src/ieee488.c **** 
 211:libscpi/src/ieee488.c **** /**
 212:libscpi/src/ieee488.c ****  * *CLS - This command clears all status data structures in a device. 
 213:libscpi/src/ieee488.c ****  *        For a device which minimally complies with SCPI. (SCPI std 4.1.3.2)
 214:libscpi/src/ieee488.c ****  * @param context
 215:libscpi/src/ieee488.c ****  * @return 
 216:libscpi/src/ieee488.c ****  */
ARM GAS  /tmp/ccxTSYq4.s 			page 18


 217:libscpi/src/ieee488.c **** scpi_result_t SCPI_CoreCls(scpi_t * context) {
 634              		.loc 1 217 46 is_stmt 1 view -0
 635              		.cfi_startproc
 636              		@ args = 0, pretend = 0, frame = 0
 637              		@ frame_needed = 0, uses_anonymous_args = 0
 218:libscpi/src/ieee488.c ****     SCPI_EventClear(context);
 638              		.loc 1 218 5 view .LVU155
 217:libscpi/src/ieee488.c ****     SCPI_EventClear(context);
 639              		.loc 1 217 46 is_stmt 0 view .LVU156
 640 0000 10B5     		push	{r4, lr}
 641              	.LCFI13:
 642              		.cfi_def_cfa_offset 8
 643              		.cfi_offset 4, -8
 644              		.cfi_offset 14, -4
 217:libscpi/src/ieee488.c ****     SCPI_EventClear(context);
 645              		.loc 1 217 46 view .LVU157
 646 0002 0446     		mov	r4, r0
 647              		.loc 1 218 5 view .LVU158
 648 0004 FFF7FEFF 		bl	SCPI_EventClear
 649              	.LVL61:
 219:libscpi/src/ieee488.c ****     SCPI_ErrorClear(context);
 650              		.loc 1 219 5 is_stmt 1 view .LVU159
 651 0008 2046     		mov	r0, r4
 652 000a FFF7FEFF 		bl	SCPI_ErrorClear
 653              	.LVL62:
 220:libscpi/src/ieee488.c ****     SCPI_RegSet(context, SCPI_REG_OPER, 0);
 654              		.loc 1 220 5 view .LVU160
 655 000e 2046     		mov	r0, r4
 656 0010 0022     		movs	r2, #0
 657 0012 0421     		movs	r1, #4
 658 0014 FFF7FEFF 		bl	SCPI_RegSet
 659              	.LVL63:
 221:libscpi/src/ieee488.c ****     SCPI_RegSet(context, SCPI_REG_QUES, 0);
 660              		.loc 1 221 5 view .LVU161
 661 0018 2046     		mov	r0, r4
 662 001a 0022     		movs	r2, #0
 663 001c 0721     		movs	r1, #7
 664 001e FFF7FEFF 		bl	SCPI_RegSet
 665              	.LVL64:
 222:libscpi/src/ieee488.c ****     return SCPI_RES_OK;
 666              		.loc 1 222 5 view .LVU162
 223:libscpi/src/ieee488.c **** }
 667              		.loc 1 223 1 is_stmt 0 view .LVU163
 668 0022 0120     		movs	r0, #1
 669 0024 10BD     		pop	{r4, pc}
 670              		.loc 1 223 1 view .LVU164
 671              		.cfi_endproc
 672              	.LFE12:
 674              		.section	.text.SCPI_CoreEse,"ax",%progbits
 675              		.align	1
 676              		.global	SCPI_CoreEse
 677              		.syntax unified
 678              		.thumb
 679              		.thumb_func
 680              		.fpu fpv4-sp-d16
 682              	SCPI_CoreEse:
 683              	.LVL65:
ARM GAS  /tmp/ccxTSYq4.s 			page 19


 684              	.LFB13:
 224:libscpi/src/ieee488.c **** 
 225:libscpi/src/ieee488.c **** /**
 226:libscpi/src/ieee488.c ****  * *ESE
 227:libscpi/src/ieee488.c ****  * @param context
 228:libscpi/src/ieee488.c ****  * @return 
 229:libscpi/src/ieee488.c ****  */
 230:libscpi/src/ieee488.c **** scpi_result_t SCPI_CoreEse(scpi_t * context) {
 685              		.loc 1 230 46 is_stmt 1 view -0
 686              		.cfi_startproc
 687              		@ args = 0, pretend = 0, frame = 8
 688              		@ frame_needed = 0, uses_anonymous_args = 0
 231:libscpi/src/ieee488.c ****     int32_t new_ESE;
 689              		.loc 1 231 5 view .LVU166
 232:libscpi/src/ieee488.c ****     if (SCPI_ParamInt32(context, &new_ESE, TRUE)) {
 690              		.loc 1 232 5 view .LVU167
 230:libscpi/src/ieee488.c ****     int32_t new_ESE;
 691              		.loc 1 230 46 is_stmt 0 view .LVU168
 692 0000 13B5     		push	{r0, r1, r4, lr}
 693              	.LCFI14:
 694              		.cfi_def_cfa_offset 16
 695              		.cfi_offset 4, -8
 696              		.cfi_offset 14, -4
 697              		.loc 1 232 9 view .LVU169
 698 0002 0122     		movs	r2, #1
 699 0004 01A9     		add	r1, sp, #4
 230:libscpi/src/ieee488.c ****     int32_t new_ESE;
 700              		.loc 1 230 46 view .LVU170
 701 0006 0446     		mov	r4, r0
 702              		.loc 1 232 9 view .LVU171
 703 0008 FFF7FEFF 		bl	SCPI_ParamInt32
 704              	.LVL66:
 705              		.loc 1 232 8 view .LVU172
 706 000c 40B1     		cbz	r0, .L47
 233:libscpi/src/ieee488.c ****         SCPI_RegSet(context, SCPI_REG_ESE, (scpi_reg_val_t) new_ESE);
 707              		.loc 1 233 9 is_stmt 1 view .LVU173
 708 000e 2046     		mov	r0, r4
 709 0010 BDF80420 		ldrh	r2, [sp, #4]
 710 0014 0321     		movs	r1, #3
 711 0016 FFF7FEFF 		bl	SCPI_RegSet
 712              	.LVL67:
 234:libscpi/src/ieee488.c ****         return SCPI_RES_OK;
 713              		.loc 1 234 9 view .LVU174
 714              		.loc 1 234 16 is_stmt 0 view .LVU175
 715 001a 0120     		movs	r0, #1
 716              	.L46:
 235:libscpi/src/ieee488.c ****     }
 236:libscpi/src/ieee488.c ****     return SCPI_RES_ERR;
 237:libscpi/src/ieee488.c **** }
 717              		.loc 1 237 1 view .LVU176
 718 001c 02B0     		add	sp, sp, #8
 719              	.LCFI15:
 720              		.cfi_remember_state
 721              		.cfi_def_cfa_offset 8
 722              		@ sp needed
 723 001e 10BD     		pop	{r4, pc}
 724              	.LVL68:
ARM GAS  /tmp/ccxTSYq4.s 			page 20


 725              	.L47:
 726              	.LCFI16:
 727              		.cfi_restore_state
 236:libscpi/src/ieee488.c **** }
 728              		.loc 1 236 12 view .LVU177
 729 0020 4FF0FF30 		mov	r0, #-1
 730 0024 FAE7     		b	.L46
 731              		.cfi_endproc
 732              	.LFE13:
 734              		.section	.text.SCPI_CoreEseQ,"ax",%progbits
 735              		.align	1
 736              		.global	SCPI_CoreEseQ
 737              		.syntax unified
 738              		.thumb
 739              		.thumb_func
 740              		.fpu fpv4-sp-d16
 742              	SCPI_CoreEseQ:
 743              	.LVL69:
 744              	.LFB14:
 238:libscpi/src/ieee488.c **** 
 239:libscpi/src/ieee488.c **** /**
 240:libscpi/src/ieee488.c ****  * *ESE?
 241:libscpi/src/ieee488.c ****  * @param context
 242:libscpi/src/ieee488.c ****  * @return 
 243:libscpi/src/ieee488.c ****  */
 244:libscpi/src/ieee488.c **** scpi_result_t SCPI_CoreEseQ(scpi_t * context) {
 745              		.loc 1 244 47 is_stmt 1 view -0
 746              		.cfi_startproc
 747              		@ args = 0, pretend = 0, frame = 0
 748              		@ frame_needed = 0, uses_anonymous_args = 0
 245:libscpi/src/ieee488.c ****     SCPI_ResultInt32(context, SCPI_RegGet(context, SCPI_REG_ESE));
 749              		.loc 1 245 5 view .LVU179
 750              	.LBB58:
 751              	.LBI58:
  85:libscpi/src/ieee488.c ****     if ((name < SCPI_REG_COUNT) && context) {
 752              		.loc 1 85 16 view .LVU180
 753              	.LBB59:
  86:libscpi/src/ieee488.c ****         return context->registers[name];
 754              		.loc 1 86 5 view .LVU181
 755              	.LBE59:
 756              	.LBE58:
 244:libscpi/src/ieee488.c ****     SCPI_ResultInt32(context, SCPI_RegGet(context, SCPI_REG_ESE));
 757              		.loc 1 244 47 is_stmt 0 view .LVU182
 758 0000 08B5     		push	{r3, lr}
 759              	.LCFI17:
 760              		.cfi_def_cfa_offset 8
 761              		.cfi_offset 3, -8
 762              		.cfi_offset 14, -4
 763              	.LBB62:
 764              	.LBB60:
  86:libscpi/src/ieee488.c ****         return context->registers[name];
 765              		.loc 1 86 33 view .LVU183
 766 0002 28B1     		cbz	r0, .L50
  87:libscpi/src/ieee488.c ****     } else {
 767              		.loc 1 87 9 is_stmt 1 view .LVU184
  87:libscpi/src/ieee488.c ****     } else {
 768              		.loc 1 87 34 is_stmt 0 view .LVU185
ARM GAS  /tmp/ccxTSYq4.s 			page 21


 769 0004 B0F84E10 		ldrh	r1, [r0, #78]
 770              	.L49:
 771              	.LVL70:
  87:libscpi/src/ieee488.c ****     } else {
 772              		.loc 1 87 34 view .LVU186
 773              	.LBE60:
 774              	.LBE62:
 775              		.loc 1 245 5 view .LVU187
 776 0008 FFF7FEFF 		bl	SCPI_ResultInt32
 777              	.LVL71:
 246:libscpi/src/ieee488.c ****     return SCPI_RES_OK;
 778              		.loc 1 246 5 is_stmt 1 view .LVU188
 247:libscpi/src/ieee488.c **** }
 779              		.loc 1 247 1 is_stmt 0 view .LVU189
 780 000c 0120     		movs	r0, #1
 781 000e 08BD     		pop	{r3, pc}
 782              	.LVL72:
 783              	.L50:
 784              	.LBB63:
 785              	.LBB61:
  89:libscpi/src/ieee488.c ****     }
 786              		.loc 1 89 16 view .LVU190
 787 0010 0146     		mov	r1, r0
 788 0012 F9E7     		b	.L49
 789              	.LBE61:
 790              	.LBE63:
 791              		.cfi_endproc
 792              	.LFE14:
 794              		.section	.text.SCPI_CoreEsrQ,"ax",%progbits
 795              		.align	1
 796              		.global	SCPI_CoreEsrQ
 797              		.syntax unified
 798              		.thumb
 799              		.thumb_func
 800              		.fpu fpv4-sp-d16
 802              	SCPI_CoreEsrQ:
 803              	.LVL73:
 804              	.LFB15:
 248:libscpi/src/ieee488.c **** 
 249:libscpi/src/ieee488.c **** /**
 250:libscpi/src/ieee488.c ****  * *ESR?
 251:libscpi/src/ieee488.c ****  * @param context
 252:libscpi/src/ieee488.c ****  * @return 
 253:libscpi/src/ieee488.c ****  */
 254:libscpi/src/ieee488.c **** scpi_result_t SCPI_CoreEsrQ(scpi_t * context) {
 805              		.loc 1 254 47 is_stmt 1 view -0
 806              		.cfi_startproc
 807              		@ args = 0, pretend = 0, frame = 0
 808              		@ frame_needed = 0, uses_anonymous_args = 0
 255:libscpi/src/ieee488.c ****     SCPI_ResultInt32(context, SCPI_RegGet(context, SCPI_REG_ESR));
 809              		.loc 1 255 5 view .LVU192
 810              	.LBB64:
 811              	.LBI64:
  85:libscpi/src/ieee488.c ****     if ((name < SCPI_REG_COUNT) && context) {
 812              		.loc 1 85 16 view .LVU193
 813              	.LBB65:
  86:libscpi/src/ieee488.c ****         return context->registers[name];
ARM GAS  /tmp/ccxTSYq4.s 			page 22


 814              		.loc 1 86 5 view .LVU194
 815              	.LBE65:
 816              	.LBE64:
 254:libscpi/src/ieee488.c ****     SCPI_ResultInt32(context, SCPI_RegGet(context, SCPI_REG_ESR));
 817              		.loc 1 254 47 is_stmt 0 view .LVU195
 818 0000 10B5     		push	{r4, lr}
 819              	.LCFI18:
 820              		.cfi_def_cfa_offset 8
 821              		.cfi_offset 4, -8
 822              		.cfi_offset 14, -4
 823              	.LBB68:
 824              	.LBB66:
  86:libscpi/src/ieee488.c ****         return context->registers[name];
 825              		.loc 1 86 33 view .LVU196
 826 0002 0446     		mov	r4, r0
 827 0004 58B1     		cbz	r0, .L53
  87:libscpi/src/ieee488.c ****     } else {
 828              		.loc 1 87 9 is_stmt 1 view .LVU197
  87:libscpi/src/ieee488.c ****     } else {
 829              		.loc 1 87 34 is_stmt 0 view .LVU198
 830 0006 B0F84C10 		ldrh	r1, [r0, #76]
 831              	.L52:
 832              	.LVL74:
  87:libscpi/src/ieee488.c ****     } else {
 833              		.loc 1 87 34 view .LVU199
 834              	.LBE66:
 835              	.LBE68:
 836              		.loc 1 255 5 view .LVU200
 837 000a 2046     		mov	r0, r4
 838              	.LVL75:
 839              		.loc 1 255 5 view .LVU201
 840 000c FFF7FEFF 		bl	SCPI_ResultInt32
 841              	.LVL76:
 256:libscpi/src/ieee488.c ****     SCPI_RegSet(context, SCPI_REG_ESR, 0);
 842              		.loc 1 256 5 is_stmt 1 view .LVU202
 843 0010 2046     		mov	r0, r4
 844 0012 0022     		movs	r2, #0
 845 0014 0221     		movs	r1, #2
 846 0016 FFF7FEFF 		bl	SCPI_RegSet
 847              	.LVL77:
 257:libscpi/src/ieee488.c ****     return SCPI_RES_OK;
 848              		.loc 1 257 5 view .LVU203
 258:libscpi/src/ieee488.c **** }
 849              		.loc 1 258 1 is_stmt 0 view .LVU204
 850 001a 0120     		movs	r0, #1
 851 001c 10BD     		pop	{r4, pc}
 852              	.LVL78:
 853              	.L53:
 854              	.LBB69:
 855              	.LBB67:
  89:libscpi/src/ieee488.c ****     }
 856              		.loc 1 89 16 view .LVU205
 857 001e 0146     		mov	r1, r0
 858 0020 F3E7     		b	.L52
 859              	.LBE67:
 860              	.LBE69:
 861              		.cfi_endproc
ARM GAS  /tmp/ccxTSYq4.s 			page 23


 862              	.LFE15:
 864              		.section	.rodata.SCPI_CoreIdnQ.str1.1,"aMS",%progbits,1
 865              	.LC0:
 866 0000 3000     		.ascii	"0\000"
 867              		.section	.text.SCPI_CoreIdnQ,"ax",%progbits
 868              		.align	1
 869              		.global	SCPI_CoreIdnQ
 870              		.syntax unified
 871              		.thumb
 872              		.thumb_func
 873              		.fpu fpv4-sp-d16
 875              	SCPI_CoreIdnQ:
 876              	.LVL79:
 877              	.LFB16:
 259:libscpi/src/ieee488.c **** 
 260:libscpi/src/ieee488.c **** /**
 261:libscpi/src/ieee488.c ****  * *IDN?
 262:libscpi/src/ieee488.c ****  * 
 263:libscpi/src/ieee488.c ****  * field1: MANUFACTURE
 264:libscpi/src/ieee488.c ****  * field2: MODEL
 265:libscpi/src/ieee488.c ****  * field4: SUBSYSTEMS REVISIONS
 266:libscpi/src/ieee488.c ****  * 
 267:libscpi/src/ieee488.c ****  * example: MANUFACTURE,MODEL,0,01-02-01
 268:libscpi/src/ieee488.c ****  * @param context
 269:libscpi/src/ieee488.c ****  * @return 
 270:libscpi/src/ieee488.c ****  */
 271:libscpi/src/ieee488.c **** scpi_result_t SCPI_CoreIdnQ(scpi_t * context) {
 878              		.loc 1 271 47 is_stmt 1 view -0
 879              		.cfi_startproc
 880              		@ args = 0, pretend = 0, frame = 8
 881              		@ frame_needed = 0, uses_anonymous_args = 0
 272:libscpi/src/ieee488.c ****     int i;
 882              		.loc 1 272 5 view .LVU207
 273:libscpi/src/ieee488.c ****     for (i = 0; i < 4; i++) {
 883              		.loc 1 273 5 view .LVU208
 884              		.loc 1 273 17 view .LVU209
 271:libscpi/src/ieee488.c ****     int i;
 885              		.loc 1 271 47 is_stmt 0 view .LVU210
 886 0000 F7B5     		push	{r0, r1, r2, r4, r5, r6, r7, lr}
 887              	.LCFI19:
 888              		.cfi_def_cfa_offset 32
 889              		.cfi_offset 4, -20
 890              		.cfi_offset 5, -16
 891              		.cfi_offset 6, -12
 892              		.cfi_offset 7, -8
 893              		.cfi_offset 14, -4
 274:libscpi/src/ieee488.c ****         if (context->idn[i]) {
 275:libscpi/src/ieee488.c ****             SCPI_ResultMnemonic(context, context->idn[i]);
 276:libscpi/src/ieee488.c ****         } else {
 277:libscpi/src/ieee488.c ****             SCPI_ResultMnemonic(context, "0");
 894              		.loc 1 277 13 view .LVU211
 895 0002 0D4F     		ldr	r7, .L60
 271:libscpi/src/ieee488.c ****     int i;
 896              		.loc 1 271 47 view .LVU212
 897 0004 0446     		mov	r4, r0
 898 0006 00F18405 		add	r5, r0, #132
 899 000a 00F19406 		add	r6, r0, #148
ARM GAS  /tmp/ccxTSYq4.s 			page 24


 900              	.LVL80:
 901              	.L57:
 274:libscpi/src/ieee488.c ****         if (context->idn[i]) {
 902              		.loc 1 274 9 is_stmt 1 view .LVU213
 274:libscpi/src/ieee488.c ****         if (context->idn[i]) {
 903              		.loc 1 274 25 is_stmt 0 view .LVU214
 904 000e 55F8041B 		ldr	r1, [r5], #4
 274:libscpi/src/ieee488.c ****         if (context->idn[i]) {
 905              		.loc 1 274 12 view .LVU215
 906 0012 69B1     		cbz	r1, .L55
 275:libscpi/src/ieee488.c ****         } else {
 907              		.loc 1 275 13 is_stmt 1 view .LVU216
 908 0014 0846     		mov	r0, r1
 909 0016 0191     		str	r1, [sp, #4]
 910 0018 FFF7FEFF 		bl	strlen
 911              	.LVL81:
 912 001c 0199     		ldr	r1, [sp, #4]
 913 001e 0246     		mov	r2, r0
 914              	.L59:
 915              		.loc 1 277 13 is_stmt 0 view .LVU217
 916 0020 2046     		mov	r0, r4
 917 0022 FFF7FEFF 		bl	SCPI_ResultCharacters
 918              	.LVL82:
 273:libscpi/src/ieee488.c ****         if (context->idn[i]) {
 919              		.loc 1 273 24 is_stmt 1 view .LVU218
 273:libscpi/src/ieee488.c ****         if (context->idn[i]) {
 920              		.loc 1 273 17 view .LVU219
 273:libscpi/src/ieee488.c ****         if (context->idn[i]) {
 921              		.loc 1 273 5 is_stmt 0 view .LVU220
 922 0026 B542     		cmp	r5, r6
 923 0028 F1D1     		bne	.L57
 278:libscpi/src/ieee488.c ****         }
 279:libscpi/src/ieee488.c ****     }
 280:libscpi/src/ieee488.c ****     return SCPI_RES_OK;
 924              		.loc 1 280 5 is_stmt 1 view .LVU221
 281:libscpi/src/ieee488.c **** }
 925              		.loc 1 281 1 is_stmt 0 view .LVU222
 926 002a 0120     		movs	r0, #1
 927 002c 03B0     		add	sp, sp, #12
 928              	.LCFI20:
 929              		.cfi_remember_state
 930              		.cfi_def_cfa_offset 20
 931              		@ sp needed
 932 002e F0BD     		pop	{r4, r5, r6, r7, pc}
 933              	.LVL83:
 934              	.L55:
 935              	.LCFI21:
 936              		.cfi_restore_state
 277:libscpi/src/ieee488.c ****         }
 937              		.loc 1 277 13 is_stmt 1 view .LVU223
 938 0030 0122     		movs	r2, #1
 939 0032 3946     		mov	r1, r7
 940 0034 F4E7     		b	.L59
 941              	.L61:
 942 0036 00BF     		.align	2
 943              	.L60:
 944 0038 00000000 		.word	.LC0
ARM GAS  /tmp/ccxTSYq4.s 			page 25


 945              		.cfi_endproc
 946              	.LFE16:
 948              		.section	.text.SCPI_CoreOpc,"ax",%progbits
 949              		.align	1
 950              		.global	SCPI_CoreOpc
 951              		.syntax unified
 952              		.thumb
 953              		.thumb_func
 954              		.fpu fpv4-sp-d16
 956              	SCPI_CoreOpc:
 957              	.LVL84:
 958              	.LFB17:
 282:libscpi/src/ieee488.c **** 
 283:libscpi/src/ieee488.c **** /**
 284:libscpi/src/ieee488.c ****  * *OPC
 285:libscpi/src/ieee488.c ****  * @param context
 286:libscpi/src/ieee488.c ****  * @return 
 287:libscpi/src/ieee488.c ****  */
 288:libscpi/src/ieee488.c **** scpi_result_t SCPI_CoreOpc(scpi_t * context) {
 959              		.loc 1 288 46 view -0
 960              		.cfi_startproc
 961              		@ args = 0, pretend = 0, frame = 0
 962              		@ frame_needed = 0, uses_anonymous_args = 0
 289:libscpi/src/ieee488.c ****     SCPI_RegSetBits(context, SCPI_REG_ESR, ESR_OPC);
 963              		.loc 1 289 5 view .LVU225
 288:libscpi/src/ieee488.c ****     SCPI_RegSetBits(context, SCPI_REG_ESR, ESR_OPC);
 964              		.loc 1 288 46 is_stmt 0 view .LVU226
 965 0000 08B5     		push	{r3, lr}
 966              	.LCFI22:
 967              		.cfi_def_cfa_offset 8
 968              		.cfi_offset 3, -8
 969              		.cfi_offset 14, -4
 970              		.loc 1 289 5 view .LVU227
 971 0002 0122     		movs	r2, #1
 972 0004 0221     		movs	r1, #2
 973 0006 FFF7FEFF 		bl	SCPI_RegSetBits
 974              	.LVL85:
 290:libscpi/src/ieee488.c ****     return SCPI_RES_OK;
 975              		.loc 1 290 5 is_stmt 1 view .LVU228
 291:libscpi/src/ieee488.c **** }
 976              		.loc 1 291 1 is_stmt 0 view .LVU229
 977 000a 0120     		movs	r0, #1
 978 000c 08BD     		pop	{r3, pc}
 979              		.cfi_endproc
 980              	.LFE17:
 982              		.section	.text.SCPI_CoreOpcQ,"ax",%progbits
 983              		.align	1
 984              		.global	SCPI_CoreOpcQ
 985              		.syntax unified
 986              		.thumb
 987              		.thumb_func
 988              		.fpu fpv4-sp-d16
 990              	SCPI_CoreOpcQ:
 991              	.LVL86:
 992              	.LFB18:
 292:libscpi/src/ieee488.c **** 
 293:libscpi/src/ieee488.c **** /**
ARM GAS  /tmp/ccxTSYq4.s 			page 26


 294:libscpi/src/ieee488.c ****  * *OPC?
 295:libscpi/src/ieee488.c ****  * @param context
 296:libscpi/src/ieee488.c ****  * @return 
 297:libscpi/src/ieee488.c ****  */
 298:libscpi/src/ieee488.c **** scpi_result_t SCPI_CoreOpcQ(scpi_t * context) {
 993              		.loc 1 298 47 is_stmt 1 view -0
 994              		.cfi_startproc
 995              		@ args = 0, pretend = 0, frame = 0
 996              		@ frame_needed = 0, uses_anonymous_args = 0
 299:libscpi/src/ieee488.c ****     /* Operation is always completed */
 300:libscpi/src/ieee488.c ****     SCPI_ResultInt32(context, 1);
 997              		.loc 1 300 5 view .LVU231
 298:libscpi/src/ieee488.c ****     /* Operation is always completed */
 998              		.loc 1 298 47 is_stmt 0 view .LVU232
 999 0000 08B5     		push	{r3, lr}
 1000              	.LCFI23:
 1001              		.cfi_def_cfa_offset 8
 1002              		.cfi_offset 3, -8
 1003              		.cfi_offset 14, -4
 1004              		.loc 1 300 5 view .LVU233
 1005 0002 0121     		movs	r1, #1
 1006 0004 FFF7FEFF 		bl	SCPI_ResultInt32
 1007              	.LVL87:
 301:libscpi/src/ieee488.c ****     return SCPI_RES_OK;
 1008              		.loc 1 301 5 is_stmt 1 view .LVU234
 302:libscpi/src/ieee488.c **** }
 1009              		.loc 1 302 1 is_stmt 0 view .LVU235
 1010 0008 0120     		movs	r0, #1
 1011 000a 08BD     		pop	{r3, pc}
 1012              		.cfi_endproc
 1013              	.LFE18:
 1015              		.section	.text.SCPI_CoreRst,"ax",%progbits
 1016              		.align	1
 1017              		.global	SCPI_CoreRst
 1018              		.syntax unified
 1019              		.thumb
 1020              		.thumb_func
 1021              		.fpu fpv4-sp-d16
 1023              	SCPI_CoreRst:
 1024              	.LVL88:
 1025              	.LFB19:
 303:libscpi/src/ieee488.c **** 
 304:libscpi/src/ieee488.c **** /**
 305:libscpi/src/ieee488.c ****  * *RST
 306:libscpi/src/ieee488.c ****  * @param context
 307:libscpi/src/ieee488.c ****  * @return 
 308:libscpi/src/ieee488.c ****  */
 309:libscpi/src/ieee488.c **** scpi_result_t SCPI_CoreRst(scpi_t * context) {
 1026              		.loc 1 309 46 is_stmt 1 view -0
 1027              		.cfi_startproc
 1028              		@ args = 0, pretend = 0, frame = 0
 1029              		@ frame_needed = 0, uses_anonymous_args = 0
 1030              		@ link register save eliminated.
 310:libscpi/src/ieee488.c ****     if (context && context->interface && context->interface->reset) {
 1031              		.loc 1 310 5 view .LVU237
 1032              		.loc 1 310 8 is_stmt 0 view .LVU238
 1033 0000 20B1     		cbz	r0, .L65
ARM GAS  /tmp/ccxTSYq4.s 			page 27


 1034              		.loc 1 310 27 discriminator 1 view .LVU239
 1035 0002 C36A     		ldr	r3, [r0, #44]
 1036              		.loc 1 310 17 discriminator 1 view .LVU240
 1037 0004 13B1     		cbz	r3, .L65
 1038              		.loc 1 310 60 discriminator 2 view .LVU241
 1039 0006 1B69     		ldr	r3, [r3, #16]
 1040              		.loc 1 310 39 discriminator 2 view .LVU242
 1041 0008 03B1     		cbz	r3, .L65
 311:libscpi/src/ieee488.c ****         return context->interface->reset(context);
 1042              		.loc 1 311 9 is_stmt 1 view .LVU243
 1043              		.loc 1 311 16 is_stmt 0 view .LVU244
 1044 000a 1847     		bx	r3
 1045              	.LVL89:
 1046              	.L65:
 312:libscpi/src/ieee488.c ****     }
 313:libscpi/src/ieee488.c ****     return SCPI_RES_OK;
 314:libscpi/src/ieee488.c **** }
 1047              		.loc 1 314 1 view .LVU245
 1048 000c 0120     		movs	r0, #1
 1049              	.LVL90:
 1050              		.loc 1 314 1 view .LVU246
 1051 000e 7047     		bx	lr
 1052              		.cfi_endproc
 1053              	.LFE19:
 1055              		.section	.text.SCPI_CoreSre,"ax",%progbits
 1056              		.align	1
 1057              		.global	SCPI_CoreSre
 1058              		.syntax unified
 1059              		.thumb
 1060              		.thumb_func
 1061              		.fpu fpv4-sp-d16
 1063              	SCPI_CoreSre:
 1064              	.LVL91:
 1065              	.LFB20:
 315:libscpi/src/ieee488.c **** 
 316:libscpi/src/ieee488.c **** /**
 317:libscpi/src/ieee488.c ****  * *SRE
 318:libscpi/src/ieee488.c ****  * @param context
 319:libscpi/src/ieee488.c ****  * @return 
 320:libscpi/src/ieee488.c ****  */
 321:libscpi/src/ieee488.c **** scpi_result_t SCPI_CoreSre(scpi_t * context) {
 1066              		.loc 1 321 46 is_stmt 1 view -0
 1067              		.cfi_startproc
 1068              		@ args = 0, pretend = 0, frame = 8
 1069              		@ frame_needed = 0, uses_anonymous_args = 0
 322:libscpi/src/ieee488.c ****     int32_t new_SRE;
 1070              		.loc 1 322 5 view .LVU248
 323:libscpi/src/ieee488.c ****     if (SCPI_ParamInt32(context, &new_SRE, TRUE)) {
 1071              		.loc 1 323 5 view .LVU249
 321:libscpi/src/ieee488.c ****     int32_t new_SRE;
 1072              		.loc 1 321 46 is_stmt 0 view .LVU250
 1073 0000 13B5     		push	{r0, r1, r4, lr}
 1074              	.LCFI24:
 1075              		.cfi_def_cfa_offset 16
 1076              		.cfi_offset 4, -8
 1077              		.cfi_offset 14, -4
 1078              		.loc 1 323 9 view .LVU251
ARM GAS  /tmp/ccxTSYq4.s 			page 28


 1079 0002 0122     		movs	r2, #1
 1080 0004 01A9     		add	r1, sp, #4
 321:libscpi/src/ieee488.c ****     int32_t new_SRE;
 1081              		.loc 1 321 46 view .LVU252
 1082 0006 0446     		mov	r4, r0
 1083              		.loc 1 323 9 view .LVU253
 1084 0008 FFF7FEFF 		bl	SCPI_ParamInt32
 1085              	.LVL92:
 1086              		.loc 1 323 8 view .LVU254
 1087 000c 40B1     		cbz	r0, .L74
 324:libscpi/src/ieee488.c ****         SCPI_RegSet(context, SCPI_REG_SRE, (scpi_reg_val_t) new_SRE);
 1088              		.loc 1 324 9 is_stmt 1 view .LVU255
 1089 000e 2046     		mov	r0, r4
 1090 0010 BDF80420 		ldrh	r2, [sp, #4]
 1091 0014 0121     		movs	r1, #1
 1092 0016 FFF7FEFF 		bl	SCPI_RegSet
 1093              	.LVL93:
 325:libscpi/src/ieee488.c ****         return SCPI_RES_OK;
 1094              		.loc 1 325 9 view .LVU256
 1095              		.loc 1 325 16 is_stmt 0 view .LVU257
 1096 001a 0120     		movs	r0, #1
 1097              	.L73:
 326:libscpi/src/ieee488.c ****     }
 327:libscpi/src/ieee488.c ****     return SCPI_RES_ERR;
 328:libscpi/src/ieee488.c **** }
 1098              		.loc 1 328 1 view .LVU258
 1099 001c 02B0     		add	sp, sp, #8
 1100              	.LCFI25:
 1101              		.cfi_remember_state
 1102              		.cfi_def_cfa_offset 8
 1103              		@ sp needed
 1104 001e 10BD     		pop	{r4, pc}
 1105              	.LVL94:
 1106              	.L74:
 1107              	.LCFI26:
 1108              		.cfi_restore_state
 327:libscpi/src/ieee488.c **** }
 1109              		.loc 1 327 12 view .LVU259
 1110 0020 4FF0FF30 		mov	r0, #-1
 1111 0024 FAE7     		b	.L73
 1112              		.cfi_endproc
 1113              	.LFE20:
 1115              		.section	.text.SCPI_CoreSreQ,"ax",%progbits
 1116              		.align	1
 1117              		.global	SCPI_CoreSreQ
 1118              		.syntax unified
 1119              		.thumb
 1120              		.thumb_func
 1121              		.fpu fpv4-sp-d16
 1123              	SCPI_CoreSreQ:
 1124              	.LVL95:
 1125              	.LFB21:
 329:libscpi/src/ieee488.c **** 
 330:libscpi/src/ieee488.c **** /**
 331:libscpi/src/ieee488.c ****  * *SRE?
 332:libscpi/src/ieee488.c ****  * @param context
 333:libscpi/src/ieee488.c ****  * @return 
ARM GAS  /tmp/ccxTSYq4.s 			page 29


 334:libscpi/src/ieee488.c ****  */
 335:libscpi/src/ieee488.c **** scpi_result_t SCPI_CoreSreQ(scpi_t * context) {
 1126              		.loc 1 335 47 is_stmt 1 view -0
 1127              		.cfi_startproc
 1128              		@ args = 0, pretend = 0, frame = 0
 1129              		@ frame_needed = 0, uses_anonymous_args = 0
 336:libscpi/src/ieee488.c ****     SCPI_ResultInt32(context, SCPI_RegGet(context, SCPI_REG_SRE));
 1130              		.loc 1 336 5 view .LVU261
 1131              	.LBB70:
 1132              	.LBI70:
  85:libscpi/src/ieee488.c ****     if ((name < SCPI_REG_COUNT) && context) {
 1133              		.loc 1 85 16 view .LVU262
 1134              	.LBB71:
  86:libscpi/src/ieee488.c ****         return context->registers[name];
 1135              		.loc 1 86 5 view .LVU263
 1136              	.LBE71:
 1137              	.LBE70:
 335:libscpi/src/ieee488.c ****     SCPI_ResultInt32(context, SCPI_RegGet(context, SCPI_REG_SRE));
 1138              		.loc 1 335 47 is_stmt 0 view .LVU264
 1139 0000 08B5     		push	{r3, lr}
 1140              	.LCFI27:
 1141              		.cfi_def_cfa_offset 8
 1142              		.cfi_offset 3, -8
 1143              		.cfi_offset 14, -4
 1144              	.LBB74:
 1145              	.LBB72:
  86:libscpi/src/ieee488.c ****         return context->registers[name];
 1146              		.loc 1 86 33 view .LVU265
 1147 0002 28B1     		cbz	r0, .L77
  87:libscpi/src/ieee488.c ****     } else {
 1148              		.loc 1 87 9 is_stmt 1 view .LVU266
  87:libscpi/src/ieee488.c ****     } else {
 1149              		.loc 1 87 34 is_stmt 0 view .LVU267
 1150 0004 B0F84A10 		ldrh	r1, [r0, #74]
 1151              	.L76:
 1152              	.LVL96:
  87:libscpi/src/ieee488.c ****     } else {
 1153              		.loc 1 87 34 view .LVU268
 1154              	.LBE72:
 1155              	.LBE74:
 1156              		.loc 1 336 5 view .LVU269
 1157 0008 FFF7FEFF 		bl	SCPI_ResultInt32
 1158              	.LVL97:
 337:libscpi/src/ieee488.c ****     return SCPI_RES_OK;
 1159              		.loc 1 337 5 is_stmt 1 view .LVU270
 338:libscpi/src/ieee488.c **** }
 1160              		.loc 1 338 1 is_stmt 0 view .LVU271
 1161 000c 0120     		movs	r0, #1
 1162 000e 08BD     		pop	{r3, pc}
 1163              	.LVL98:
 1164              	.L77:
 1165              	.LBB75:
 1166              	.LBB73:
  89:libscpi/src/ieee488.c ****     }
 1167              		.loc 1 89 16 view .LVU272
 1168 0010 0146     		mov	r1, r0
 1169 0012 F9E7     		b	.L76
ARM GAS  /tmp/ccxTSYq4.s 			page 30


 1170              	.LBE73:
 1171              	.LBE75:
 1172              		.cfi_endproc
 1173              	.LFE21:
 1175              		.section	.text.SCPI_CoreStbQ,"ax",%progbits
 1176              		.align	1
 1177              		.global	SCPI_CoreStbQ
 1178              		.syntax unified
 1179              		.thumb
 1180              		.thumb_func
 1181              		.fpu fpv4-sp-d16
 1183              	SCPI_CoreStbQ:
 1184              	.LVL99:
 1185              	.LFB22:
 339:libscpi/src/ieee488.c **** 
 340:libscpi/src/ieee488.c **** /**
 341:libscpi/src/ieee488.c ****  * *STB?
 342:libscpi/src/ieee488.c ****  * @param context
 343:libscpi/src/ieee488.c ****  * @return 
 344:libscpi/src/ieee488.c ****  */
 345:libscpi/src/ieee488.c **** scpi_result_t SCPI_CoreStbQ(scpi_t * context) {
 1186              		.loc 1 345 47 is_stmt 1 view -0
 1187              		.cfi_startproc
 1188              		@ args = 0, pretend = 0, frame = 0
 1189              		@ frame_needed = 0, uses_anonymous_args = 0
 346:libscpi/src/ieee488.c ****     SCPI_ResultInt32(context, SCPI_RegGet(context, SCPI_REG_STB));
 1190              		.loc 1 346 5 view .LVU274
 1191              	.LBB76:
 1192              	.LBI76:
  85:libscpi/src/ieee488.c ****     if ((name < SCPI_REG_COUNT) && context) {
 1193              		.loc 1 85 16 view .LVU275
 1194              	.LBB77:
  86:libscpi/src/ieee488.c ****         return context->registers[name];
 1195              		.loc 1 86 5 view .LVU276
 1196              	.LBE77:
 1197              	.LBE76:
 345:libscpi/src/ieee488.c ****     SCPI_ResultInt32(context, SCPI_RegGet(context, SCPI_REG_STB));
 1198              		.loc 1 345 47 is_stmt 0 view .LVU277
 1199 0000 08B5     		push	{r3, lr}
 1200              	.LCFI28:
 1201              		.cfi_def_cfa_offset 8
 1202              		.cfi_offset 3, -8
 1203              		.cfi_offset 14, -4
 1204              	.LBB80:
 1205              	.LBB78:
  86:libscpi/src/ieee488.c ****         return context->registers[name];
 1206              		.loc 1 86 33 view .LVU278
 1207 0002 28B1     		cbz	r0, .L80
  87:libscpi/src/ieee488.c ****     } else {
 1208              		.loc 1 87 9 is_stmt 1 view .LVU279
  87:libscpi/src/ieee488.c ****     } else {
 1209              		.loc 1 87 34 is_stmt 0 view .LVU280
 1210 0004 B0F84810 		ldrh	r1, [r0, #72]
 1211              	.L79:
 1212              	.LVL100:
  87:libscpi/src/ieee488.c ****     } else {
 1213              		.loc 1 87 34 view .LVU281
ARM GAS  /tmp/ccxTSYq4.s 			page 31


 1214              	.LBE78:
 1215              	.LBE80:
 1216              		.loc 1 346 5 view .LVU282
 1217 0008 FFF7FEFF 		bl	SCPI_ResultInt32
 1218              	.LVL101:
 347:libscpi/src/ieee488.c ****     return SCPI_RES_OK;
 1219              		.loc 1 347 5 is_stmt 1 view .LVU283
 348:libscpi/src/ieee488.c **** }
 1220              		.loc 1 348 1 is_stmt 0 view .LVU284
 1221 000c 0120     		movs	r0, #1
 1222 000e 08BD     		pop	{r3, pc}
 1223              	.LVL102:
 1224              	.L80:
 1225              	.LBB81:
 1226              	.LBB79:
  89:libscpi/src/ieee488.c ****     }
 1227              		.loc 1 89 16 view .LVU285
 1228 0010 0146     		mov	r1, r0
 1229 0012 F9E7     		b	.L79
 1230              	.LBE79:
 1231              	.LBE81:
 1232              		.cfi_endproc
 1233              	.LFE22:
 1235              		.section	.text.SCPI_CoreTstQ,"ax",%progbits
 1236              		.align	1
 1237              		.global	SCPI_CoreTstQ
 1238              		.syntax unified
 1239              		.thumb
 1240              		.thumb_func
 1241              		.fpu fpv4-sp-d16
 1243              	SCPI_CoreTstQ:
 1244              	.LVL103:
 1245              	.LFB23:
 349:libscpi/src/ieee488.c **** 
 350:libscpi/src/ieee488.c **** /**
 351:libscpi/src/ieee488.c ****  * *TST?
 352:libscpi/src/ieee488.c ****  * @param context
 353:libscpi/src/ieee488.c ****  * @return 
 354:libscpi/src/ieee488.c ****  */
 355:libscpi/src/ieee488.c **** scpi_result_t SCPI_CoreTstQ(scpi_t * context) {
 1246              		.loc 1 355 47 is_stmt 1 view -0
 1247              		.cfi_startproc
 1248              		@ args = 0, pretend = 0, frame = 0
 1249              		@ frame_needed = 0, uses_anonymous_args = 0
 356:libscpi/src/ieee488.c ****     (void) context;
 1250              		.loc 1 356 5 view .LVU287
 357:libscpi/src/ieee488.c ****     SCPI_ResultInt32(context, 0);
 1251              		.loc 1 357 5 view .LVU288
 355:libscpi/src/ieee488.c ****     (void) context;
 1252              		.loc 1 355 47 is_stmt 0 view .LVU289
 1253 0000 08B5     		push	{r3, lr}
 1254              	.LCFI29:
 1255              		.cfi_def_cfa_offset 8
 1256              		.cfi_offset 3, -8
 1257              		.cfi_offset 14, -4
 1258              		.loc 1 357 5 view .LVU290
 1259 0002 0021     		movs	r1, #0
ARM GAS  /tmp/ccxTSYq4.s 			page 32


 1260 0004 FFF7FEFF 		bl	SCPI_ResultInt32
 1261              	.LVL104:
 358:libscpi/src/ieee488.c ****     return SCPI_RES_OK;
 1262              		.loc 1 358 5 is_stmt 1 view .LVU291
 359:libscpi/src/ieee488.c **** }
 1263              		.loc 1 359 1 is_stmt 0 view .LVU292
 1264 0008 0120     		movs	r0, #1
 1265 000a 08BD     		pop	{r3, pc}
 1266              		.cfi_endproc
 1267              	.LFE23:
 1269              		.section	.text.SCPI_CoreWai,"ax",%progbits
 1270              		.align	1
 1271              		.global	SCPI_CoreWai
 1272              		.syntax unified
 1273              		.thumb
 1274              		.thumb_func
 1275              		.fpu fpv4-sp-d16
 1277              	SCPI_CoreWai:
 1278              	.LVL105:
 1279              	.LFB24:
 360:libscpi/src/ieee488.c **** 
 361:libscpi/src/ieee488.c **** /**
 362:libscpi/src/ieee488.c ****  * *WAI
 363:libscpi/src/ieee488.c ****  * @param context
 364:libscpi/src/ieee488.c ****  * @return 
 365:libscpi/src/ieee488.c ****  */
 366:libscpi/src/ieee488.c **** scpi_result_t SCPI_CoreWai(scpi_t * context) {
 1280              		.loc 1 366 46 is_stmt 1 view -0
 1281              		.cfi_startproc
 1282              		@ args = 0, pretend = 0, frame = 0
 1283              		@ frame_needed = 0, uses_anonymous_args = 0
 1284              		@ link register save eliminated.
 367:libscpi/src/ieee488.c ****     (void) context;
 1285              		.loc 1 367 5 view .LVU294
 368:libscpi/src/ieee488.c ****     /* NOP */
 369:libscpi/src/ieee488.c ****     return SCPI_RES_OK;
 1286              		.loc 1 369 5 view .LVU295
 370:libscpi/src/ieee488.c **** }
 1287              		.loc 1 370 1 is_stmt 0 view .LVU296
 1288 0000 0120     		movs	r0, #1
 1289              	.LVL106:
 1290              		.loc 1 370 1 view .LVU297
 1291 0002 7047     		bx	lr
 1292              		.cfi_endproc
 1293              	.LFE24:
 1295              		.text
 1296              	.Letext0:
 1297              		.file 2 "/usr/lib/gcc/arm-none-eabi/9.2.1/include/stddef.h"
 1298              		.file 3 "/usr/include/newlib/sys/_types.h"
 1299              		.file 4 "/usr/include/newlib/sys/reent.h"
 1300              		.file 5 "/usr/include/newlib/sys/lock.h"
 1301              		.file 6 "/usr/lib/gcc/arm-none-eabi/9.2.1/include/stdint.h"
 1302              		.file 7 "libscpi/inc/scpi/types.h"
 1303              		.file 8 "libscpi/inc/scpi/parser.h"
 1304              		.file 9 "/usr/include/newlib/string.h"
 1305              		.file 10 "libscpi/inc/scpi/error.h"
ARM GAS  /tmp/ccxTSYq4.s 			page 33


DEFINED SYMBOLS
                            *ABS*:0000000000000000 ieee488.c
     /tmp/ccxTSYq4.s:18     .text.SCPI_RegGet:0000000000000000 $t
     /tmp/ccxTSYq4.s:26     .text.SCPI_RegGet:0000000000000000 SCPI_RegGet
     /tmp/ccxTSYq4.s:62     .text.SCPI_RegClearBits:0000000000000000 $t
     /tmp/ccxTSYq4.s:69     .text.SCPI_RegClearBits:0000000000000000 SCPI_RegClearBits
     /tmp/ccxTSYq4.s:191    .text.SCPI_RegSet:0000000000000000 SCPI_RegSet
     /tmp/ccxTSYq4.s:110    .text.regUpdateSTB:0000000000000000 $t
     /tmp/ccxTSYq4.s:116    .text.regUpdateSTB:0000000000000000 regUpdateSTB
     /tmp/ccxTSYq4.s:558    .text.SCPI_RegSetBits:0000000000000000 SCPI_RegSetBits
     /tmp/ccxTSYq4.s:184    .text.SCPI_RegSet:0000000000000000 $t
     /tmp/ccxTSYq4.s:243    .text.SCPI_RegSet:0000000000000024 $d
     /tmp/ccxTSYq4.s:513    .text.regUpdate:0000000000000000 regUpdate
     /tmp/ccxTSYq4.s:507    .text.regUpdate:0000000000000000 $t
     /tmp/ccxTSYq4.s:551    .text.SCPI_RegSetBits:0000000000000000 $t
     /tmp/ccxTSYq4.s:599    .text.SCPI_EventClear:0000000000000000 $t
     /tmp/ccxTSYq4.s:606    .text.SCPI_EventClear:0000000000000000 SCPI_EventClear
     /tmp/ccxTSYq4.s:624    .text.SCPI_CoreCls:0000000000000000 $t
     /tmp/ccxTSYq4.s:631    .text.SCPI_CoreCls:0000000000000000 SCPI_CoreCls
     /tmp/ccxTSYq4.s:675    .text.SCPI_CoreEse:0000000000000000 $t
     /tmp/ccxTSYq4.s:682    .text.SCPI_CoreEse:0000000000000000 SCPI_CoreEse
     /tmp/ccxTSYq4.s:735    .text.SCPI_CoreEseQ:0000000000000000 $t
     /tmp/ccxTSYq4.s:742    .text.SCPI_CoreEseQ:0000000000000000 SCPI_CoreEseQ
     /tmp/ccxTSYq4.s:795    .text.SCPI_CoreEsrQ:0000000000000000 $t
     /tmp/ccxTSYq4.s:802    .text.SCPI_CoreEsrQ:0000000000000000 SCPI_CoreEsrQ
     /tmp/ccxTSYq4.s:868    .text.SCPI_CoreIdnQ:0000000000000000 $t
     /tmp/ccxTSYq4.s:875    .text.SCPI_CoreIdnQ:0000000000000000 SCPI_CoreIdnQ
     /tmp/ccxTSYq4.s:944    .text.SCPI_CoreIdnQ:0000000000000038 $d
     /tmp/ccxTSYq4.s:949    .text.SCPI_CoreOpc:0000000000000000 $t
     /tmp/ccxTSYq4.s:956    .text.SCPI_CoreOpc:0000000000000000 SCPI_CoreOpc
     /tmp/ccxTSYq4.s:983    .text.SCPI_CoreOpcQ:0000000000000000 $t
     /tmp/ccxTSYq4.s:990    .text.SCPI_CoreOpcQ:0000000000000000 SCPI_CoreOpcQ
     /tmp/ccxTSYq4.s:1016   .text.SCPI_CoreRst:0000000000000000 $t
     /tmp/ccxTSYq4.s:1023   .text.SCPI_CoreRst:0000000000000000 SCPI_CoreRst
     /tmp/ccxTSYq4.s:1056   .text.SCPI_CoreSre:0000000000000000 $t
     /tmp/ccxTSYq4.s:1063   .text.SCPI_CoreSre:0000000000000000 SCPI_CoreSre
     /tmp/ccxTSYq4.s:1116   .text.SCPI_CoreSreQ:0000000000000000 $t
     /tmp/ccxTSYq4.s:1123   .text.SCPI_CoreSreQ:0000000000000000 SCPI_CoreSreQ
     /tmp/ccxTSYq4.s:1176   .text.SCPI_CoreStbQ:0000000000000000 $t
     /tmp/ccxTSYq4.s:1183   .text.SCPI_CoreStbQ:0000000000000000 SCPI_CoreStbQ
     /tmp/ccxTSYq4.s:1236   .text.SCPI_CoreTstQ:0000000000000000 $t
     /tmp/ccxTSYq4.s:1243   .text.SCPI_CoreTstQ:0000000000000000 SCPI_CoreTstQ
     /tmp/ccxTSYq4.s:1270   .text.SCPI_CoreWai:0000000000000000 $t
     /tmp/ccxTSYq4.s:1277   .text.SCPI_CoreWai:0000000000000000 SCPI_CoreWai
     /tmp/ccxTSYq4.s:252    .text.SCPI_RegSet:000000000000002d $d
     /tmp/ccxTSYq4.s:252    .text.SCPI_RegSet:000000000000002e $t

UNDEFINED SYMBOLS
SCPI_ErrorClear
SCPI_ParamInt32
SCPI_ResultInt32
strlen
SCPI_ResultCharacters
