ARM GAS  /tmp/ccOAdAkf.s 			page 1


   1              		.cpu cortex-m4
   2              		.eabi_attribute 27, 1
   3              		.eabi_attribute 28, 1
   4              		.eabi_attribute 20, 1
   5              		.eabi_attribute 21, 1
   6              		.eabi_attribute 23, 3
   7              		.eabi_attribute 24, 1
   8              		.eabi_attribute 25, 1
   9              		.eabi_attribute 26, 1
  10              		.eabi_attribute 30, 4
  11              		.eabi_attribute 34, 1
  12              		.eabi_attribute 18, 4
  13              		.file	"stm32g4xx_hal_i2c_ex.c"
  14              		.text
  15              	.Ltext0:
  16              		.cfi_sections	.debug_frame
  17              		.section	.text.HAL_I2CEx_ConfigAnalogFilter,"ax",%progbits
  18              		.align	1
  19              		.global	HAL_I2CEx_ConfigAnalogFilter
  20              		.arch armv7e-m
  21              		.syntax unified
  22              		.thumb
  23              		.thumb_func
  24              		.fpu fpv4-sp-d16
  26              	HAL_I2CEx_ConfigAnalogFilter:
  27              	.LVL0:
  28              	.LFB357:
  29              		.file 1 "Drivers/STM32G4xx_HAL_Driver/Src/stm32g4xx_hal_i2c_ex.c"
   1:Drivers/STM32G4xx_HAL_Driver/Src/stm32g4xx_hal_i2c_ex.c **** /**
   2:Drivers/STM32G4xx_HAL_Driver/Src/stm32g4xx_hal_i2c_ex.c ****   ******************************************************************************
   3:Drivers/STM32G4xx_HAL_Driver/Src/stm32g4xx_hal_i2c_ex.c ****   * @file    stm32g4xx_hal_i2c_ex.c
   4:Drivers/STM32G4xx_HAL_Driver/Src/stm32g4xx_hal_i2c_ex.c ****   * @author  MCD Application Team
   5:Drivers/STM32G4xx_HAL_Driver/Src/stm32g4xx_hal_i2c_ex.c ****   * @brief   I2C Extended HAL module driver.
   6:Drivers/STM32G4xx_HAL_Driver/Src/stm32g4xx_hal_i2c_ex.c ****   *          This file provides firmware functions to manage the following
   7:Drivers/STM32G4xx_HAL_Driver/Src/stm32g4xx_hal_i2c_ex.c ****   *          functionalities of I2C Extended peripheral:
   8:Drivers/STM32G4xx_HAL_Driver/Src/stm32g4xx_hal_i2c_ex.c ****   *           + Extended features functions
   9:Drivers/STM32G4xx_HAL_Driver/Src/stm32g4xx_hal_i2c_ex.c ****   *
  10:Drivers/STM32G4xx_HAL_Driver/Src/stm32g4xx_hal_i2c_ex.c ****   @verbatim
  11:Drivers/STM32G4xx_HAL_Driver/Src/stm32g4xx_hal_i2c_ex.c ****   ==============================================================================
  12:Drivers/STM32G4xx_HAL_Driver/Src/stm32g4xx_hal_i2c_ex.c ****                ##### I2C peripheral Extended features  #####
  13:Drivers/STM32G4xx_HAL_Driver/Src/stm32g4xx_hal_i2c_ex.c ****   ==============================================================================
  14:Drivers/STM32G4xx_HAL_Driver/Src/stm32g4xx_hal_i2c_ex.c **** 
  15:Drivers/STM32G4xx_HAL_Driver/Src/stm32g4xx_hal_i2c_ex.c ****   [..] Comparing to other previous devices, the I2C interface for STM32G4xx
  16:Drivers/STM32G4xx_HAL_Driver/Src/stm32g4xx_hal_i2c_ex.c ****        devices contains the following additional features
  17:Drivers/STM32G4xx_HAL_Driver/Src/stm32g4xx_hal_i2c_ex.c **** 
  18:Drivers/STM32G4xx_HAL_Driver/Src/stm32g4xx_hal_i2c_ex.c ****        (+) Possibility to disable or enable Analog Noise Filter
  19:Drivers/STM32G4xx_HAL_Driver/Src/stm32g4xx_hal_i2c_ex.c ****        (+) Use of a configured Digital Noise Filter
  20:Drivers/STM32G4xx_HAL_Driver/Src/stm32g4xx_hal_i2c_ex.c ****        (+) Disable or enable wakeup from Stop mode(s)
  21:Drivers/STM32G4xx_HAL_Driver/Src/stm32g4xx_hal_i2c_ex.c ****        (+) Disable or enable Fast Mode Plus
  22:Drivers/STM32G4xx_HAL_Driver/Src/stm32g4xx_hal_i2c_ex.c **** 
  23:Drivers/STM32G4xx_HAL_Driver/Src/stm32g4xx_hal_i2c_ex.c ****                      ##### How to use this driver #####
  24:Drivers/STM32G4xx_HAL_Driver/Src/stm32g4xx_hal_i2c_ex.c ****   ==============================================================================
  25:Drivers/STM32G4xx_HAL_Driver/Src/stm32g4xx_hal_i2c_ex.c ****   [..] This driver provides functions to configure Noise Filter and Wake Up Feature
  26:Drivers/STM32G4xx_HAL_Driver/Src/stm32g4xx_hal_i2c_ex.c ****     (#) Configure I2C Analog noise filter using the function HAL_I2CEx_ConfigAnalogFilter()
  27:Drivers/STM32G4xx_HAL_Driver/Src/stm32g4xx_hal_i2c_ex.c ****     (#) Configure I2C Digital noise filter using the function HAL_I2CEx_ConfigDigitalFilter()
  28:Drivers/STM32G4xx_HAL_Driver/Src/stm32g4xx_hal_i2c_ex.c ****     (#) Configure the enable or disable of I2C Wake Up Mode using the functions :
  29:Drivers/STM32G4xx_HAL_Driver/Src/stm32g4xx_hal_i2c_ex.c ****           (++) HAL_I2CEx_EnableWakeUp()
ARM GAS  /tmp/ccOAdAkf.s 			page 2


  30:Drivers/STM32G4xx_HAL_Driver/Src/stm32g4xx_hal_i2c_ex.c ****           (++) HAL_I2CEx_DisableWakeUp()
  31:Drivers/STM32G4xx_HAL_Driver/Src/stm32g4xx_hal_i2c_ex.c ****     (#) Configure the enable or disable of fast mode plus driving capability using the functions :
  32:Drivers/STM32G4xx_HAL_Driver/Src/stm32g4xx_hal_i2c_ex.c ****           (++) HAL_I2CEx_EnableFastModePlus()
  33:Drivers/STM32G4xx_HAL_Driver/Src/stm32g4xx_hal_i2c_ex.c ****           (++) HAL_I2CEx_DisableFastModePlus()
  34:Drivers/STM32G4xx_HAL_Driver/Src/stm32g4xx_hal_i2c_ex.c ****   @endverbatim
  35:Drivers/STM32G4xx_HAL_Driver/Src/stm32g4xx_hal_i2c_ex.c ****   ******************************************************************************
  36:Drivers/STM32G4xx_HAL_Driver/Src/stm32g4xx_hal_i2c_ex.c ****   * @attention
  37:Drivers/STM32G4xx_HAL_Driver/Src/stm32g4xx_hal_i2c_ex.c ****   *
  38:Drivers/STM32G4xx_HAL_Driver/Src/stm32g4xx_hal_i2c_ex.c ****   * <h2><center>&copy; Copyright (c) 2019 STMicroelectronics.
  39:Drivers/STM32G4xx_HAL_Driver/Src/stm32g4xx_hal_i2c_ex.c ****   * All rights reserved.</center></h2>
  40:Drivers/STM32G4xx_HAL_Driver/Src/stm32g4xx_hal_i2c_ex.c ****   *
  41:Drivers/STM32G4xx_HAL_Driver/Src/stm32g4xx_hal_i2c_ex.c ****   * This software component is licensed by ST under BSD 3-Clause license,
  42:Drivers/STM32G4xx_HAL_Driver/Src/stm32g4xx_hal_i2c_ex.c ****   * the "License"; You may not use this file except in compliance with the
  43:Drivers/STM32G4xx_HAL_Driver/Src/stm32g4xx_hal_i2c_ex.c ****   * License. You may obtain a copy of the License at:
  44:Drivers/STM32G4xx_HAL_Driver/Src/stm32g4xx_hal_i2c_ex.c ****   *                        opensource.org/licenses/BSD-3-Clause
  45:Drivers/STM32G4xx_HAL_Driver/Src/stm32g4xx_hal_i2c_ex.c ****   *
  46:Drivers/STM32G4xx_HAL_Driver/Src/stm32g4xx_hal_i2c_ex.c ****   ******************************************************************************
  47:Drivers/STM32G4xx_HAL_Driver/Src/stm32g4xx_hal_i2c_ex.c ****   */
  48:Drivers/STM32G4xx_HAL_Driver/Src/stm32g4xx_hal_i2c_ex.c **** 
  49:Drivers/STM32G4xx_HAL_Driver/Src/stm32g4xx_hal_i2c_ex.c **** /* Includes ------------------------------------------------------------------*/
  50:Drivers/STM32G4xx_HAL_Driver/Src/stm32g4xx_hal_i2c_ex.c **** #include "stm32g4xx_hal.h"
  51:Drivers/STM32G4xx_HAL_Driver/Src/stm32g4xx_hal_i2c_ex.c **** 
  52:Drivers/STM32G4xx_HAL_Driver/Src/stm32g4xx_hal_i2c_ex.c **** /** @addtogroup STM32G4xx_HAL_Driver
  53:Drivers/STM32G4xx_HAL_Driver/Src/stm32g4xx_hal_i2c_ex.c ****   * @{
  54:Drivers/STM32G4xx_HAL_Driver/Src/stm32g4xx_hal_i2c_ex.c ****   */
  55:Drivers/STM32G4xx_HAL_Driver/Src/stm32g4xx_hal_i2c_ex.c **** 
  56:Drivers/STM32G4xx_HAL_Driver/Src/stm32g4xx_hal_i2c_ex.c **** /** @defgroup I2CEx I2CEx
  57:Drivers/STM32G4xx_HAL_Driver/Src/stm32g4xx_hal_i2c_ex.c ****   * @brief I2C Extended HAL module driver
  58:Drivers/STM32G4xx_HAL_Driver/Src/stm32g4xx_hal_i2c_ex.c ****   * @{
  59:Drivers/STM32G4xx_HAL_Driver/Src/stm32g4xx_hal_i2c_ex.c ****   */
  60:Drivers/STM32G4xx_HAL_Driver/Src/stm32g4xx_hal_i2c_ex.c **** 
  61:Drivers/STM32G4xx_HAL_Driver/Src/stm32g4xx_hal_i2c_ex.c **** #ifdef HAL_I2C_MODULE_ENABLED
  62:Drivers/STM32G4xx_HAL_Driver/Src/stm32g4xx_hal_i2c_ex.c **** 
  63:Drivers/STM32G4xx_HAL_Driver/Src/stm32g4xx_hal_i2c_ex.c **** /* Private typedef -----------------------------------------------------------*/
  64:Drivers/STM32G4xx_HAL_Driver/Src/stm32g4xx_hal_i2c_ex.c **** /* Private define ------------------------------------------------------------*/
  65:Drivers/STM32G4xx_HAL_Driver/Src/stm32g4xx_hal_i2c_ex.c **** /* Private macro -------------------------------------------------------------*/
  66:Drivers/STM32G4xx_HAL_Driver/Src/stm32g4xx_hal_i2c_ex.c **** /* Private variables ---------------------------------------------------------*/
  67:Drivers/STM32G4xx_HAL_Driver/Src/stm32g4xx_hal_i2c_ex.c **** /* Private function prototypes -----------------------------------------------*/
  68:Drivers/STM32G4xx_HAL_Driver/Src/stm32g4xx_hal_i2c_ex.c **** /* Private functions ---------------------------------------------------------*/
  69:Drivers/STM32G4xx_HAL_Driver/Src/stm32g4xx_hal_i2c_ex.c **** 
  70:Drivers/STM32G4xx_HAL_Driver/Src/stm32g4xx_hal_i2c_ex.c **** /** @defgroup I2CEx_Exported_Functions I2C Extended Exported Functions
  71:Drivers/STM32G4xx_HAL_Driver/Src/stm32g4xx_hal_i2c_ex.c ****   * @{
  72:Drivers/STM32G4xx_HAL_Driver/Src/stm32g4xx_hal_i2c_ex.c ****   */
  73:Drivers/STM32G4xx_HAL_Driver/Src/stm32g4xx_hal_i2c_ex.c **** 
  74:Drivers/STM32G4xx_HAL_Driver/Src/stm32g4xx_hal_i2c_ex.c **** /** @defgroup I2CEx_Exported_Functions_Group1 Extended features functions
  75:Drivers/STM32G4xx_HAL_Driver/Src/stm32g4xx_hal_i2c_ex.c ****   * @brief    Extended features functions
  76:Drivers/STM32G4xx_HAL_Driver/Src/stm32g4xx_hal_i2c_ex.c ****  *
  77:Drivers/STM32G4xx_HAL_Driver/Src/stm32g4xx_hal_i2c_ex.c **** @verbatim
  78:Drivers/STM32G4xx_HAL_Driver/Src/stm32g4xx_hal_i2c_ex.c ****  ===============================================================================
  79:Drivers/STM32G4xx_HAL_Driver/Src/stm32g4xx_hal_i2c_ex.c ****                       ##### Extended features functions #####
  80:Drivers/STM32G4xx_HAL_Driver/Src/stm32g4xx_hal_i2c_ex.c ****  ===============================================================================
  81:Drivers/STM32G4xx_HAL_Driver/Src/stm32g4xx_hal_i2c_ex.c ****     [..] This section provides functions allowing to:
  82:Drivers/STM32G4xx_HAL_Driver/Src/stm32g4xx_hal_i2c_ex.c ****       (+) Configure Noise Filters
  83:Drivers/STM32G4xx_HAL_Driver/Src/stm32g4xx_hal_i2c_ex.c ****       (+) Configure Wake Up Feature
  84:Drivers/STM32G4xx_HAL_Driver/Src/stm32g4xx_hal_i2c_ex.c ****       (+) Configure Fast Mode Plus
  85:Drivers/STM32G4xx_HAL_Driver/Src/stm32g4xx_hal_i2c_ex.c **** 
  86:Drivers/STM32G4xx_HAL_Driver/Src/stm32g4xx_hal_i2c_ex.c **** @endverbatim
ARM GAS  /tmp/ccOAdAkf.s 			page 3


  87:Drivers/STM32G4xx_HAL_Driver/Src/stm32g4xx_hal_i2c_ex.c ****   * @{
  88:Drivers/STM32G4xx_HAL_Driver/Src/stm32g4xx_hal_i2c_ex.c ****   */
  89:Drivers/STM32G4xx_HAL_Driver/Src/stm32g4xx_hal_i2c_ex.c **** 
  90:Drivers/STM32G4xx_HAL_Driver/Src/stm32g4xx_hal_i2c_ex.c **** /**
  91:Drivers/STM32G4xx_HAL_Driver/Src/stm32g4xx_hal_i2c_ex.c ****   * @brief  Configure I2C Analog noise filter.
  92:Drivers/STM32G4xx_HAL_Driver/Src/stm32g4xx_hal_i2c_ex.c ****   * @param  hi2c Pointer to a I2C_HandleTypeDef structure that contains
  93:Drivers/STM32G4xx_HAL_Driver/Src/stm32g4xx_hal_i2c_ex.c ****   *                the configuration information for the specified I2Cx peripheral.
  94:Drivers/STM32G4xx_HAL_Driver/Src/stm32g4xx_hal_i2c_ex.c ****   * @param  AnalogFilter New state of the Analog filter.
  95:Drivers/STM32G4xx_HAL_Driver/Src/stm32g4xx_hal_i2c_ex.c ****   * @retval HAL status
  96:Drivers/STM32G4xx_HAL_Driver/Src/stm32g4xx_hal_i2c_ex.c ****   */
  97:Drivers/STM32G4xx_HAL_Driver/Src/stm32g4xx_hal_i2c_ex.c **** HAL_StatusTypeDef HAL_I2CEx_ConfigAnalogFilter(I2C_HandleTypeDef *hi2c, uint32_t AnalogFilter)
  98:Drivers/STM32G4xx_HAL_Driver/Src/stm32g4xx_hal_i2c_ex.c **** {
  30              		.loc 1 98 1 view -0
  31              		.cfi_startproc
  32              		@ args = 0, pretend = 0, frame = 0
  33              		@ frame_needed = 0, uses_anonymous_args = 0
  99:Drivers/STM32G4xx_HAL_Driver/Src/stm32g4xx_hal_i2c_ex.c ****   /* Check the parameters */
 100:Drivers/STM32G4xx_HAL_Driver/Src/stm32g4xx_hal_i2c_ex.c ****   assert_param(IS_I2C_ALL_INSTANCE(hi2c->Instance));
  34              		.loc 1 100 3 view .LVU1
 101:Drivers/STM32G4xx_HAL_Driver/Src/stm32g4xx_hal_i2c_ex.c ****   assert_param(IS_I2C_ANALOG_FILTER(AnalogFilter));
  35              		.loc 1 101 3 view .LVU2
 102:Drivers/STM32G4xx_HAL_Driver/Src/stm32g4xx_hal_i2c_ex.c **** 
 103:Drivers/STM32G4xx_HAL_Driver/Src/stm32g4xx_hal_i2c_ex.c ****   if (hi2c->State == HAL_I2C_STATE_READY)
  36              		.loc 1 103 3 view .LVU3
  98:Drivers/STM32G4xx_HAL_Driver/Src/stm32g4xx_hal_i2c_ex.c ****   /* Check the parameters */
  37              		.loc 1 98 1 is_stmt 0 view .LVU4
  38 0000 10B5     		push	{r4, lr}
  39              	.LCFI0:
  40              		.cfi_def_cfa_offset 8
  41              		.cfi_offset 4, -8
  42              		.cfi_offset 14, -4
  43              		.loc 1 103 11 view .LVU5
  44 0002 90F84130 		ldrb	r3, [r0, #65]	@ zero_extendqisi2
  45              		.loc 1 103 6 view .LVU6
  46 0006 202B     		cmp	r3, #32
  47              		.loc 1 103 11 view .LVU7
  48 0008 DCB2     		uxtb	r4, r3
  49              		.loc 1 103 6 view .LVU8
  50 000a 1DD1     		bne	.L4
 104:Drivers/STM32G4xx_HAL_Driver/Src/stm32g4xx_hal_i2c_ex.c ****   {
 105:Drivers/STM32G4xx_HAL_Driver/Src/stm32g4xx_hal_i2c_ex.c ****     /* Process Locked */
 106:Drivers/STM32G4xx_HAL_Driver/Src/stm32g4xx_hal_i2c_ex.c ****     __HAL_LOCK(hi2c);
  51              		.loc 1 106 5 is_stmt 1 view .LVU9
  52              		.loc 1 106 5 view .LVU10
  53 000c 90F84030 		ldrb	r3, [r0, #64]	@ zero_extendqisi2
  54 0010 012B     		cmp	r3, #1
  55 0012 19D0     		beq	.L4
  56              		.loc 1 106 5 discriminator 2 view .LVU11
  57              		.loc 1 106 5 discriminator 2 view .LVU12
 107:Drivers/STM32G4xx_HAL_Driver/Src/stm32g4xx_hal_i2c_ex.c **** 
 108:Drivers/STM32G4xx_HAL_Driver/Src/stm32g4xx_hal_i2c_ex.c ****     hi2c->State = HAL_I2C_STATE_BUSY;
  58              		.loc 1 108 5 discriminator 2 view .LVU13
  59              		.loc 1 108 17 is_stmt 0 discriminator 2 view .LVU14
  60 0014 2423     		movs	r3, #36
  61 0016 80F84130 		strb	r3, [r0, #65]
 109:Drivers/STM32G4xx_HAL_Driver/Src/stm32g4xx_hal_i2c_ex.c **** 
 110:Drivers/STM32G4xx_HAL_Driver/Src/stm32g4xx_hal_i2c_ex.c ****     /* Disable the selected I2C peripheral */
ARM GAS  /tmp/ccOAdAkf.s 			page 4


 111:Drivers/STM32G4xx_HAL_Driver/Src/stm32g4xx_hal_i2c_ex.c ****     __HAL_I2C_DISABLE(hi2c);
  62              		.loc 1 111 5 is_stmt 1 discriminator 2 view .LVU15
  63 001a 0368     		ldr	r3, [r0]
  64 001c 1A68     		ldr	r2, [r3]
  65 001e 22F00102 		bic	r2, r2, #1
  66 0022 1A60     		str	r2, [r3]
 112:Drivers/STM32G4xx_HAL_Driver/Src/stm32g4xx_hal_i2c_ex.c **** 
 113:Drivers/STM32G4xx_HAL_Driver/Src/stm32g4xx_hal_i2c_ex.c ****     /* Reset I2Cx ANOFF bit */
 114:Drivers/STM32G4xx_HAL_Driver/Src/stm32g4xx_hal_i2c_ex.c ****     hi2c->Instance->CR1 &= ~(I2C_CR1_ANFOFF);
  67              		.loc 1 114 5 discriminator 2 view .LVU16
  68              		.loc 1 114 25 is_stmt 0 discriminator 2 view .LVU17
  69 0024 1A68     		ldr	r2, [r3]
  70 0026 22F48052 		bic	r2, r2, #4096
  71 002a 1A60     		str	r2, [r3]
 115:Drivers/STM32G4xx_HAL_Driver/Src/stm32g4xx_hal_i2c_ex.c **** 
 116:Drivers/STM32G4xx_HAL_Driver/Src/stm32g4xx_hal_i2c_ex.c ****     /* Set analog filter bit*/
 117:Drivers/STM32G4xx_HAL_Driver/Src/stm32g4xx_hal_i2c_ex.c ****     hi2c->Instance->CR1 |= AnalogFilter;
  72              		.loc 1 117 5 is_stmt 1 discriminator 2 view .LVU18
  73              		.loc 1 117 25 is_stmt 0 discriminator 2 view .LVU19
  74 002c 1A68     		ldr	r2, [r3]
  75 002e 1143     		orrs	r1, r1, r2
  76              	.LVL1:
  77              		.loc 1 117 25 discriminator 2 view .LVU20
  78 0030 1960     		str	r1, [r3]
 118:Drivers/STM32G4xx_HAL_Driver/Src/stm32g4xx_hal_i2c_ex.c **** 
 119:Drivers/STM32G4xx_HAL_Driver/Src/stm32g4xx_hal_i2c_ex.c ****     __HAL_I2C_ENABLE(hi2c);
  79              		.loc 1 119 5 is_stmt 1 discriminator 2 view .LVU21
  80 0032 1A68     		ldr	r2, [r3]
  81 0034 42F00102 		orr	r2, r2, #1
  82 0038 1A60     		str	r2, [r3]
 120:Drivers/STM32G4xx_HAL_Driver/Src/stm32g4xx_hal_i2c_ex.c **** 
 121:Drivers/STM32G4xx_HAL_Driver/Src/stm32g4xx_hal_i2c_ex.c ****     hi2c->State = HAL_I2C_STATE_READY;
  83              		.loc 1 121 5 discriminator 2 view .LVU22
 122:Drivers/STM32G4xx_HAL_Driver/Src/stm32g4xx_hal_i2c_ex.c **** 
 123:Drivers/STM32G4xx_HAL_Driver/Src/stm32g4xx_hal_i2c_ex.c ****     /* Process Unlocked */
 124:Drivers/STM32G4xx_HAL_Driver/Src/stm32g4xx_hal_i2c_ex.c ****     __HAL_UNLOCK(hi2c);
  84              		.loc 1 124 5 is_stmt 0 discriminator 2 view .LVU23
  85 003a 0023     		movs	r3, #0
 121:Drivers/STM32G4xx_HAL_Driver/Src/stm32g4xx_hal_i2c_ex.c **** 
  86              		.loc 1 121 17 discriminator 2 view .LVU24
  87 003c 80F84140 		strb	r4, [r0, #65]
  88              		.loc 1 124 5 is_stmt 1 discriminator 2 view .LVU25
  89              		.loc 1 124 5 discriminator 2 view .LVU26
  90 0040 80F84030 		strb	r3, [r0, #64]
  91              		.loc 1 124 5 discriminator 2 view .LVU27
 125:Drivers/STM32G4xx_HAL_Driver/Src/stm32g4xx_hal_i2c_ex.c **** 
 126:Drivers/STM32G4xx_HAL_Driver/Src/stm32g4xx_hal_i2c_ex.c ****     return HAL_OK;
  92              		.loc 1 126 5 discriminator 2 view .LVU28
  93              		.loc 1 126 12 is_stmt 0 discriminator 2 view .LVU29
  94 0044 1846     		mov	r0, r3
  95              	.LVL2:
  96              	.L2:
 127:Drivers/STM32G4xx_HAL_Driver/Src/stm32g4xx_hal_i2c_ex.c ****   }
 128:Drivers/STM32G4xx_HAL_Driver/Src/stm32g4xx_hal_i2c_ex.c ****   else
 129:Drivers/STM32G4xx_HAL_Driver/Src/stm32g4xx_hal_i2c_ex.c ****   {
 130:Drivers/STM32G4xx_HAL_Driver/Src/stm32g4xx_hal_i2c_ex.c ****     return HAL_BUSY;
 131:Drivers/STM32G4xx_HAL_Driver/Src/stm32g4xx_hal_i2c_ex.c ****   }
ARM GAS  /tmp/ccOAdAkf.s 			page 5


 132:Drivers/STM32G4xx_HAL_Driver/Src/stm32g4xx_hal_i2c_ex.c **** }
  97              		.loc 1 132 1 view .LVU30
  98 0046 10BD     		pop	{r4, pc}
  99              	.LVL3:
 100              	.L4:
 130:Drivers/STM32G4xx_HAL_Driver/Src/stm32g4xx_hal_i2c_ex.c ****   }
 101              		.loc 1 130 12 view .LVU31
 102 0048 0220     		movs	r0, #2
 103              	.LVL4:
 130:Drivers/STM32G4xx_HAL_Driver/Src/stm32g4xx_hal_i2c_ex.c ****   }
 104              		.loc 1 130 12 view .LVU32
 105 004a FCE7     		b	.L2
 106              		.cfi_endproc
 107              	.LFE357:
 109              		.section	.text.HAL_I2CEx_ConfigDigitalFilter,"ax",%progbits
 110              		.align	1
 111              		.global	HAL_I2CEx_ConfigDigitalFilter
 112              		.syntax unified
 113              		.thumb
 114              		.thumb_func
 115              		.fpu fpv4-sp-d16
 117              	HAL_I2CEx_ConfigDigitalFilter:
 118              	.LVL5:
 119              	.LFB358:
 133:Drivers/STM32G4xx_HAL_Driver/Src/stm32g4xx_hal_i2c_ex.c **** 
 134:Drivers/STM32G4xx_HAL_Driver/Src/stm32g4xx_hal_i2c_ex.c **** /**
 135:Drivers/STM32G4xx_HAL_Driver/Src/stm32g4xx_hal_i2c_ex.c ****   * @brief  Configure I2C Digital noise filter.
 136:Drivers/STM32G4xx_HAL_Driver/Src/stm32g4xx_hal_i2c_ex.c ****   * @param  hi2c Pointer to a I2C_HandleTypeDef structure that contains
 137:Drivers/STM32G4xx_HAL_Driver/Src/stm32g4xx_hal_i2c_ex.c ****   *                the configuration information for the specified I2Cx peripheral.
 138:Drivers/STM32G4xx_HAL_Driver/Src/stm32g4xx_hal_i2c_ex.c ****   * @param  DigitalFilter Coefficient of digital noise filter between Min_Data=0x00 and Max_Data=0x
 139:Drivers/STM32G4xx_HAL_Driver/Src/stm32g4xx_hal_i2c_ex.c ****   * @retval HAL status
 140:Drivers/STM32G4xx_HAL_Driver/Src/stm32g4xx_hal_i2c_ex.c ****   */
 141:Drivers/STM32G4xx_HAL_Driver/Src/stm32g4xx_hal_i2c_ex.c **** HAL_StatusTypeDef HAL_I2CEx_ConfigDigitalFilter(I2C_HandleTypeDef *hi2c, uint32_t DigitalFilter)
 142:Drivers/STM32G4xx_HAL_Driver/Src/stm32g4xx_hal_i2c_ex.c **** {
 120              		.loc 1 142 1 is_stmt 1 view -0
 121              		.cfi_startproc
 122              		@ args = 0, pretend = 0, frame = 0
 123              		@ frame_needed = 0, uses_anonymous_args = 0
 143:Drivers/STM32G4xx_HAL_Driver/Src/stm32g4xx_hal_i2c_ex.c ****   uint32_t tmpreg;
 124              		.loc 1 143 3 view .LVU34
 144:Drivers/STM32G4xx_HAL_Driver/Src/stm32g4xx_hal_i2c_ex.c **** 
 145:Drivers/STM32G4xx_HAL_Driver/Src/stm32g4xx_hal_i2c_ex.c ****   /* Check the parameters */
 146:Drivers/STM32G4xx_HAL_Driver/Src/stm32g4xx_hal_i2c_ex.c ****   assert_param(IS_I2C_ALL_INSTANCE(hi2c->Instance));
 125              		.loc 1 146 3 view .LVU35
 147:Drivers/STM32G4xx_HAL_Driver/Src/stm32g4xx_hal_i2c_ex.c ****   assert_param(IS_I2C_DIGITAL_FILTER(DigitalFilter));
 126              		.loc 1 147 3 view .LVU36
 148:Drivers/STM32G4xx_HAL_Driver/Src/stm32g4xx_hal_i2c_ex.c **** 
 149:Drivers/STM32G4xx_HAL_Driver/Src/stm32g4xx_hal_i2c_ex.c ****   if (hi2c->State == HAL_I2C_STATE_READY)
 127              		.loc 1 149 3 view .LVU37
 142:Drivers/STM32G4xx_HAL_Driver/Src/stm32g4xx_hal_i2c_ex.c ****   uint32_t tmpreg;
 128              		.loc 1 142 1 is_stmt 0 view .LVU38
 129 0000 10B5     		push	{r4, lr}
 130              	.LCFI1:
 131              		.cfi_def_cfa_offset 8
 132              		.cfi_offset 4, -8
 133              		.cfi_offset 14, -4
 134              		.loc 1 149 11 view .LVU39
ARM GAS  /tmp/ccOAdAkf.s 			page 6


 135 0002 90F84130 		ldrb	r3, [r0, #65]	@ zero_extendqisi2
 136              		.loc 1 149 6 view .LVU40
 137 0006 202B     		cmp	r3, #32
 138              		.loc 1 149 11 view .LVU41
 139 0008 DCB2     		uxtb	r4, r3
 140              		.loc 1 149 6 view .LVU42
 141 000a 1CD1     		bne	.L8
 150:Drivers/STM32G4xx_HAL_Driver/Src/stm32g4xx_hal_i2c_ex.c ****   {
 151:Drivers/STM32G4xx_HAL_Driver/Src/stm32g4xx_hal_i2c_ex.c ****     /* Process Locked */
 152:Drivers/STM32G4xx_HAL_Driver/Src/stm32g4xx_hal_i2c_ex.c ****     __HAL_LOCK(hi2c);
 142              		.loc 1 152 5 is_stmt 1 view .LVU43
 143              		.loc 1 152 5 view .LVU44
 144 000c 90F84030 		ldrb	r3, [r0, #64]	@ zero_extendqisi2
 145 0010 012B     		cmp	r3, #1
 146 0012 18D0     		beq	.L8
 147              		.loc 1 152 5 discriminator 2 view .LVU45
 148              		.loc 1 152 5 discriminator 2 view .LVU46
 153:Drivers/STM32G4xx_HAL_Driver/Src/stm32g4xx_hal_i2c_ex.c **** 
 154:Drivers/STM32G4xx_HAL_Driver/Src/stm32g4xx_hal_i2c_ex.c ****     hi2c->State = HAL_I2C_STATE_BUSY;
 149              		.loc 1 154 5 discriminator 2 view .LVU47
 150              		.loc 1 154 17 is_stmt 0 discriminator 2 view .LVU48
 151 0014 2423     		movs	r3, #36
 152 0016 80F84130 		strb	r3, [r0, #65]
 155:Drivers/STM32G4xx_HAL_Driver/Src/stm32g4xx_hal_i2c_ex.c **** 
 156:Drivers/STM32G4xx_HAL_Driver/Src/stm32g4xx_hal_i2c_ex.c ****     /* Disable the selected I2C peripheral */
 157:Drivers/STM32G4xx_HAL_Driver/Src/stm32g4xx_hal_i2c_ex.c ****     __HAL_I2C_DISABLE(hi2c);
 153              		.loc 1 157 5 is_stmt 1 discriminator 2 view .LVU49
 154 001a 0368     		ldr	r3, [r0]
 155 001c 1A68     		ldr	r2, [r3]
 156 001e 22F00102 		bic	r2, r2, #1
 157 0022 1A60     		str	r2, [r3]
 158:Drivers/STM32G4xx_HAL_Driver/Src/stm32g4xx_hal_i2c_ex.c **** 
 159:Drivers/STM32G4xx_HAL_Driver/Src/stm32g4xx_hal_i2c_ex.c ****     /* Get the old register value */
 160:Drivers/STM32G4xx_HAL_Driver/Src/stm32g4xx_hal_i2c_ex.c ****     tmpreg = hi2c->Instance->CR1;
 158              		.loc 1 160 5 discriminator 2 view .LVU50
 159              		.loc 1 160 12 is_stmt 0 discriminator 2 view .LVU51
 160 0024 1A68     		ldr	r2, [r3]
 161              	.LVL6:
 161:Drivers/STM32G4xx_HAL_Driver/Src/stm32g4xx_hal_i2c_ex.c **** 
 162:Drivers/STM32G4xx_HAL_Driver/Src/stm32g4xx_hal_i2c_ex.c ****     /* Reset I2Cx DNF bits [11:8] */
 163:Drivers/STM32G4xx_HAL_Driver/Src/stm32g4xx_hal_i2c_ex.c ****     tmpreg &= ~(I2C_CR1_DNF);
 162              		.loc 1 163 5 is_stmt 1 discriminator 2 view .LVU52
 163              		.loc 1 163 12 is_stmt 0 discriminator 2 view .LVU53
 164 0026 22F47062 		bic	r2, r2, #3840
 165              	.LVL7:
 164:Drivers/STM32G4xx_HAL_Driver/Src/stm32g4xx_hal_i2c_ex.c **** 
 165:Drivers/STM32G4xx_HAL_Driver/Src/stm32g4xx_hal_i2c_ex.c ****     /* Set I2Cx DNF coefficient */
 166:Drivers/STM32G4xx_HAL_Driver/Src/stm32g4xx_hal_i2c_ex.c ****     tmpreg |= DigitalFilter << 8U;
 166              		.loc 1 166 5 is_stmt 1 discriminator 2 view .LVU54
 167              		.loc 1 166 12 is_stmt 0 discriminator 2 view .LVU55
 168 002a 42EA0121 		orr	r1, r2, r1, lsl #8
 169              	.LVL8:
 167:Drivers/STM32G4xx_HAL_Driver/Src/stm32g4xx_hal_i2c_ex.c **** 
 168:Drivers/STM32G4xx_HAL_Driver/Src/stm32g4xx_hal_i2c_ex.c ****     /* Store the new register value */
 169:Drivers/STM32G4xx_HAL_Driver/Src/stm32g4xx_hal_i2c_ex.c ****     hi2c->Instance->CR1 = tmpreg;
 170              		.loc 1 169 5 is_stmt 1 discriminator 2 view .LVU56
 171              		.loc 1 169 25 is_stmt 0 discriminator 2 view .LVU57
ARM GAS  /tmp/ccOAdAkf.s 			page 7


 172 002e 1960     		str	r1, [r3]
 170:Drivers/STM32G4xx_HAL_Driver/Src/stm32g4xx_hal_i2c_ex.c **** 
 171:Drivers/STM32G4xx_HAL_Driver/Src/stm32g4xx_hal_i2c_ex.c ****     __HAL_I2C_ENABLE(hi2c);
 173              		.loc 1 171 5 is_stmt 1 discriminator 2 view .LVU58
 174 0030 1A68     		ldr	r2, [r3]
 175 0032 42F00102 		orr	r2, r2, #1
 176 0036 1A60     		str	r2, [r3]
 172:Drivers/STM32G4xx_HAL_Driver/Src/stm32g4xx_hal_i2c_ex.c **** 
 173:Drivers/STM32G4xx_HAL_Driver/Src/stm32g4xx_hal_i2c_ex.c ****     hi2c->State = HAL_I2C_STATE_READY;
 177              		.loc 1 173 5 discriminator 2 view .LVU59
 174:Drivers/STM32G4xx_HAL_Driver/Src/stm32g4xx_hal_i2c_ex.c **** 
 175:Drivers/STM32G4xx_HAL_Driver/Src/stm32g4xx_hal_i2c_ex.c ****     /* Process Unlocked */
 176:Drivers/STM32G4xx_HAL_Driver/Src/stm32g4xx_hal_i2c_ex.c ****     __HAL_UNLOCK(hi2c);
 178              		.loc 1 176 5 is_stmt 0 discriminator 2 view .LVU60
 179 0038 0023     		movs	r3, #0
 173:Drivers/STM32G4xx_HAL_Driver/Src/stm32g4xx_hal_i2c_ex.c **** 
 180              		.loc 1 173 17 discriminator 2 view .LVU61
 181 003a 80F84140 		strb	r4, [r0, #65]
 182              		.loc 1 176 5 is_stmt 1 discriminator 2 view .LVU62
 183              		.loc 1 176 5 discriminator 2 view .LVU63
 184 003e 80F84030 		strb	r3, [r0, #64]
 185              		.loc 1 176 5 discriminator 2 view .LVU64
 177:Drivers/STM32G4xx_HAL_Driver/Src/stm32g4xx_hal_i2c_ex.c **** 
 178:Drivers/STM32G4xx_HAL_Driver/Src/stm32g4xx_hal_i2c_ex.c ****     return HAL_OK;
 186              		.loc 1 178 5 discriminator 2 view .LVU65
 187              		.loc 1 178 12 is_stmt 0 discriminator 2 view .LVU66
 188 0042 1846     		mov	r0, r3
 189              	.LVL9:
 190              	.L6:
 179:Drivers/STM32G4xx_HAL_Driver/Src/stm32g4xx_hal_i2c_ex.c ****   }
 180:Drivers/STM32G4xx_HAL_Driver/Src/stm32g4xx_hal_i2c_ex.c ****   else
 181:Drivers/STM32G4xx_HAL_Driver/Src/stm32g4xx_hal_i2c_ex.c ****   {
 182:Drivers/STM32G4xx_HAL_Driver/Src/stm32g4xx_hal_i2c_ex.c ****     return HAL_BUSY;
 183:Drivers/STM32G4xx_HAL_Driver/Src/stm32g4xx_hal_i2c_ex.c ****   }
 184:Drivers/STM32G4xx_HAL_Driver/Src/stm32g4xx_hal_i2c_ex.c **** }
 191              		.loc 1 184 1 view .LVU67
 192 0044 10BD     		pop	{r4, pc}
 193              	.LVL10:
 194              	.L8:
 182:Drivers/STM32G4xx_HAL_Driver/Src/stm32g4xx_hal_i2c_ex.c ****   }
 195              		.loc 1 182 12 view .LVU68
 196 0046 0220     		movs	r0, #2
 197              	.LVL11:
 182:Drivers/STM32G4xx_HAL_Driver/Src/stm32g4xx_hal_i2c_ex.c ****   }
 198              		.loc 1 182 12 view .LVU69
 199 0048 FCE7     		b	.L6
 200              		.cfi_endproc
 201              	.LFE358:
 203              		.section	.text.HAL_I2CEx_EnableWakeUp,"ax",%progbits
 204              		.align	1
 205              		.global	HAL_I2CEx_EnableWakeUp
 206              		.syntax unified
 207              		.thumb
 208              		.thumb_func
 209              		.fpu fpv4-sp-d16
 211              	HAL_I2CEx_EnableWakeUp:
 212              	.LVL12:
ARM GAS  /tmp/ccOAdAkf.s 			page 8


 213              	.LFB359:
 185:Drivers/STM32G4xx_HAL_Driver/Src/stm32g4xx_hal_i2c_ex.c **** 
 186:Drivers/STM32G4xx_HAL_Driver/Src/stm32g4xx_hal_i2c_ex.c **** /**
 187:Drivers/STM32G4xx_HAL_Driver/Src/stm32g4xx_hal_i2c_ex.c ****   * @brief  Enable I2C wakeup from Stop mode(s).
 188:Drivers/STM32G4xx_HAL_Driver/Src/stm32g4xx_hal_i2c_ex.c ****   * @param  hi2c Pointer to a I2C_HandleTypeDef structure that contains
 189:Drivers/STM32G4xx_HAL_Driver/Src/stm32g4xx_hal_i2c_ex.c ****   *                the configuration information for the specified I2Cx peripheral.
 190:Drivers/STM32G4xx_HAL_Driver/Src/stm32g4xx_hal_i2c_ex.c ****   * @retval HAL status
 191:Drivers/STM32G4xx_HAL_Driver/Src/stm32g4xx_hal_i2c_ex.c ****   */
 192:Drivers/STM32G4xx_HAL_Driver/Src/stm32g4xx_hal_i2c_ex.c **** HAL_StatusTypeDef HAL_I2CEx_EnableWakeUp(I2C_HandleTypeDef *hi2c)
 193:Drivers/STM32G4xx_HAL_Driver/Src/stm32g4xx_hal_i2c_ex.c **** {
 214              		.loc 1 193 1 is_stmt 1 view -0
 215              		.cfi_startproc
 216              		@ args = 0, pretend = 0, frame = 0
 217              		@ frame_needed = 0, uses_anonymous_args = 0
 218              		@ link register save eliminated.
 194:Drivers/STM32G4xx_HAL_Driver/Src/stm32g4xx_hal_i2c_ex.c ****   /* Check the parameters */
 195:Drivers/STM32G4xx_HAL_Driver/Src/stm32g4xx_hal_i2c_ex.c ****   assert_param(IS_I2C_WAKEUP_FROMSTOP_INSTANCE(hi2c->Instance));
 219              		.loc 1 195 3 view .LVU71
 196:Drivers/STM32G4xx_HAL_Driver/Src/stm32g4xx_hal_i2c_ex.c **** 
 197:Drivers/STM32G4xx_HAL_Driver/Src/stm32g4xx_hal_i2c_ex.c ****   if (hi2c->State == HAL_I2C_STATE_READY)
 220              		.loc 1 197 3 view .LVU72
 221              		.loc 1 197 11 is_stmt 0 view .LVU73
 222 0000 90F84130 		ldrb	r3, [r0, #65]	@ zero_extendqisi2
 223              		.loc 1 197 6 view .LVU74
 224 0004 202B     		cmp	r3, #32
 225              		.loc 1 197 11 view .LVU75
 226 0006 D9B2     		uxtb	r1, r3
 227              		.loc 1 197 6 view .LVU76
 228 0008 1AD1     		bne	.L12
 198:Drivers/STM32G4xx_HAL_Driver/Src/stm32g4xx_hal_i2c_ex.c ****   {
 199:Drivers/STM32G4xx_HAL_Driver/Src/stm32g4xx_hal_i2c_ex.c ****     /* Process Locked */
 200:Drivers/STM32G4xx_HAL_Driver/Src/stm32g4xx_hal_i2c_ex.c ****     __HAL_LOCK(hi2c);
 229              		.loc 1 200 5 is_stmt 1 view .LVU77
 230              		.loc 1 200 5 view .LVU78
 231 000a 90F84030 		ldrb	r3, [r0, #64]	@ zero_extendqisi2
 232 000e 012B     		cmp	r3, #1
 233 0010 16D0     		beq	.L12
 234              		.loc 1 200 5 discriminator 2 view .LVU79
 235              		.loc 1 200 5 discriminator 2 view .LVU80
 201:Drivers/STM32G4xx_HAL_Driver/Src/stm32g4xx_hal_i2c_ex.c **** 
 202:Drivers/STM32G4xx_HAL_Driver/Src/stm32g4xx_hal_i2c_ex.c ****     hi2c->State = HAL_I2C_STATE_BUSY;
 236              		.loc 1 202 5 discriminator 2 view .LVU81
 237              		.loc 1 202 17 is_stmt 0 discriminator 2 view .LVU82
 238 0012 2423     		movs	r3, #36
 239 0014 80F84130 		strb	r3, [r0, #65]
 203:Drivers/STM32G4xx_HAL_Driver/Src/stm32g4xx_hal_i2c_ex.c **** 
 204:Drivers/STM32G4xx_HAL_Driver/Src/stm32g4xx_hal_i2c_ex.c ****     /* Disable the selected I2C peripheral */
 205:Drivers/STM32G4xx_HAL_Driver/Src/stm32g4xx_hal_i2c_ex.c ****     __HAL_I2C_DISABLE(hi2c);
 240              		.loc 1 205 5 is_stmt 1 discriminator 2 view .LVU83
 241 0018 0368     		ldr	r3, [r0]
 242 001a 1A68     		ldr	r2, [r3]
 243 001c 22F00102 		bic	r2, r2, #1
 244 0020 1A60     		str	r2, [r3]
 206:Drivers/STM32G4xx_HAL_Driver/Src/stm32g4xx_hal_i2c_ex.c **** 
 207:Drivers/STM32G4xx_HAL_Driver/Src/stm32g4xx_hal_i2c_ex.c ****     /* Enable wakeup from stop mode */
 208:Drivers/STM32G4xx_HAL_Driver/Src/stm32g4xx_hal_i2c_ex.c ****     hi2c->Instance->CR1 |= I2C_CR1_WUPEN;
 245              		.loc 1 208 5 discriminator 2 view .LVU84
ARM GAS  /tmp/ccOAdAkf.s 			page 9


 246              		.loc 1 208 25 is_stmt 0 discriminator 2 view .LVU85
 247 0022 1A68     		ldr	r2, [r3]
 248 0024 42F48022 		orr	r2, r2, #262144
 249 0028 1A60     		str	r2, [r3]
 209:Drivers/STM32G4xx_HAL_Driver/Src/stm32g4xx_hal_i2c_ex.c **** 
 210:Drivers/STM32G4xx_HAL_Driver/Src/stm32g4xx_hal_i2c_ex.c ****     __HAL_I2C_ENABLE(hi2c);
 250              		.loc 1 210 5 is_stmt 1 discriminator 2 view .LVU86
 251 002a 1A68     		ldr	r2, [r3]
 252 002c 42F00102 		orr	r2, r2, #1
 253 0030 1A60     		str	r2, [r3]
 211:Drivers/STM32G4xx_HAL_Driver/Src/stm32g4xx_hal_i2c_ex.c **** 
 212:Drivers/STM32G4xx_HAL_Driver/Src/stm32g4xx_hal_i2c_ex.c ****     hi2c->State = HAL_I2C_STATE_READY;
 254              		.loc 1 212 5 discriminator 2 view .LVU87
 213:Drivers/STM32G4xx_HAL_Driver/Src/stm32g4xx_hal_i2c_ex.c **** 
 214:Drivers/STM32G4xx_HAL_Driver/Src/stm32g4xx_hal_i2c_ex.c ****     /* Process Unlocked */
 215:Drivers/STM32G4xx_HAL_Driver/Src/stm32g4xx_hal_i2c_ex.c ****     __HAL_UNLOCK(hi2c);
 255              		.loc 1 215 5 is_stmt 0 discriminator 2 view .LVU88
 256 0032 0023     		movs	r3, #0
 212:Drivers/STM32G4xx_HAL_Driver/Src/stm32g4xx_hal_i2c_ex.c **** 
 257              		.loc 1 212 17 discriminator 2 view .LVU89
 258 0034 80F84110 		strb	r1, [r0, #65]
 259              		.loc 1 215 5 is_stmt 1 discriminator 2 view .LVU90
 260              		.loc 1 215 5 discriminator 2 view .LVU91
 261 0038 80F84030 		strb	r3, [r0, #64]
 262              		.loc 1 215 5 discriminator 2 view .LVU92
 216:Drivers/STM32G4xx_HAL_Driver/Src/stm32g4xx_hal_i2c_ex.c **** 
 217:Drivers/STM32G4xx_HAL_Driver/Src/stm32g4xx_hal_i2c_ex.c ****     return HAL_OK;
 263              		.loc 1 217 5 discriminator 2 view .LVU93
 264              		.loc 1 217 12 is_stmt 0 discriminator 2 view .LVU94
 265 003c 1846     		mov	r0, r3
 266              	.LVL13:
 267              		.loc 1 217 12 discriminator 2 view .LVU95
 268 003e 7047     		bx	lr
 269              	.LVL14:
 270              	.L12:
 218:Drivers/STM32G4xx_HAL_Driver/Src/stm32g4xx_hal_i2c_ex.c ****   }
 219:Drivers/STM32G4xx_HAL_Driver/Src/stm32g4xx_hal_i2c_ex.c ****   else
 220:Drivers/STM32G4xx_HAL_Driver/Src/stm32g4xx_hal_i2c_ex.c ****   {
 221:Drivers/STM32G4xx_HAL_Driver/Src/stm32g4xx_hal_i2c_ex.c ****     return HAL_BUSY;
 271              		.loc 1 221 12 view .LVU96
 272 0040 0220     		movs	r0, #2
 273              	.LVL15:
 222:Drivers/STM32G4xx_HAL_Driver/Src/stm32g4xx_hal_i2c_ex.c ****   }
 223:Drivers/STM32G4xx_HAL_Driver/Src/stm32g4xx_hal_i2c_ex.c **** }
 274              		.loc 1 223 1 view .LVU97
 275 0042 7047     		bx	lr
 276              		.cfi_endproc
 277              	.LFE359:
 279              		.section	.text.HAL_I2CEx_DisableWakeUp,"ax",%progbits
 280              		.align	1
 281              		.global	HAL_I2CEx_DisableWakeUp
 282              		.syntax unified
 283              		.thumb
 284              		.thumb_func
 285              		.fpu fpv4-sp-d16
 287              	HAL_I2CEx_DisableWakeUp:
 288              	.LVL16:
ARM GAS  /tmp/ccOAdAkf.s 			page 10


 289              	.LFB360:
 224:Drivers/STM32G4xx_HAL_Driver/Src/stm32g4xx_hal_i2c_ex.c **** 
 225:Drivers/STM32G4xx_HAL_Driver/Src/stm32g4xx_hal_i2c_ex.c **** /**
 226:Drivers/STM32G4xx_HAL_Driver/Src/stm32g4xx_hal_i2c_ex.c ****   * @brief  Disable I2C wakeup from Stop mode(s).
 227:Drivers/STM32G4xx_HAL_Driver/Src/stm32g4xx_hal_i2c_ex.c ****   * @param  hi2c Pointer to a I2C_HandleTypeDef structure that contains
 228:Drivers/STM32G4xx_HAL_Driver/Src/stm32g4xx_hal_i2c_ex.c ****   *                the configuration information for the specified I2Cx peripheral.
 229:Drivers/STM32G4xx_HAL_Driver/Src/stm32g4xx_hal_i2c_ex.c ****   * @retval HAL status
 230:Drivers/STM32G4xx_HAL_Driver/Src/stm32g4xx_hal_i2c_ex.c ****   */
 231:Drivers/STM32G4xx_HAL_Driver/Src/stm32g4xx_hal_i2c_ex.c **** HAL_StatusTypeDef HAL_I2CEx_DisableWakeUp(I2C_HandleTypeDef *hi2c)
 232:Drivers/STM32G4xx_HAL_Driver/Src/stm32g4xx_hal_i2c_ex.c **** {
 290              		.loc 1 232 1 is_stmt 1 view -0
 291              		.cfi_startproc
 292              		@ args = 0, pretend = 0, frame = 0
 293              		@ frame_needed = 0, uses_anonymous_args = 0
 294              		@ link register save eliminated.
 233:Drivers/STM32G4xx_HAL_Driver/Src/stm32g4xx_hal_i2c_ex.c ****   /* Check the parameters */
 234:Drivers/STM32G4xx_HAL_Driver/Src/stm32g4xx_hal_i2c_ex.c ****   assert_param(IS_I2C_WAKEUP_FROMSTOP_INSTANCE(hi2c->Instance));
 295              		.loc 1 234 3 view .LVU99
 235:Drivers/STM32G4xx_HAL_Driver/Src/stm32g4xx_hal_i2c_ex.c **** 
 236:Drivers/STM32G4xx_HAL_Driver/Src/stm32g4xx_hal_i2c_ex.c ****   if (hi2c->State == HAL_I2C_STATE_READY)
 296              		.loc 1 236 3 view .LVU100
 297              		.loc 1 236 11 is_stmt 0 view .LVU101
 298 0000 90F84130 		ldrb	r3, [r0, #65]	@ zero_extendqisi2
 299              		.loc 1 236 6 view .LVU102
 300 0004 202B     		cmp	r3, #32
 301              		.loc 1 236 11 view .LVU103
 302 0006 D9B2     		uxtb	r1, r3
 303              		.loc 1 236 6 view .LVU104
 304 0008 1AD1     		bne	.L16
 237:Drivers/STM32G4xx_HAL_Driver/Src/stm32g4xx_hal_i2c_ex.c ****   {
 238:Drivers/STM32G4xx_HAL_Driver/Src/stm32g4xx_hal_i2c_ex.c ****     /* Process Locked */
 239:Drivers/STM32G4xx_HAL_Driver/Src/stm32g4xx_hal_i2c_ex.c ****     __HAL_LOCK(hi2c);
 305              		.loc 1 239 5 is_stmt 1 view .LVU105
 306              		.loc 1 239 5 view .LVU106
 307 000a 90F84030 		ldrb	r3, [r0, #64]	@ zero_extendqisi2
 308 000e 012B     		cmp	r3, #1
 309 0010 16D0     		beq	.L16
 310              		.loc 1 239 5 discriminator 2 view .LVU107
 311              		.loc 1 239 5 discriminator 2 view .LVU108
 240:Drivers/STM32G4xx_HAL_Driver/Src/stm32g4xx_hal_i2c_ex.c **** 
 241:Drivers/STM32G4xx_HAL_Driver/Src/stm32g4xx_hal_i2c_ex.c ****     hi2c->State = HAL_I2C_STATE_BUSY;
 312              		.loc 1 241 5 discriminator 2 view .LVU109
 313              		.loc 1 241 17 is_stmt 0 discriminator 2 view .LVU110
 314 0012 2423     		movs	r3, #36
 315 0014 80F84130 		strb	r3, [r0, #65]
 242:Drivers/STM32G4xx_HAL_Driver/Src/stm32g4xx_hal_i2c_ex.c **** 
 243:Drivers/STM32G4xx_HAL_Driver/Src/stm32g4xx_hal_i2c_ex.c ****     /* Disable the selected I2C peripheral */
 244:Drivers/STM32G4xx_HAL_Driver/Src/stm32g4xx_hal_i2c_ex.c ****     __HAL_I2C_DISABLE(hi2c);
 316              		.loc 1 244 5 is_stmt 1 discriminator 2 view .LVU111
 317 0018 0368     		ldr	r3, [r0]
 318 001a 1A68     		ldr	r2, [r3]
 319 001c 22F00102 		bic	r2, r2, #1
 320 0020 1A60     		str	r2, [r3]
 245:Drivers/STM32G4xx_HAL_Driver/Src/stm32g4xx_hal_i2c_ex.c **** 
 246:Drivers/STM32G4xx_HAL_Driver/Src/stm32g4xx_hal_i2c_ex.c ****     /* Enable wakeup from stop mode */
 247:Drivers/STM32G4xx_HAL_Driver/Src/stm32g4xx_hal_i2c_ex.c ****     hi2c->Instance->CR1 &= ~(I2C_CR1_WUPEN);
 321              		.loc 1 247 5 discriminator 2 view .LVU112
ARM GAS  /tmp/ccOAdAkf.s 			page 11


 322              		.loc 1 247 25 is_stmt 0 discriminator 2 view .LVU113
 323 0022 1A68     		ldr	r2, [r3]
 324 0024 22F48022 		bic	r2, r2, #262144
 325 0028 1A60     		str	r2, [r3]
 248:Drivers/STM32G4xx_HAL_Driver/Src/stm32g4xx_hal_i2c_ex.c **** 
 249:Drivers/STM32G4xx_HAL_Driver/Src/stm32g4xx_hal_i2c_ex.c ****     __HAL_I2C_ENABLE(hi2c);
 326              		.loc 1 249 5 is_stmt 1 discriminator 2 view .LVU114
 327 002a 1A68     		ldr	r2, [r3]
 328 002c 42F00102 		orr	r2, r2, #1
 329 0030 1A60     		str	r2, [r3]
 250:Drivers/STM32G4xx_HAL_Driver/Src/stm32g4xx_hal_i2c_ex.c **** 
 251:Drivers/STM32G4xx_HAL_Driver/Src/stm32g4xx_hal_i2c_ex.c ****     hi2c->State = HAL_I2C_STATE_READY;
 330              		.loc 1 251 5 discriminator 2 view .LVU115
 252:Drivers/STM32G4xx_HAL_Driver/Src/stm32g4xx_hal_i2c_ex.c **** 
 253:Drivers/STM32G4xx_HAL_Driver/Src/stm32g4xx_hal_i2c_ex.c ****     /* Process Unlocked */
 254:Drivers/STM32G4xx_HAL_Driver/Src/stm32g4xx_hal_i2c_ex.c ****     __HAL_UNLOCK(hi2c);
 331              		.loc 1 254 5 is_stmt 0 discriminator 2 view .LVU116
 332 0032 0023     		movs	r3, #0
 251:Drivers/STM32G4xx_HAL_Driver/Src/stm32g4xx_hal_i2c_ex.c **** 
 333              		.loc 1 251 17 discriminator 2 view .LVU117
 334 0034 80F84110 		strb	r1, [r0, #65]
 335              		.loc 1 254 5 is_stmt 1 discriminator 2 view .LVU118
 336              		.loc 1 254 5 discriminator 2 view .LVU119
 337 0038 80F84030 		strb	r3, [r0, #64]
 338              		.loc 1 254 5 discriminator 2 view .LVU120
 255:Drivers/STM32G4xx_HAL_Driver/Src/stm32g4xx_hal_i2c_ex.c **** 
 256:Drivers/STM32G4xx_HAL_Driver/Src/stm32g4xx_hal_i2c_ex.c ****     return HAL_OK;
 339              		.loc 1 256 5 discriminator 2 view .LVU121
 340              		.loc 1 256 12 is_stmt 0 discriminator 2 view .LVU122
 341 003c 1846     		mov	r0, r3
 342              	.LVL17:
 343              		.loc 1 256 12 discriminator 2 view .LVU123
 344 003e 7047     		bx	lr
 345              	.LVL18:
 346              	.L16:
 257:Drivers/STM32G4xx_HAL_Driver/Src/stm32g4xx_hal_i2c_ex.c ****   }
 258:Drivers/STM32G4xx_HAL_Driver/Src/stm32g4xx_hal_i2c_ex.c ****   else
 259:Drivers/STM32G4xx_HAL_Driver/Src/stm32g4xx_hal_i2c_ex.c ****   {
 260:Drivers/STM32G4xx_HAL_Driver/Src/stm32g4xx_hal_i2c_ex.c ****     return HAL_BUSY;
 347              		.loc 1 260 12 view .LVU124
 348 0040 0220     		movs	r0, #2
 349              	.LVL19:
 261:Drivers/STM32G4xx_HAL_Driver/Src/stm32g4xx_hal_i2c_ex.c ****   }
 262:Drivers/STM32G4xx_HAL_Driver/Src/stm32g4xx_hal_i2c_ex.c **** }
 350              		.loc 1 262 1 view .LVU125
 351 0042 7047     		bx	lr
 352              		.cfi_endproc
 353              	.LFE360:
 355              		.section	.text.HAL_I2CEx_EnableFastModePlus,"ax",%progbits
 356              		.align	1
 357              		.global	HAL_I2CEx_EnableFastModePlus
 358              		.syntax unified
 359              		.thumb
 360              		.thumb_func
 361              		.fpu fpv4-sp-d16
 363              	HAL_I2CEx_EnableFastModePlus:
 364              	.LVL20:
ARM GAS  /tmp/ccOAdAkf.s 			page 12


 365              	.LFB361:
 263:Drivers/STM32G4xx_HAL_Driver/Src/stm32g4xx_hal_i2c_ex.c **** 
 264:Drivers/STM32G4xx_HAL_Driver/Src/stm32g4xx_hal_i2c_ex.c **** /**
 265:Drivers/STM32G4xx_HAL_Driver/Src/stm32g4xx_hal_i2c_ex.c ****   * @brief Enable the I2C fast mode plus driving capability.
 266:Drivers/STM32G4xx_HAL_Driver/Src/stm32g4xx_hal_i2c_ex.c ****   * @param ConfigFastModePlus Selects the pin.
 267:Drivers/STM32G4xx_HAL_Driver/Src/stm32g4xx_hal_i2c_ex.c ****   *   This parameter can be one of the @ref I2CEx_FastModePlus values
 268:Drivers/STM32G4xx_HAL_Driver/Src/stm32g4xx_hal_i2c_ex.c ****   * @note  For I2C1, fast mode plus driving capability can be enabled on all selected
 269:Drivers/STM32G4xx_HAL_Driver/Src/stm32g4xx_hal_i2c_ex.c ****   *        I2C1 pins using I2C_FASTMODEPLUS_I2C1 parameter or independently
 270:Drivers/STM32G4xx_HAL_Driver/Src/stm32g4xx_hal_i2c_ex.c ****   *        on each one of the following pins PB6, PB7, PB8 and PB9.
 271:Drivers/STM32G4xx_HAL_Driver/Src/stm32g4xx_hal_i2c_ex.c ****   * @note  For remaining I2C1 pins (PA14, PA15...) fast mode plus driving capability
 272:Drivers/STM32G4xx_HAL_Driver/Src/stm32g4xx_hal_i2c_ex.c ****   *        can be enabled only by using I2C_FASTMODEPLUS_I2C1 parameter.
 273:Drivers/STM32G4xx_HAL_Driver/Src/stm32g4xx_hal_i2c_ex.c ****   * @note  For all I2C2 pins fast mode plus driving capability can be enabled
 274:Drivers/STM32G4xx_HAL_Driver/Src/stm32g4xx_hal_i2c_ex.c ****   *        only by using I2C_FASTMODEPLUS_I2C2 parameter.
 275:Drivers/STM32G4xx_HAL_Driver/Src/stm32g4xx_hal_i2c_ex.c ****   * @note  For all I2C3 pins fast mode plus driving capability can be enabled
 276:Drivers/STM32G4xx_HAL_Driver/Src/stm32g4xx_hal_i2c_ex.c ****   *        only by using I2C_FASTMODEPLUS_I2C3 parameter.
 277:Drivers/STM32G4xx_HAL_Driver/Src/stm32g4xx_hal_i2c_ex.c ****   * @note  For all I2C4 pins fast mode plus driving capability can be enabled
 278:Drivers/STM32G4xx_HAL_Driver/Src/stm32g4xx_hal_i2c_ex.c ****   *        only by using I2C_FASTMODEPLUS_I2C4 parameter.
 279:Drivers/STM32G4xx_HAL_Driver/Src/stm32g4xx_hal_i2c_ex.c ****   * @retval None
 280:Drivers/STM32G4xx_HAL_Driver/Src/stm32g4xx_hal_i2c_ex.c ****   */
 281:Drivers/STM32G4xx_HAL_Driver/Src/stm32g4xx_hal_i2c_ex.c **** void HAL_I2CEx_EnableFastModePlus(uint32_t ConfigFastModePlus)
 282:Drivers/STM32G4xx_HAL_Driver/Src/stm32g4xx_hal_i2c_ex.c **** {
 366              		.loc 1 282 1 is_stmt 1 view -0
 367              		.cfi_startproc
 368              		@ args = 0, pretend = 0, frame = 8
 369              		@ frame_needed = 0, uses_anonymous_args = 0
 370              		@ link register save eliminated.
 283:Drivers/STM32G4xx_HAL_Driver/Src/stm32g4xx_hal_i2c_ex.c ****   /* Check the parameter */
 284:Drivers/STM32G4xx_HAL_Driver/Src/stm32g4xx_hal_i2c_ex.c ****   assert_param(IS_I2C_FASTMODEPLUS(ConfigFastModePlus));
 371              		.loc 1 284 3 view .LVU127
 285:Drivers/STM32G4xx_HAL_Driver/Src/stm32g4xx_hal_i2c_ex.c **** 
 286:Drivers/STM32G4xx_HAL_Driver/Src/stm32g4xx_hal_i2c_ex.c ****   /* Enable SYSCFG clock */
 287:Drivers/STM32G4xx_HAL_Driver/Src/stm32g4xx_hal_i2c_ex.c ****   __HAL_RCC_SYSCFG_CLK_ENABLE();
 372              		.loc 1 287 3 view .LVU128
 373              	.LBB2:
 374              		.loc 1 287 3 view .LVU129
 375              		.loc 1 287 3 view .LVU130
 376 0000 084A     		ldr	r2, .L18
 377 0002 116E     		ldr	r1, [r2, #96]
 378 0004 41F00101 		orr	r1, r1, #1
 379 0008 1166     		str	r1, [r2, #96]
 380              		.loc 1 287 3 view .LVU131
 381 000a 126E     		ldr	r2, [r2, #96]
 382              	.LBE2:
 282:Drivers/STM32G4xx_HAL_Driver/Src/stm32g4xx_hal_i2c_ex.c ****   /* Check the parameter */
 383              		.loc 1 282 1 is_stmt 0 view .LVU132
 384 000c 82B0     		sub	sp, sp, #8
 385              	.LCFI2:
 386              		.cfi_def_cfa_offset 8
 387              	.LBB3:
 388              		.loc 1 287 3 view .LVU133
 389 000e 02F00102 		and	r2, r2, #1
 390 0012 0192     		str	r2, [sp, #4]
 391              		.loc 1 287 3 is_stmt 1 view .LVU134
 392              	.LBE3:
 288:Drivers/STM32G4xx_HAL_Driver/Src/stm32g4xx_hal_i2c_ex.c **** 
 289:Drivers/STM32G4xx_HAL_Driver/Src/stm32g4xx_hal_i2c_ex.c ****   /* Enable fast mode plus driving capability for selected pin */
 290:Drivers/STM32G4xx_HAL_Driver/Src/stm32g4xx_hal_i2c_ex.c ****   SET_BIT(SYSCFG->CFGR1, (uint32_t)ConfigFastModePlus);
ARM GAS  /tmp/ccOAdAkf.s 			page 13


 393              		.loc 1 290 3 is_stmt 0 view .LVU135
 394 0014 044A     		ldr	r2, .L18+4
 395              	.LBB4:
 287:Drivers/STM32G4xx_HAL_Driver/Src/stm32g4xx_hal_i2c_ex.c **** 
 396              		.loc 1 287 3 view .LVU136
 397 0016 019B     		ldr	r3, [sp, #4]
 398              	.LBE4:
 287:Drivers/STM32G4xx_HAL_Driver/Src/stm32g4xx_hal_i2c_ex.c **** 
 399              		.loc 1 287 3 is_stmt 1 view .LVU137
 400              		.loc 1 290 3 view .LVU138
 401 0018 5368     		ldr	r3, [r2, #4]
 402 001a 1843     		orrs	r0, r0, r3
 403              	.LVL21:
 404              		.loc 1 290 3 is_stmt 0 view .LVU139
 405 001c 5060     		str	r0, [r2, #4]
 291:Drivers/STM32G4xx_HAL_Driver/Src/stm32g4xx_hal_i2c_ex.c **** }
 406              		.loc 1 291 1 view .LVU140
 407 001e 02B0     		add	sp, sp, #8
 408              	.LCFI3:
 409              		.cfi_def_cfa_offset 0
 410              		@ sp needed
 411 0020 7047     		bx	lr
 412              	.L19:
 413 0022 00BF     		.align	2
 414              	.L18:
 415 0024 00100240 		.word	1073876992
 416 0028 00000140 		.word	1073807360
 417              		.cfi_endproc
 418              	.LFE361:
 420              		.section	.text.HAL_I2CEx_DisableFastModePlus,"ax",%progbits
 421              		.align	1
 422              		.global	HAL_I2CEx_DisableFastModePlus
 423              		.syntax unified
 424              		.thumb
 425              		.thumb_func
 426              		.fpu fpv4-sp-d16
 428              	HAL_I2CEx_DisableFastModePlus:
 429              	.LVL22:
 430              	.LFB362:
 292:Drivers/STM32G4xx_HAL_Driver/Src/stm32g4xx_hal_i2c_ex.c **** 
 293:Drivers/STM32G4xx_HAL_Driver/Src/stm32g4xx_hal_i2c_ex.c **** /**
 294:Drivers/STM32G4xx_HAL_Driver/Src/stm32g4xx_hal_i2c_ex.c ****   * @brief Disable the I2C fast mode plus driving capability.
 295:Drivers/STM32G4xx_HAL_Driver/Src/stm32g4xx_hal_i2c_ex.c ****   * @param ConfigFastModePlus Selects the pin.
 296:Drivers/STM32G4xx_HAL_Driver/Src/stm32g4xx_hal_i2c_ex.c ****   *   This parameter can be one of the @ref I2CEx_FastModePlus values
 297:Drivers/STM32G4xx_HAL_Driver/Src/stm32g4xx_hal_i2c_ex.c ****   * @note  For I2C1, fast mode plus driving capability can be disabled on all selected
 298:Drivers/STM32G4xx_HAL_Driver/Src/stm32g4xx_hal_i2c_ex.c ****   *        I2C1 pins using I2C_FASTMODEPLUS_I2C1 parameter or independently
 299:Drivers/STM32G4xx_HAL_Driver/Src/stm32g4xx_hal_i2c_ex.c ****   *        on each one of the following pins PB6, PB7, PB8 and PB9.
 300:Drivers/STM32G4xx_HAL_Driver/Src/stm32g4xx_hal_i2c_ex.c ****   * @note  For remaining I2C1 pins (PA14, PA15...) fast mode plus driving capability
 301:Drivers/STM32G4xx_HAL_Driver/Src/stm32g4xx_hal_i2c_ex.c ****   *        can be disabled only by using I2C_FASTMODEPLUS_I2C1 parameter.
 302:Drivers/STM32G4xx_HAL_Driver/Src/stm32g4xx_hal_i2c_ex.c ****   * @note  For all I2C2 pins fast mode plus driving capability can be disabled
 303:Drivers/STM32G4xx_HAL_Driver/Src/stm32g4xx_hal_i2c_ex.c ****   *        only by using I2C_FASTMODEPLUS_I2C2 parameter.
 304:Drivers/STM32G4xx_HAL_Driver/Src/stm32g4xx_hal_i2c_ex.c ****   * @note  For all I2C3 pins fast mode plus driving capability can be disabled
 305:Drivers/STM32G4xx_HAL_Driver/Src/stm32g4xx_hal_i2c_ex.c ****   *        only by using I2C_FASTMODEPLUS_I2C3 parameter.
 306:Drivers/STM32G4xx_HAL_Driver/Src/stm32g4xx_hal_i2c_ex.c ****   * @note  For all I2C4 pins fast mode plus driving capability can be disabled
 307:Drivers/STM32G4xx_HAL_Driver/Src/stm32g4xx_hal_i2c_ex.c ****   *        only by using I2C_FASTMODEPLUS_I2C4 parameter.
 308:Drivers/STM32G4xx_HAL_Driver/Src/stm32g4xx_hal_i2c_ex.c ****   * @retval None
 309:Drivers/STM32G4xx_HAL_Driver/Src/stm32g4xx_hal_i2c_ex.c ****   */
ARM GAS  /tmp/ccOAdAkf.s 			page 14


 310:Drivers/STM32G4xx_HAL_Driver/Src/stm32g4xx_hal_i2c_ex.c **** void HAL_I2CEx_DisableFastModePlus(uint32_t ConfigFastModePlus)
 311:Drivers/STM32G4xx_HAL_Driver/Src/stm32g4xx_hal_i2c_ex.c **** {
 431              		.loc 1 311 1 is_stmt 1 view -0
 432              		.cfi_startproc
 433              		@ args = 0, pretend = 0, frame = 8
 434              		@ frame_needed = 0, uses_anonymous_args = 0
 435              		@ link register save eliminated.
 312:Drivers/STM32G4xx_HAL_Driver/Src/stm32g4xx_hal_i2c_ex.c ****   /* Check the parameter */
 313:Drivers/STM32G4xx_HAL_Driver/Src/stm32g4xx_hal_i2c_ex.c ****   assert_param(IS_I2C_FASTMODEPLUS(ConfigFastModePlus));
 436              		.loc 1 313 3 view .LVU142
 314:Drivers/STM32G4xx_HAL_Driver/Src/stm32g4xx_hal_i2c_ex.c **** 
 315:Drivers/STM32G4xx_HAL_Driver/Src/stm32g4xx_hal_i2c_ex.c ****   /* Enable SYSCFG clock */
 316:Drivers/STM32G4xx_HAL_Driver/Src/stm32g4xx_hal_i2c_ex.c ****   __HAL_RCC_SYSCFG_CLK_ENABLE();
 437              		.loc 1 316 3 view .LVU143
 438              	.LBB5:
 439              		.loc 1 316 3 view .LVU144
 440              		.loc 1 316 3 view .LVU145
 441 0000 084A     		ldr	r2, .L21
 442 0002 116E     		ldr	r1, [r2, #96]
 443 0004 41F00101 		orr	r1, r1, #1
 444 0008 1166     		str	r1, [r2, #96]
 445              		.loc 1 316 3 view .LVU146
 446 000a 126E     		ldr	r2, [r2, #96]
 447              	.LBE5:
 311:Drivers/STM32G4xx_HAL_Driver/Src/stm32g4xx_hal_i2c_ex.c ****   /* Check the parameter */
 448              		.loc 1 311 1 is_stmt 0 view .LVU147
 449 000c 82B0     		sub	sp, sp, #8
 450              	.LCFI4:
 451              		.cfi_def_cfa_offset 8
 452              	.LBB6:
 453              		.loc 1 316 3 view .LVU148
 454 000e 02F00102 		and	r2, r2, #1
 455 0012 0192     		str	r2, [sp, #4]
 456              		.loc 1 316 3 is_stmt 1 view .LVU149
 457              	.LBE6:
 317:Drivers/STM32G4xx_HAL_Driver/Src/stm32g4xx_hal_i2c_ex.c **** 
 318:Drivers/STM32G4xx_HAL_Driver/Src/stm32g4xx_hal_i2c_ex.c ****   /* Disable fast mode plus driving capability for selected pin */
 319:Drivers/STM32G4xx_HAL_Driver/Src/stm32g4xx_hal_i2c_ex.c ****   CLEAR_BIT(SYSCFG->CFGR1, (uint32_t)ConfigFastModePlus);
 458              		.loc 1 319 3 is_stmt 0 view .LVU150
 459 0014 044A     		ldr	r2, .L21+4
 460              	.LBB7:
 316:Drivers/STM32G4xx_HAL_Driver/Src/stm32g4xx_hal_i2c_ex.c **** 
 461              		.loc 1 316 3 view .LVU151
 462 0016 019B     		ldr	r3, [sp, #4]
 463              	.LBE7:
 316:Drivers/STM32G4xx_HAL_Driver/Src/stm32g4xx_hal_i2c_ex.c **** 
 464              		.loc 1 316 3 is_stmt 1 view .LVU152
 465              		.loc 1 319 3 view .LVU153
 466 0018 5368     		ldr	r3, [r2, #4]
 467 001a 23EA0000 		bic	r0, r3, r0
 468              	.LVL23:
 469              		.loc 1 319 3 is_stmt 0 view .LVU154
 470 001e 5060     		str	r0, [r2, #4]
 320:Drivers/STM32G4xx_HAL_Driver/Src/stm32g4xx_hal_i2c_ex.c **** }
 471              		.loc 1 320 1 view .LVU155
 472 0020 02B0     		add	sp, sp, #8
 473              	.LCFI5:
ARM GAS  /tmp/ccOAdAkf.s 			page 15


 474              		.cfi_def_cfa_offset 0
 475              		@ sp needed
 476 0022 7047     		bx	lr
 477              	.L22:
 478              		.align	2
 479              	.L21:
 480 0024 00100240 		.word	1073876992
 481 0028 00000140 		.word	1073807360
 482              		.cfi_endproc
 483              	.LFE362:
 485              		.text
 486              	.Letext0:
 487              		.file 2 "/usr/lib/gcc/arm-none-eabi/9.2.1/include/stdint.h"
 488              		.file 3 "Drivers/CMSIS/Include/core_cm4.h"
 489              		.file 4 "Drivers/CMSIS/Device/ST/STM32G4xx/Include/system_stm32g4xx.h"
 490              		.file 5 "Drivers/CMSIS/Device/ST/STM32G4xx/Include/stm32g474xx.h"
 491              		.file 6 "Drivers/STM32G4xx_HAL_Driver/Inc/stm32g4xx_hal_def.h"
 492              		.file 7 "Drivers/STM32G4xx_HAL_Driver/Inc/stm32g4xx_hal_dma.h"
 493              		.file 8 "Drivers/STM32G4xx_HAL_Driver/Inc/stm32g4xx_hal_flash.h"
 494              		.file 9 "Drivers/STM32G4xx_HAL_Driver/Inc/stm32g4xx_hal_i2c.h"
 495              		.file 10 "Drivers/STM32G4xx_HAL_Driver/Inc/stm32g4xx_hal.h"
ARM GAS  /tmp/ccOAdAkf.s 			page 16


DEFINED SYMBOLS
                            *ABS*:0000000000000000 stm32g4xx_hal_i2c_ex.c
     /tmp/ccOAdAkf.s:18     .text.HAL_I2CEx_ConfigAnalogFilter:0000000000000000 $t
     /tmp/ccOAdAkf.s:26     .text.HAL_I2CEx_ConfigAnalogFilter:0000000000000000 HAL_I2CEx_ConfigAnalogFilter
     /tmp/ccOAdAkf.s:110    .text.HAL_I2CEx_ConfigDigitalFilter:0000000000000000 $t
     /tmp/ccOAdAkf.s:117    .text.HAL_I2CEx_ConfigDigitalFilter:0000000000000000 HAL_I2CEx_ConfigDigitalFilter
     /tmp/ccOAdAkf.s:204    .text.HAL_I2CEx_EnableWakeUp:0000000000000000 $t
     /tmp/ccOAdAkf.s:211    .text.HAL_I2CEx_EnableWakeUp:0000000000000000 HAL_I2CEx_EnableWakeUp
     /tmp/ccOAdAkf.s:280    .text.HAL_I2CEx_DisableWakeUp:0000000000000000 $t
     /tmp/ccOAdAkf.s:287    .text.HAL_I2CEx_DisableWakeUp:0000000000000000 HAL_I2CEx_DisableWakeUp
     /tmp/ccOAdAkf.s:356    .text.HAL_I2CEx_EnableFastModePlus:0000000000000000 $t
     /tmp/ccOAdAkf.s:363    .text.HAL_I2CEx_EnableFastModePlus:0000000000000000 HAL_I2CEx_EnableFastModePlus
     /tmp/ccOAdAkf.s:415    .text.HAL_I2CEx_EnableFastModePlus:0000000000000024 $d
     /tmp/ccOAdAkf.s:421    .text.HAL_I2CEx_DisableFastModePlus:0000000000000000 $t
     /tmp/ccOAdAkf.s:428    .text.HAL_I2CEx_DisableFastModePlus:0000000000000000 HAL_I2CEx_DisableFastModePlus
     /tmp/ccOAdAkf.s:480    .text.HAL_I2CEx_DisableFastModePlus:0000000000000024 $d

NO UNDEFINED SYMBOLS
