ARM GAS  /tmp/ccUcdtMn.s 			page 1


   1              		.cpu cortex-m4
   2              		.eabi_attribute 27, 1
   3              		.eabi_attribute 28, 1
   4              		.eabi_attribute 20, 1
   5              		.eabi_attribute 21, 1
   6              		.eabi_attribute 23, 3
   7              		.eabi_attribute 24, 1
   8              		.eabi_attribute 25, 1
   9              		.eabi_attribute 26, 1
  10              		.eabi_attribute 30, 4
  11              		.eabi_attribute 34, 1
  12              		.eabi_attribute 18, 4
  13              		.file	"stm32g4xx_hal_flash_ramfunc.c"
  14              		.text
  15              	.Ltext0:
  16              		.cfi_sections	.debug_frame
  17              		.section	.RamFunc,"ax",%progbits
  18              		.align	1
  19              		.global	HAL_FLASHEx_EnableRunPowerDown
  20              		.arch armv7e-m
  21              		.syntax unified
  22              		.thumb
  23              		.thumb_func
  24              		.fpu fpv4-sp-d16
  26              	HAL_FLASHEx_EnableRunPowerDown:
  27              	.LFB357:
  28              		.file 1 "Drivers/STM32G4xx_HAL_Driver/Src/stm32g4xx_hal_flash_ramfunc.c"
   1:Drivers/STM32G4xx_HAL_Driver/Src/stm32g4xx_hal_flash_ramfunc.c **** /**
   2:Drivers/STM32G4xx_HAL_Driver/Src/stm32g4xx_hal_flash_ramfunc.c ****   ******************************************************************************
   3:Drivers/STM32G4xx_HAL_Driver/Src/stm32g4xx_hal_flash_ramfunc.c ****   * @file    stm32g4xx_hal_flash_ramfunc.c
   4:Drivers/STM32G4xx_HAL_Driver/Src/stm32g4xx_hal_flash_ramfunc.c ****   * @author  MCD Application Team
   5:Drivers/STM32G4xx_HAL_Driver/Src/stm32g4xx_hal_flash_ramfunc.c ****   * @brief   FLASH RAMFUNC driver.
   6:Drivers/STM32G4xx_HAL_Driver/Src/stm32g4xx_hal_flash_ramfunc.c ****   *          This file provides a Flash firmware functions which should be
   7:Drivers/STM32G4xx_HAL_Driver/Src/stm32g4xx_hal_flash_ramfunc.c ****   *          executed from internal SRAM
   8:Drivers/STM32G4xx_HAL_Driver/Src/stm32g4xx_hal_flash_ramfunc.c ****   *            + FLASH Power Down in Run mode
   9:Drivers/STM32G4xx_HAL_Driver/Src/stm32g4xx_hal_flash_ramfunc.c ****   *            + FLASH DBANK User Option Byte
  10:Drivers/STM32G4xx_HAL_Driver/Src/stm32g4xx_hal_flash_ramfunc.c ****   *
  11:Drivers/STM32G4xx_HAL_Driver/Src/stm32g4xx_hal_flash_ramfunc.c ****   *
  12:Drivers/STM32G4xx_HAL_Driver/Src/stm32g4xx_hal_flash_ramfunc.c ****   @verbatim
  13:Drivers/STM32G4xx_HAL_Driver/Src/stm32g4xx_hal_flash_ramfunc.c ****   ==============================================================================
  14:Drivers/STM32G4xx_HAL_Driver/Src/stm32g4xx_hal_flash_ramfunc.c ****                    ##### Flash RAM functions #####
  15:Drivers/STM32G4xx_HAL_Driver/Src/stm32g4xx_hal_flash_ramfunc.c ****   ==============================================================================
  16:Drivers/STM32G4xx_HAL_Driver/Src/stm32g4xx_hal_flash_ramfunc.c **** 
  17:Drivers/STM32G4xx_HAL_Driver/Src/stm32g4xx_hal_flash_ramfunc.c ****     *** ARM Compiler ***
  18:Drivers/STM32G4xx_HAL_Driver/Src/stm32g4xx_hal_flash_ramfunc.c ****     --------------------
  19:Drivers/STM32G4xx_HAL_Driver/Src/stm32g4xx_hal_flash_ramfunc.c ****     [..] RAM functions are defined using the toolchain options.
  20:Drivers/STM32G4xx_HAL_Driver/Src/stm32g4xx_hal_flash_ramfunc.c ****          Functions that are executed in RAM should reside in a separate
  21:Drivers/STM32G4xx_HAL_Driver/Src/stm32g4xx_hal_flash_ramfunc.c ****          source module. Using the 'Options for File' dialog you can simply change
  22:Drivers/STM32G4xx_HAL_Driver/Src/stm32g4xx_hal_flash_ramfunc.c ****          the 'Code / Const' area of a module to a memory space in physical RAM.
  23:Drivers/STM32G4xx_HAL_Driver/Src/stm32g4xx_hal_flash_ramfunc.c ****          Available memory areas are declared in the 'Target' tab of the
  24:Drivers/STM32G4xx_HAL_Driver/Src/stm32g4xx_hal_flash_ramfunc.c ****          Options for Target' dialog.
  25:Drivers/STM32G4xx_HAL_Driver/Src/stm32g4xx_hal_flash_ramfunc.c **** 
  26:Drivers/STM32G4xx_HAL_Driver/Src/stm32g4xx_hal_flash_ramfunc.c ****     *** ICCARM Compiler ***
  27:Drivers/STM32G4xx_HAL_Driver/Src/stm32g4xx_hal_flash_ramfunc.c ****     -----------------------
  28:Drivers/STM32G4xx_HAL_Driver/Src/stm32g4xx_hal_flash_ramfunc.c ****     [..] RAM functions are defined using a specific toolchain keyword "__ramfunc".
  29:Drivers/STM32G4xx_HAL_Driver/Src/stm32g4xx_hal_flash_ramfunc.c **** 
  30:Drivers/STM32G4xx_HAL_Driver/Src/stm32g4xx_hal_flash_ramfunc.c ****     *** GNU Compiler ***
ARM GAS  /tmp/ccUcdtMn.s 			page 2


  31:Drivers/STM32G4xx_HAL_Driver/Src/stm32g4xx_hal_flash_ramfunc.c ****     --------------------
  32:Drivers/STM32G4xx_HAL_Driver/Src/stm32g4xx_hal_flash_ramfunc.c ****     [..] RAM functions are defined using a specific toolchain attribute
  33:Drivers/STM32G4xx_HAL_Driver/Src/stm32g4xx_hal_flash_ramfunc.c ****          "__attribute__((section(".RamFunc")))".
  34:Drivers/STM32G4xx_HAL_Driver/Src/stm32g4xx_hal_flash_ramfunc.c **** 
  35:Drivers/STM32G4xx_HAL_Driver/Src/stm32g4xx_hal_flash_ramfunc.c ****   @endverbatim
  36:Drivers/STM32G4xx_HAL_Driver/Src/stm32g4xx_hal_flash_ramfunc.c ****   ******************************************************************************
  37:Drivers/STM32G4xx_HAL_Driver/Src/stm32g4xx_hal_flash_ramfunc.c ****   * @attention
  38:Drivers/STM32G4xx_HAL_Driver/Src/stm32g4xx_hal_flash_ramfunc.c ****   *
  39:Drivers/STM32G4xx_HAL_Driver/Src/stm32g4xx_hal_flash_ramfunc.c ****   * <h2><center>&copy; COPYRIGHT(c) 2019 STMicroelectronics</center></h2>
  40:Drivers/STM32G4xx_HAL_Driver/Src/stm32g4xx_hal_flash_ramfunc.c ****   *
  41:Drivers/STM32G4xx_HAL_Driver/Src/stm32g4xx_hal_flash_ramfunc.c ****   * This software component is licensed by ST under BSD 3-Clause license,
  42:Drivers/STM32G4xx_HAL_Driver/Src/stm32g4xx_hal_flash_ramfunc.c ****   * the "License"; You may not use this file except in compliance with the
  43:Drivers/STM32G4xx_HAL_Driver/Src/stm32g4xx_hal_flash_ramfunc.c ****   * License. You may obtain a copy of the License at:
  44:Drivers/STM32G4xx_HAL_Driver/Src/stm32g4xx_hal_flash_ramfunc.c ****   *                       opensource.org/licenses/BSD-3-Clause
  45:Drivers/STM32G4xx_HAL_Driver/Src/stm32g4xx_hal_flash_ramfunc.c ****   *
  46:Drivers/STM32G4xx_HAL_Driver/Src/stm32g4xx_hal_flash_ramfunc.c ****   ******************************************************************************
  47:Drivers/STM32G4xx_HAL_Driver/Src/stm32g4xx_hal_flash_ramfunc.c ****   */
  48:Drivers/STM32G4xx_HAL_Driver/Src/stm32g4xx_hal_flash_ramfunc.c **** 
  49:Drivers/STM32G4xx_HAL_Driver/Src/stm32g4xx_hal_flash_ramfunc.c **** /* Includes ------------------------------------------------------------------*/
  50:Drivers/STM32G4xx_HAL_Driver/Src/stm32g4xx_hal_flash_ramfunc.c **** #include "stm32g4xx_hal.h"
  51:Drivers/STM32G4xx_HAL_Driver/Src/stm32g4xx_hal_flash_ramfunc.c **** 
  52:Drivers/STM32G4xx_HAL_Driver/Src/stm32g4xx_hal_flash_ramfunc.c **** /** @addtogroup STM32G4xx_HAL_Driver
  53:Drivers/STM32G4xx_HAL_Driver/Src/stm32g4xx_hal_flash_ramfunc.c ****   * @{
  54:Drivers/STM32G4xx_HAL_Driver/Src/stm32g4xx_hal_flash_ramfunc.c ****   */
  55:Drivers/STM32G4xx_HAL_Driver/Src/stm32g4xx_hal_flash_ramfunc.c **** 
  56:Drivers/STM32G4xx_HAL_Driver/Src/stm32g4xx_hal_flash_ramfunc.c **** /** @defgroup FLASH_RAMFUNC FLASH_RAMFUNC
  57:Drivers/STM32G4xx_HAL_Driver/Src/stm32g4xx_hal_flash_ramfunc.c ****   * @brief FLASH functions executed from RAM
  58:Drivers/STM32G4xx_HAL_Driver/Src/stm32g4xx_hal_flash_ramfunc.c ****   * @{
  59:Drivers/STM32G4xx_HAL_Driver/Src/stm32g4xx_hal_flash_ramfunc.c ****   */
  60:Drivers/STM32G4xx_HAL_Driver/Src/stm32g4xx_hal_flash_ramfunc.c **** 
  61:Drivers/STM32G4xx_HAL_Driver/Src/stm32g4xx_hal_flash_ramfunc.c **** #ifdef HAL_FLASH_MODULE_ENABLED
  62:Drivers/STM32G4xx_HAL_Driver/Src/stm32g4xx_hal_flash_ramfunc.c **** 
  63:Drivers/STM32G4xx_HAL_Driver/Src/stm32g4xx_hal_flash_ramfunc.c **** /* Private typedef -----------------------------------------------------------*/
  64:Drivers/STM32G4xx_HAL_Driver/Src/stm32g4xx_hal_flash_ramfunc.c **** /* Private define ------------------------------------------------------------*/
  65:Drivers/STM32G4xx_HAL_Driver/Src/stm32g4xx_hal_flash_ramfunc.c **** /* Private macro -------------------------------------------------------------*/
  66:Drivers/STM32G4xx_HAL_Driver/Src/stm32g4xx_hal_flash_ramfunc.c **** /* Private variables ---------------------------------------------------------*/
  67:Drivers/STM32G4xx_HAL_Driver/Src/stm32g4xx_hal_flash_ramfunc.c **** /* Private function prototypes -----------------------------------------------*/
  68:Drivers/STM32G4xx_HAL_Driver/Src/stm32g4xx_hal_flash_ramfunc.c **** /* Exported functions -------------------------------------------------------*/
  69:Drivers/STM32G4xx_HAL_Driver/Src/stm32g4xx_hal_flash_ramfunc.c **** 
  70:Drivers/STM32G4xx_HAL_Driver/Src/stm32g4xx_hal_flash_ramfunc.c **** /** @defgroup FLASH_RAMFUNC_Exported_Functions FLASH_RAMFUNC Exported Functions
  71:Drivers/STM32G4xx_HAL_Driver/Src/stm32g4xx_hal_flash_ramfunc.c ****   * @{
  72:Drivers/STM32G4xx_HAL_Driver/Src/stm32g4xx_hal_flash_ramfunc.c ****   */
  73:Drivers/STM32G4xx_HAL_Driver/Src/stm32g4xx_hal_flash_ramfunc.c **** 
  74:Drivers/STM32G4xx_HAL_Driver/Src/stm32g4xx_hal_flash_ramfunc.c **** /** @defgroup FLASH_RAMFUNC_Exported_Functions_Group1 Peripheral features functions
  75:Drivers/STM32G4xx_HAL_Driver/Src/stm32g4xx_hal_flash_ramfunc.c ****  *  @brief   Data transfers functions
  76:Drivers/STM32G4xx_HAL_Driver/Src/stm32g4xx_hal_flash_ramfunc.c ****  *
  77:Drivers/STM32G4xx_HAL_Driver/Src/stm32g4xx_hal_flash_ramfunc.c **** @verbatim
  78:Drivers/STM32G4xx_HAL_Driver/Src/stm32g4xx_hal_flash_ramfunc.c ****  ===============================================================================
  79:Drivers/STM32G4xx_HAL_Driver/Src/stm32g4xx_hal_flash_ramfunc.c ****                       ##### ramfunc functions #####
  80:Drivers/STM32G4xx_HAL_Driver/Src/stm32g4xx_hal_flash_ramfunc.c ****  ===============================================================================
  81:Drivers/STM32G4xx_HAL_Driver/Src/stm32g4xx_hal_flash_ramfunc.c ****     [..]
  82:Drivers/STM32G4xx_HAL_Driver/Src/stm32g4xx_hal_flash_ramfunc.c ****     This subsection provides a set of functions that should be executed from RAM.
  83:Drivers/STM32G4xx_HAL_Driver/Src/stm32g4xx_hal_flash_ramfunc.c **** 
  84:Drivers/STM32G4xx_HAL_Driver/Src/stm32g4xx_hal_flash_ramfunc.c **** @endverbatim
  85:Drivers/STM32G4xx_HAL_Driver/Src/stm32g4xx_hal_flash_ramfunc.c ****   * @{
  86:Drivers/STM32G4xx_HAL_Driver/Src/stm32g4xx_hal_flash_ramfunc.c ****   */
  87:Drivers/STM32G4xx_HAL_Driver/Src/stm32g4xx_hal_flash_ramfunc.c **** 
ARM GAS  /tmp/ccUcdtMn.s 			page 3


  88:Drivers/STM32G4xx_HAL_Driver/Src/stm32g4xx_hal_flash_ramfunc.c **** /**
  89:Drivers/STM32G4xx_HAL_Driver/Src/stm32g4xx_hal_flash_ramfunc.c ****   * @brief  Enable the Power down in Run Mode
  90:Drivers/STM32G4xx_HAL_Driver/Src/stm32g4xx_hal_flash_ramfunc.c ****   * @note   This function should be called and executed from SRAM memory.
  91:Drivers/STM32G4xx_HAL_Driver/Src/stm32g4xx_hal_flash_ramfunc.c ****   * @retval None
  92:Drivers/STM32G4xx_HAL_Driver/Src/stm32g4xx_hal_flash_ramfunc.c ****   */
  93:Drivers/STM32G4xx_HAL_Driver/Src/stm32g4xx_hal_flash_ramfunc.c **** __RAM_FUNC HAL_StatusTypeDef HAL_FLASHEx_EnableRunPowerDown(void)
  94:Drivers/STM32G4xx_HAL_Driver/Src/stm32g4xx_hal_flash_ramfunc.c **** {
  29              		.loc 1 94 1 view -0
  30              		.cfi_startproc
  31              		@ args = 0, pretend = 0, frame = 0
  32              		@ frame_needed = 0, uses_anonymous_args = 0
  33              		@ link register save eliminated.
  95:Drivers/STM32G4xx_HAL_Driver/Src/stm32g4xx_hal_flash_ramfunc.c ****   /* Enable the Power Down in Run mode*/
  96:Drivers/STM32G4xx_HAL_Driver/Src/stm32g4xx_hal_flash_ramfunc.c ****   __HAL_FLASH_POWER_DOWN_ENABLE();
  34              		.loc 1 96 3 view .LVU1
  35              		.loc 1 96 3 view .LVU2
  36 0000 054B     		ldr	r3, .L2
  37 0002 064A     		ldr	r2, .L2+4
  38 0004 5A60     		str	r2, [r3, #4]
  39              		.loc 1 96 3 view .LVU3
  40 0006 064A     		ldr	r2, .L2+8
  41 0008 5A60     		str	r2, [r3, #4]
  42              		.loc 1 96 3 view .LVU4
  43 000a 1A68     		ldr	r2, [r3]
  44 000c 42F40052 		orr	r2, r2, #8192
  45 0010 1A60     		str	r2, [r3]
  46              		.loc 1 96 3 view .LVU5
  97:Drivers/STM32G4xx_HAL_Driver/Src/stm32g4xx_hal_flash_ramfunc.c **** 
  98:Drivers/STM32G4xx_HAL_Driver/Src/stm32g4xx_hal_flash_ramfunc.c ****   return HAL_OK;
  47              		.loc 1 98 3 view .LVU6
  99:Drivers/STM32G4xx_HAL_Driver/Src/stm32g4xx_hal_flash_ramfunc.c **** 
 100:Drivers/STM32G4xx_HAL_Driver/Src/stm32g4xx_hal_flash_ramfunc.c **** }
  48              		.loc 1 100 1 is_stmt 0 view .LVU7
  49 0012 0020     		movs	r0, #0
  50 0014 7047     		bx	lr
  51              	.L3:
  52 0016 00BF     		.align	2
  53              	.L2:
  54 0018 00200240 		.word	1073881088
  55 001c 37261504 		.word	68494903
  56 0020 FDFCFBFA 		.word	-84148995
  57              		.cfi_endproc
  58              	.LFE357:
  60              		.align	1
  61              		.global	HAL_FLASHEx_DisableRunPowerDown
  62              		.syntax unified
  63              		.thumb
  64              		.thumb_func
  65              		.fpu fpv4-sp-d16
  67              	HAL_FLASHEx_DisableRunPowerDown:
  68              	.LFB358:
 101:Drivers/STM32G4xx_HAL_Driver/Src/stm32g4xx_hal_flash_ramfunc.c **** 
 102:Drivers/STM32G4xx_HAL_Driver/Src/stm32g4xx_hal_flash_ramfunc.c **** /**
 103:Drivers/STM32G4xx_HAL_Driver/Src/stm32g4xx_hal_flash_ramfunc.c ****   * @brief  Disable the Power down in Run Mode
 104:Drivers/STM32G4xx_HAL_Driver/Src/stm32g4xx_hal_flash_ramfunc.c ****   * @note   This function should be called and executed from SRAM memory.
 105:Drivers/STM32G4xx_HAL_Driver/Src/stm32g4xx_hal_flash_ramfunc.c ****   * @retval None
 106:Drivers/STM32G4xx_HAL_Driver/Src/stm32g4xx_hal_flash_ramfunc.c ****   */
ARM GAS  /tmp/ccUcdtMn.s 			page 4


 107:Drivers/STM32G4xx_HAL_Driver/Src/stm32g4xx_hal_flash_ramfunc.c **** __RAM_FUNC HAL_StatusTypeDef HAL_FLASHEx_DisableRunPowerDown(void)
 108:Drivers/STM32G4xx_HAL_Driver/Src/stm32g4xx_hal_flash_ramfunc.c **** {
  69              		.loc 1 108 1 is_stmt 1 view -0
  70              		.cfi_startproc
  71              		@ args = 0, pretend = 0, frame = 0
  72              		@ frame_needed = 0, uses_anonymous_args = 0
  73              		@ link register save eliminated.
 109:Drivers/STM32G4xx_HAL_Driver/Src/stm32g4xx_hal_flash_ramfunc.c ****   /* Disable the Power Down in Run mode*/
 110:Drivers/STM32G4xx_HAL_Driver/Src/stm32g4xx_hal_flash_ramfunc.c ****   __HAL_FLASH_POWER_DOWN_DISABLE();
  74              		.loc 1 110 3 view .LVU9
  75              		.loc 1 110 3 view .LVU10
  76 0024 054B     		ldr	r3, .L5
  77 0026 064A     		ldr	r2, .L5+4
  78 0028 5A60     		str	r2, [r3, #4]
  79              		.loc 1 110 3 view .LVU11
  80 002a 064A     		ldr	r2, .L5+8
  81 002c 5A60     		str	r2, [r3, #4]
  82              		.loc 1 110 3 view .LVU12
  83 002e 1A68     		ldr	r2, [r3]
  84 0030 22F40052 		bic	r2, r2, #8192
  85 0034 1A60     		str	r2, [r3]
  86              		.loc 1 110 3 view .LVU13
 111:Drivers/STM32G4xx_HAL_Driver/Src/stm32g4xx_hal_flash_ramfunc.c **** 
 112:Drivers/STM32G4xx_HAL_Driver/Src/stm32g4xx_hal_flash_ramfunc.c ****   return HAL_OK;
  87              		.loc 1 112 3 view .LVU14
 113:Drivers/STM32G4xx_HAL_Driver/Src/stm32g4xx_hal_flash_ramfunc.c **** }
  88              		.loc 1 113 1 is_stmt 0 view .LVU15
  89 0036 0020     		movs	r0, #0
  90 0038 7047     		bx	lr
  91              	.L6:
  92 003a 00BF     		.align	2
  93              	.L5:
  94 003c 00200240 		.word	1073881088
  95 0040 37261504 		.word	68494903
  96 0044 FDFCFBFA 		.word	-84148995
  97              		.cfi_endproc
  98              	.LFE358:
 100              		.align	1
 101              		.global	HAL_FLASHEx_OB_DBankConfig
 102              		.syntax unified
 103              		.thumb
 104              		.thumb_func
 105              		.fpu fpv4-sp-d16
 107              	HAL_FLASHEx_OB_DBankConfig:
 108              	.LVL0:
 109              	.LFB359:
 114:Drivers/STM32G4xx_HAL_Driver/Src/stm32g4xx_hal_flash_ramfunc.c **** 
 115:Drivers/STM32G4xx_HAL_Driver/Src/stm32g4xx_hal_flash_ramfunc.c **** #if defined (FLASH_OPTR_DBANK)
 116:Drivers/STM32G4xx_HAL_Driver/Src/stm32g4xx_hal_flash_ramfunc.c **** /**
 117:Drivers/STM32G4xx_HAL_Driver/Src/stm32g4xx_hal_flash_ramfunc.c ****   * @brief  Program the FLASH DBANK User Option Byte.
 118:Drivers/STM32G4xx_HAL_Driver/Src/stm32g4xx_hal_flash_ramfunc.c ****   *
 119:Drivers/STM32G4xx_HAL_Driver/Src/stm32g4xx_hal_flash_ramfunc.c ****   * @note   To configure the user option bytes, the option lock bit OPTLOCK must
 120:Drivers/STM32G4xx_HAL_Driver/Src/stm32g4xx_hal_flash_ramfunc.c ****   *         be cleared with the call of the HAL_FLASH_OB_Unlock() function.
 121:Drivers/STM32G4xx_HAL_Driver/Src/stm32g4xx_hal_flash_ramfunc.c ****   * @note   To modify the DBANK option byte, no PCROP region should be defined.
 122:Drivers/STM32G4xx_HAL_Driver/Src/stm32g4xx_hal_flash_ramfunc.c ****   *         To deactivate PCROP, user should perform RDP changing.
 123:Drivers/STM32G4xx_HAL_Driver/Src/stm32g4xx_hal_flash_ramfunc.c ****   *
 124:Drivers/STM32G4xx_HAL_Driver/Src/stm32g4xx_hal_flash_ramfunc.c ****   * @param  DBankConfig The FLASH DBANK User Option Byte value.
ARM GAS  /tmp/ccUcdtMn.s 			page 5


 125:Drivers/STM32G4xx_HAL_Driver/Src/stm32g4xx_hal_flash_ramfunc.c ****   *         This parameter  can be one of the following values:
 126:Drivers/STM32G4xx_HAL_Driver/Src/stm32g4xx_hal_flash_ramfunc.c ****   *            @arg OB_DBANK_128_BITS: Single-bank with 128-bits data
 127:Drivers/STM32G4xx_HAL_Driver/Src/stm32g4xx_hal_flash_ramfunc.c ****   *            @arg OB_DBANK_64_BITS: Dual-bank with 64-bits data
 128:Drivers/STM32G4xx_HAL_Driver/Src/stm32g4xx_hal_flash_ramfunc.c ****   *
 129:Drivers/STM32G4xx_HAL_Driver/Src/stm32g4xx_hal_flash_ramfunc.c ****   * @retval HAL_Status
 130:Drivers/STM32G4xx_HAL_Driver/Src/stm32g4xx_hal_flash_ramfunc.c ****   */
 131:Drivers/STM32G4xx_HAL_Driver/Src/stm32g4xx_hal_flash_ramfunc.c **** __RAM_FUNC HAL_StatusTypeDef HAL_FLASHEx_OB_DBankConfig(uint32_t DBankConfig)
 132:Drivers/STM32G4xx_HAL_Driver/Src/stm32g4xx_hal_flash_ramfunc.c **** {
 110              		.loc 1 132 1 is_stmt 1 view -0
 111              		.cfi_startproc
 112              		@ args = 0, pretend = 0, frame = 0
 113              		@ frame_needed = 0, uses_anonymous_args = 0
 133:Drivers/STM32G4xx_HAL_Driver/Src/stm32g4xx_hal_flash_ramfunc.c ****   register uint32_t count, reg;
 114              		.loc 1 133 3 view .LVU17
 134:Drivers/STM32G4xx_HAL_Driver/Src/stm32g4xx_hal_flash_ramfunc.c ****   HAL_StatusTypeDef status = HAL_ERROR;
 115              		.loc 1 134 3 view .LVU18
 135:Drivers/STM32G4xx_HAL_Driver/Src/stm32g4xx_hal_flash_ramfunc.c **** 
 136:Drivers/STM32G4xx_HAL_Driver/Src/stm32g4xx_hal_flash_ramfunc.c ****   /* Process Locked */
 137:Drivers/STM32G4xx_HAL_Driver/Src/stm32g4xx_hal_flash_ramfunc.c ****   __HAL_LOCK(&pFlash);
 116              		.loc 1 137 3 view .LVU19
 117              		.loc 1 137 3 view .LVU20
 132:Drivers/STM32G4xx_HAL_Driver/Src/stm32g4xx_hal_flash_ramfunc.c ****   register uint32_t count, reg;
 118              		.loc 1 132 1 is_stmt 0 view .LVU21
 119 0048 10B5     		push	{r4, lr}
 120              	.LCFI0:
 121              		.cfi_def_cfa_offset 8
 122              		.cfi_offset 4, -8
 123              		.cfi_offset 14, -4
 124              		.loc 1 137 3 view .LVU22
 125 004a 484A     		ldr	r2, .L30
 126 004c 1378     		ldrb	r3, [r2]	@ zero_extendqisi2
 127 004e 012B     		cmp	r3, #1
 128 0050 00F08980 		beq	.L18
 129              		.loc 1 137 3 is_stmt 1 discriminator 2 view .LVU23
 130 0054 0123     		movs	r3, #1
 131 0056 1370     		strb	r3, [r2]
 132              		.loc 1 137 3 discriminator 2 view .LVU24
 138:Drivers/STM32G4xx_HAL_Driver/Src/stm32g4xx_hal_flash_ramfunc.c **** 
 139:Drivers/STM32G4xx_HAL_Driver/Src/stm32g4xx_hal_flash_ramfunc.c ****   /* Check if the PCROP is disabled */
 140:Drivers/STM32G4xx_HAL_Driver/Src/stm32g4xx_hal_flash_ramfunc.c ****   reg = FLASH->PCROP1SR;
 133              		.loc 1 140 3 discriminator 2 view .LVU25
 134              		.loc 1 140 7 is_stmt 0 discriminator 2 view .LVU26
 135 0058 454B     		ldr	r3, .L30+4
 136 005a 596A     		ldr	r1, [r3, #36]
 137              	.LVL1:
 141:Drivers/STM32G4xx_HAL_Driver/Src/stm32g4xx_hal_flash_ramfunc.c ****   if (reg > FLASH->PCROP1ER)
 138              		.loc 1 141 3 is_stmt 1 discriminator 2 view .LVU27
 139              		.loc 1 141 18 is_stmt 0 discriminator 2 view .LVU28
 140 005c 9C6A     		ldr	r4, [r3, #40]
 141              		.loc 1 141 6 discriminator 2 view .LVU29
 142 005e 8C42     		cmp	r4, r1
 143 0060 7DD2     		bcs	.L9
 142:Drivers/STM32G4xx_HAL_Driver/Src/stm32g4xx_hal_flash_ramfunc.c ****   {
 143:Drivers/STM32G4xx_HAL_Driver/Src/stm32g4xx_hal_flash_ramfunc.c ****     reg = FLASH->PCROP2SR;
 144              		.loc 1 143 5 is_stmt 1 view .LVU30
 145              		.loc 1 143 9 is_stmt 0 view .LVU31
 146 0062 596C     		ldr	r1, [r3, #68]
ARM GAS  /tmp/ccUcdtMn.s 			page 6


 147              	.LVL2:
 144:Drivers/STM32G4xx_HAL_Driver/Src/stm32g4xx_hal_flash_ramfunc.c ****     if (reg > FLASH->PCROP2ER)
 148              		.loc 1 144 5 is_stmt 1 view .LVU32
 149              		.loc 1 144 20 is_stmt 0 view .LVU33
 150 0064 9C6C     		ldr	r4, [r3, #72]
 151              		.loc 1 144 8 view .LVU34
 152 0066 8C42     		cmp	r4, r1
 153 0068 79D2     		bcs	.L9
 145:Drivers/STM32G4xx_HAL_Driver/Src/stm32g4xx_hal_flash_ramfunc.c ****     {
 146:Drivers/STM32G4xx_HAL_Driver/Src/stm32g4xx_hal_flash_ramfunc.c ****       /* Disable Flash prefetch */
 147:Drivers/STM32G4xx_HAL_Driver/Src/stm32g4xx_hal_flash_ramfunc.c ****       __HAL_FLASH_PREFETCH_BUFFER_DISABLE();
 154              		.loc 1 147 7 is_stmt 1 view .LVU35
 155 006a 1968     		ldr	r1, [r3]
 156              	.LVL3:
 157              		.loc 1 147 7 is_stmt 0 view .LVU36
 158 006c 21F48071 		bic	r1, r1, #256
 159 0070 1960     		str	r1, [r3]
 148:Drivers/STM32G4xx_HAL_Driver/Src/stm32g4xx_hal_flash_ramfunc.c **** 
 149:Drivers/STM32G4xx_HAL_Driver/Src/stm32g4xx_hal_flash_ramfunc.c ****       if (READ_BIT(FLASH->ACR, FLASH_ACR_ICEN) != 0U)
 160              		.loc 1 149 7 is_stmt 1 view .LVU37
 161              		.loc 1 149 11 is_stmt 0 view .LVU38
 162 0072 1968     		ldr	r1, [r3]
 163              		.loc 1 149 10 view .LVU39
 164 0074 8905     		lsls	r1, r1, #22
 165 0076 0BD5     		bpl	.L10
 150:Drivers/STM32G4xx_HAL_Driver/Src/stm32g4xx_hal_flash_ramfunc.c ****       {
 151:Drivers/STM32G4xx_HAL_Driver/Src/stm32g4xx_hal_flash_ramfunc.c ****         /* Disable Flash instruction cache */
 152:Drivers/STM32G4xx_HAL_Driver/Src/stm32g4xx_hal_flash_ramfunc.c ****         __HAL_FLASH_INSTRUCTION_CACHE_DISABLE();
 166              		.loc 1 152 9 is_stmt 1 view .LVU40
 167 0078 1968     		ldr	r1, [r3]
 168 007a 21F40071 		bic	r1, r1, #512
 169 007e 1960     		str	r1, [r3]
 153:Drivers/STM32G4xx_HAL_Driver/Src/stm32g4xx_hal_flash_ramfunc.c **** 
 154:Drivers/STM32G4xx_HAL_Driver/Src/stm32g4xx_hal_flash_ramfunc.c ****         /* Flush Flash instruction cache */
 155:Drivers/STM32G4xx_HAL_Driver/Src/stm32g4xx_hal_flash_ramfunc.c ****         __HAL_FLASH_INSTRUCTION_CACHE_RESET();
 170              		.loc 1 155 9 view .LVU41
 171              		.loc 1 155 9 view .LVU42
 172 0080 1968     		ldr	r1, [r3]
 173 0082 41F40061 		orr	r1, r1, #2048
 174 0086 1960     		str	r1, [r3]
 175              		.loc 1 155 9 view .LVU43
 176 0088 1968     		ldr	r1, [r3]
 177 008a 21F40061 		bic	r1, r1, #2048
 178 008e 1960     		str	r1, [r3]
 179              	.L10:
 180              		.loc 1 155 9 discriminator 1 view .LVU44
 156:Drivers/STM32G4xx_HAL_Driver/Src/stm32g4xx_hal_flash_ramfunc.c ****       }
 157:Drivers/STM32G4xx_HAL_Driver/Src/stm32g4xx_hal_flash_ramfunc.c **** 
 158:Drivers/STM32G4xx_HAL_Driver/Src/stm32g4xx_hal_flash_ramfunc.c ****       if (READ_BIT(FLASH->ACR, FLASH_ACR_DCEN) != 0U)
 181              		.loc 1 158 7 discriminator 1 view .LVU45
 182              		.loc 1 158 11 is_stmt 0 discriminator 1 view .LVU46
 183 0090 374B     		ldr	r3, .L30+4
 184 0092 1968     		ldr	r1, [r3]
 185              		.loc 1 158 10 discriminator 1 view .LVU47
 186 0094 4C05     		lsls	r4, r1, #21
 187 0096 0BD5     		bpl	.L11
 159:Drivers/STM32G4xx_HAL_Driver/Src/stm32g4xx_hal_flash_ramfunc.c ****       {
ARM GAS  /tmp/ccUcdtMn.s 			page 7


 160:Drivers/STM32G4xx_HAL_Driver/Src/stm32g4xx_hal_flash_ramfunc.c ****         /* Disable Flash data cache */
 161:Drivers/STM32G4xx_HAL_Driver/Src/stm32g4xx_hal_flash_ramfunc.c ****         __HAL_FLASH_DATA_CACHE_DISABLE();
 188              		.loc 1 161 9 is_stmt 1 view .LVU48
 189 0098 1968     		ldr	r1, [r3]
 190 009a 21F48061 		bic	r1, r1, #1024
 191 009e 1960     		str	r1, [r3]
 162:Drivers/STM32G4xx_HAL_Driver/Src/stm32g4xx_hal_flash_ramfunc.c **** 
 163:Drivers/STM32G4xx_HAL_Driver/Src/stm32g4xx_hal_flash_ramfunc.c ****         /* Flush Flash data cache */
 164:Drivers/STM32G4xx_HAL_Driver/Src/stm32g4xx_hal_flash_ramfunc.c ****         __HAL_FLASH_DATA_CACHE_RESET();
 192              		.loc 1 164 9 view .LVU49
 193              		.loc 1 164 9 view .LVU50
 194 00a0 1968     		ldr	r1, [r3]
 195 00a2 41F48051 		orr	r1, r1, #4096
 196 00a6 1960     		str	r1, [r3]
 197              		.loc 1 164 9 view .LVU51
 198 00a8 1968     		ldr	r1, [r3]
 199 00aa 21F48051 		bic	r1, r1, #4096
 200 00ae 1960     		str	r1, [r3]
 201              	.L11:
 202              		.loc 1 164 9 discriminator 1 view .LVU52
 165:Drivers/STM32G4xx_HAL_Driver/Src/stm32g4xx_hal_flash_ramfunc.c ****       }
 166:Drivers/STM32G4xx_HAL_Driver/Src/stm32g4xx_hal_flash_ramfunc.c **** 
 167:Drivers/STM32G4xx_HAL_Driver/Src/stm32g4xx_hal_flash_ramfunc.c ****       /* Disable WRP zone A of 1st bank if needed */
 168:Drivers/STM32G4xx_HAL_Driver/Src/stm32g4xx_hal_flash_ramfunc.c ****       reg = FLASH->WRP1AR;
 203              		.loc 1 168 7 discriminator 1 view .LVU53
 204              		.loc 1 168 11 is_stmt 0 discriminator 1 view .LVU54
 205 00b0 2F4B     		ldr	r3, .L30+4
 206 00b2 D96A     		ldr	r1, [r3, #44]
 207              	.LVL4:
 169:Drivers/STM32G4xx_HAL_Driver/Src/stm32g4xx_hal_flash_ramfunc.c ****       if (((reg & FLASH_WRP1AR_WRP1A_STRT) >> FLASH_WRP1AR_WRP1A_STRT_Pos) <=
 208              		.loc 1 169 7 is_stmt 1 discriminator 1 view .LVU55
 209              		.loc 1 169 44 is_stmt 0 discriminator 1 view .LVU56
 210 00b4 01F07F04 		and	r4, r1, #127
 170:Drivers/STM32G4xx_HAL_Driver/Src/stm32g4xx_hal_flash_ramfunc.c ****           ((reg & FLASH_WRP1AR_WRP1A_END) >> FLASH_WRP1AR_WRP1A_END_Pos))
 211              		.loc 1 170 43 discriminator 1 view .LVU57
 212 00b8 C1F30641 		ubfx	r1, r1, #16, #7
 213              	.LVL5:
 169:Drivers/STM32G4xx_HAL_Driver/Src/stm32g4xx_hal_flash_ramfunc.c ****       if (((reg & FLASH_WRP1AR_WRP1A_STRT) >> FLASH_WRP1AR_WRP1A_STRT_Pos) <=
 214              		.loc 1 169 10 discriminator 1 view .LVU58
 215 00bc 8C42     		cmp	r4, r1
 171:Drivers/STM32G4xx_HAL_Driver/Src/stm32g4xx_hal_flash_ramfunc.c ****       {
 172:Drivers/STM32G4xx_HAL_Driver/Src/stm32g4xx_hal_flash_ramfunc.c ****         MODIFY_REG(FLASH->WRP1AR, (FLASH_WRP1AR_WRP1A_STRT | FLASH_WRP1AR_WRP1A_END), FLASH_WRP1AR_
 216              		.loc 1 172 9 is_stmt 1 discriminator 1 view .LVU59
 217 00be 9FBF     		itttt	ls
 218 00c0 D96A     		ldrls	r1, [r3, #44]
 219 00c2 21F07F11 		bicls	r1, r1, #8323199
 220 00c6 41F07F01 		orrls	r1, r1, #127
 221 00ca D962     		strls	r1, [r3, #44]
 173:Drivers/STM32G4xx_HAL_Driver/Src/stm32g4xx_hal_flash_ramfunc.c ****       }
 174:Drivers/STM32G4xx_HAL_Driver/Src/stm32g4xx_hal_flash_ramfunc.c **** 
 175:Drivers/STM32G4xx_HAL_Driver/Src/stm32g4xx_hal_flash_ramfunc.c ****       /* Disable WRP zone B of 1st bank if needed */
 176:Drivers/STM32G4xx_HAL_Driver/Src/stm32g4xx_hal_flash_ramfunc.c ****       reg = FLASH->WRP1BR;
 222              		.loc 1 176 7 discriminator 1 view .LVU60
 223              		.loc 1 176 11 is_stmt 0 discriminator 1 view .LVU61
 224 00cc 196B     		ldr	r1, [r3, #48]
 225              	.LVL6:
 177:Drivers/STM32G4xx_HAL_Driver/Src/stm32g4xx_hal_flash_ramfunc.c ****       if (((reg & FLASH_WRP1BR_WRP1B_STRT) >> FLASH_WRP1BR_WRP1B_STRT_Pos) <=
ARM GAS  /tmp/ccUcdtMn.s 			page 8


 226              		.loc 1 177 7 is_stmt 1 discriminator 1 view .LVU62
 227              		.loc 1 177 44 is_stmt 0 discriminator 1 view .LVU63
 228 00ce 01F07F04 		and	r4, r1, #127
 178:Drivers/STM32G4xx_HAL_Driver/Src/stm32g4xx_hal_flash_ramfunc.c ****           ((reg & FLASH_WRP1BR_WRP1B_END) >> FLASH_WRP1BR_WRP1B_END_Pos))
 229              		.loc 1 178 43 discriminator 1 view .LVU64
 230 00d2 C1F30641 		ubfx	r1, r1, #16, #7
 231              	.LVL7:
 177:Drivers/STM32G4xx_HAL_Driver/Src/stm32g4xx_hal_flash_ramfunc.c ****       if (((reg & FLASH_WRP1BR_WRP1B_STRT) >> FLASH_WRP1BR_WRP1B_STRT_Pos) <=
 232              		.loc 1 177 10 discriminator 1 view .LVU65
 233 00d6 8C42     		cmp	r4, r1
 179:Drivers/STM32G4xx_HAL_Driver/Src/stm32g4xx_hal_flash_ramfunc.c ****       {
 180:Drivers/STM32G4xx_HAL_Driver/Src/stm32g4xx_hal_flash_ramfunc.c ****         MODIFY_REG(FLASH->WRP1BR, (FLASH_WRP1BR_WRP1B_STRT | FLASH_WRP1BR_WRP1B_END), FLASH_WRP1BR_
 234              		.loc 1 180 9 is_stmt 1 discriminator 1 view .LVU66
 235 00d8 9FBF     		itttt	ls
 236 00da 196B     		ldrls	r1, [r3, #48]
 237 00dc 21F07F11 		bicls	r1, r1, #8323199
 238 00e0 41F07F01 		orrls	r1, r1, #127
 239 00e4 1963     		strls	r1, [r3, #48]
 181:Drivers/STM32G4xx_HAL_Driver/Src/stm32g4xx_hal_flash_ramfunc.c ****       }
 182:Drivers/STM32G4xx_HAL_Driver/Src/stm32g4xx_hal_flash_ramfunc.c **** 
 183:Drivers/STM32G4xx_HAL_Driver/Src/stm32g4xx_hal_flash_ramfunc.c ****       /* Disable WRP zone A of 2nd bank if needed */
 184:Drivers/STM32G4xx_HAL_Driver/Src/stm32g4xx_hal_flash_ramfunc.c ****       reg = FLASH->WRP2AR;
 240              		.loc 1 184 7 discriminator 1 view .LVU67
 241              		.loc 1 184 11 is_stmt 0 discriminator 1 view .LVU68
 242 00e6 224B     		ldr	r3, .L30+4
 243 00e8 D96C     		ldr	r1, [r3, #76]
 244              	.LVL8:
 185:Drivers/STM32G4xx_HAL_Driver/Src/stm32g4xx_hal_flash_ramfunc.c ****       if (((reg & FLASH_WRP2AR_WRP2A_STRT) >> FLASH_WRP2AR_WRP2A_STRT_Pos) <=
 245              		.loc 1 185 7 is_stmt 1 discriminator 1 view .LVU69
 246              		.loc 1 185 44 is_stmt 0 discriminator 1 view .LVU70
 247 00ea 01F07F04 		and	r4, r1, #127
 186:Drivers/STM32G4xx_HAL_Driver/Src/stm32g4xx_hal_flash_ramfunc.c ****           ((reg & FLASH_WRP2AR_WRP2A_END) >> FLASH_WRP2AR_WRP2A_END_Pos))
 248              		.loc 1 186 43 discriminator 1 view .LVU71
 249 00ee C1F30641 		ubfx	r1, r1, #16, #7
 250              	.LVL9:
 185:Drivers/STM32G4xx_HAL_Driver/Src/stm32g4xx_hal_flash_ramfunc.c ****       if (((reg & FLASH_WRP2AR_WRP2A_STRT) >> FLASH_WRP2AR_WRP2A_STRT_Pos) <=
 251              		.loc 1 185 10 discriminator 1 view .LVU72
 252 00f2 8C42     		cmp	r4, r1
 187:Drivers/STM32G4xx_HAL_Driver/Src/stm32g4xx_hal_flash_ramfunc.c ****       {
 188:Drivers/STM32G4xx_HAL_Driver/Src/stm32g4xx_hal_flash_ramfunc.c ****         MODIFY_REG(FLASH->WRP2AR, (FLASH_WRP2AR_WRP2A_STRT | FLASH_WRP2AR_WRP2A_END), FLASH_WRP2AR_
 253              		.loc 1 188 9 is_stmt 1 discriminator 1 view .LVU73
 254 00f4 9FBF     		itttt	ls
 255 00f6 D96C     		ldrls	r1, [r3, #76]
 256 00f8 21F07F11 		bicls	r1, r1, #8323199
 257 00fc 41F07F01 		orrls	r1, r1, #127
 258 0100 D964     		strls	r1, [r3, #76]
 189:Drivers/STM32G4xx_HAL_Driver/Src/stm32g4xx_hal_flash_ramfunc.c ****       }
 190:Drivers/STM32G4xx_HAL_Driver/Src/stm32g4xx_hal_flash_ramfunc.c **** 
 191:Drivers/STM32G4xx_HAL_Driver/Src/stm32g4xx_hal_flash_ramfunc.c ****       /* Disable WRP zone B of 2nd bank if needed */
 192:Drivers/STM32G4xx_HAL_Driver/Src/stm32g4xx_hal_flash_ramfunc.c ****       reg = FLASH->WRP2BR;
 259              		.loc 1 192 7 discriminator 1 view .LVU74
 260              		.loc 1 192 11 is_stmt 0 discriminator 1 view .LVU75
 261 0102 196D     		ldr	r1, [r3, #80]
 262              	.LVL10:
 193:Drivers/STM32G4xx_HAL_Driver/Src/stm32g4xx_hal_flash_ramfunc.c ****       if (((reg & FLASH_WRP2BR_WRP2B_STRT) >> FLASH_WRP2BR_WRP2B_STRT_Pos) <=
 263              		.loc 1 193 7 is_stmt 1 discriminator 1 view .LVU76
 264              		.loc 1 193 44 is_stmt 0 discriminator 1 view .LVU77
ARM GAS  /tmp/ccUcdtMn.s 			page 9


 265 0104 01F07F04 		and	r4, r1, #127
 194:Drivers/STM32G4xx_HAL_Driver/Src/stm32g4xx_hal_flash_ramfunc.c ****           ((reg & FLASH_WRP2BR_WRP2B_END) >> FLASH_WRP2BR_WRP2B_END_Pos))
 266              		.loc 1 194 43 discriminator 1 view .LVU78
 267 0108 C1F30641 		ubfx	r1, r1, #16, #7
 268              	.LVL11:
 193:Drivers/STM32G4xx_HAL_Driver/Src/stm32g4xx_hal_flash_ramfunc.c ****       if (((reg & FLASH_WRP2BR_WRP2B_STRT) >> FLASH_WRP2BR_WRP2B_STRT_Pos) <=
 269              		.loc 1 193 10 discriminator 1 view .LVU79
 270 010c 8C42     		cmp	r4, r1
 195:Drivers/STM32G4xx_HAL_Driver/Src/stm32g4xx_hal_flash_ramfunc.c ****       {
 196:Drivers/STM32G4xx_HAL_Driver/Src/stm32g4xx_hal_flash_ramfunc.c ****         MODIFY_REG(FLASH->WRP2BR, (FLASH_WRP2BR_WRP2B_STRT | FLASH_WRP2BR_WRP2B_END), FLASH_WRP2BR_
 271              		.loc 1 196 9 is_stmt 1 discriminator 1 view .LVU80
 272 010e 9FBF     		itttt	ls
 273 0110 196D     		ldrls	r1, [r3, #80]
 274 0112 21F07F11 		bicls	r1, r1, #8323199
 275 0116 41F07F01 		orrls	r1, r1, #127
 276 011a 1965     		strls	r1, [r3, #80]
 197:Drivers/STM32G4xx_HAL_Driver/Src/stm32g4xx_hal_flash_ramfunc.c ****       }
 198:Drivers/STM32G4xx_HAL_Driver/Src/stm32g4xx_hal_flash_ramfunc.c **** 
 199:Drivers/STM32G4xx_HAL_Driver/Src/stm32g4xx_hal_flash_ramfunc.c ****       /* Modify the DBANK user option byte */
 200:Drivers/STM32G4xx_HAL_Driver/Src/stm32g4xx_hal_flash_ramfunc.c ****       MODIFY_REG(FLASH->OPTR, FLASH_OPTR_DBANK, DBankConfig);
 277              		.loc 1 200 7 discriminator 1 view .LVU81
 278 011c 144B     		ldr	r3, .L30+4
 279 011e 196A     		ldr	r1, [r3, #32]
 280 0120 21F48001 		bic	r1, r1, #4194304
 281 0124 0843     		orrs	r0, r0, r1
 282              	.LVL12:
 283              		.loc 1 200 7 is_stmt 0 discriminator 1 view .LVU82
 284 0126 1862     		str	r0, [r3, #32]
 201:Drivers/STM32G4xx_HAL_Driver/Src/stm32g4xx_hal_flash_ramfunc.c **** 
 202:Drivers/STM32G4xx_HAL_Driver/Src/stm32g4xx_hal_flash_ramfunc.c ****       /* Set OPTSTRT Bit */
 203:Drivers/STM32G4xx_HAL_Driver/Src/stm32g4xx_hal_flash_ramfunc.c ****       SET_BIT(FLASH->CR, FLASH_CR_OPTSTRT);
 285              		.loc 1 203 7 is_stmt 1 discriminator 1 view .LVU83
 286 0128 5969     		ldr	r1, [r3, #20]
 287 012a 41F40031 		orr	r1, r1, #131072
 288 012e 5961     		str	r1, [r3, #20]
 204:Drivers/STM32G4xx_HAL_Driver/Src/stm32g4xx_hal_flash_ramfunc.c **** 
 205:Drivers/STM32G4xx_HAL_Driver/Src/stm32g4xx_hal_flash_ramfunc.c ****       /* Wait for last operation to be completed */
 206:Drivers/STM32G4xx_HAL_Driver/Src/stm32g4xx_hal_flash_ramfunc.c ****       /* 8 is the number of required instruction cycles for the below loop statement (timeout expre
 207:Drivers/STM32G4xx_HAL_Driver/Src/stm32g4xx_hal_flash_ramfunc.c ****       count = FLASH_TIMEOUT_VALUE * (SystemCoreClock / 8U / 1000U);
 289              		.loc 1 207 7 discriminator 1 view .LVU84
 290              		.loc 1 207 59 is_stmt 0 discriminator 1 view .LVU85
 291 0130 1049     		ldr	r1, .L30+8
 292 0132 4FF4FA50 		mov	r0, #8000
 293 0136 0968     		ldr	r1, [r1]
 294 0138 B1FBF0F0 		udiv	r0, r1, r0
 295              		.loc 1 207 13 discriminator 1 view .LVU86
 296 013c 4FF47A71 		mov	r1, #1000
 297 0140 4143     		muls	r1, r0, r1
 298              	.LVL13:
 299              	.L17:
 208:Drivers/STM32G4xx_HAL_Driver/Src/stm32g4xx_hal_flash_ramfunc.c ****       do
 300              		.loc 1 208 7 is_stmt 1 view .LVU87
 209:Drivers/STM32G4xx_HAL_Driver/Src/stm32g4xx_hal_flash_ramfunc.c ****       {
 210:Drivers/STM32G4xx_HAL_Driver/Src/stm32g4xx_hal_flash_ramfunc.c ****         if (count == 0U)
 301              		.loc 1 210 9 view .LVU88
 302              		.loc 1 210 12 is_stmt 0 view .LVU89
 303 0142 21B1     		cbz	r1, .L16
ARM GAS  /tmp/ccUcdtMn.s 			page 10


 211:Drivers/STM32G4xx_HAL_Driver/Src/stm32g4xx_hal_flash_ramfunc.c ****         {
 212:Drivers/STM32G4xx_HAL_Driver/Src/stm32g4xx_hal_flash_ramfunc.c ****           break;
 213:Drivers/STM32G4xx_HAL_Driver/Src/stm32g4xx_hal_flash_ramfunc.c ****         }
 214:Drivers/STM32G4xx_HAL_Driver/Src/stm32g4xx_hal_flash_ramfunc.c ****         count--;
 304              		.loc 1 214 9 is_stmt 1 view .LVU90
 215:Drivers/STM32G4xx_HAL_Driver/Src/stm32g4xx_hal_flash_ramfunc.c ****       }
 216:Drivers/STM32G4xx_HAL_Driver/Src/stm32g4xx_hal_flash_ramfunc.c ****       while (__HAL_FLASH_GET_FLAG(FLASH_FLAG_BSY) != RESET);
 305              		.loc 1 216 14 is_stmt 0 view .LVU91
 306 0144 1869     		ldr	r0, [r3, #16]
 307              		.loc 1 216 7 view .LVU92
 308 0146 C003     		lsls	r0, r0, #15
 214:Drivers/STM32G4xx_HAL_Driver/Src/stm32g4xx_hal_flash_ramfunc.c ****       }
 309              		.loc 1 214 14 view .LVU93
 310 0148 01F1FF31 		add	r1, r1, #-1
 311              	.LVL14:
 312              		.loc 1 216 13 is_stmt 1 view .LVU94
 313              		.loc 1 216 7 is_stmt 0 view .LVU95
 314 014c F9D4     		bmi	.L17
 315              	.L16:
 217:Drivers/STM32G4xx_HAL_Driver/Src/stm32g4xx_hal_flash_ramfunc.c **** 
 218:Drivers/STM32G4xx_HAL_Driver/Src/stm32g4xx_hal_flash_ramfunc.c ****       /* If the option byte program operation is completed, disable the OPTSTRT Bit */
 219:Drivers/STM32G4xx_HAL_Driver/Src/stm32g4xx_hal_flash_ramfunc.c ****       CLEAR_BIT(FLASH->CR, FLASH_CR_OPTSTRT);
 316              		.loc 1 219 7 is_stmt 1 view .LVU96
 317 014e 5969     		ldr	r1, [r3, #20]
 318              	.LVL15:
 319              		.loc 1 219 7 is_stmt 0 view .LVU97
 320 0150 21F40031 		bic	r1, r1, #131072
 321 0154 5961     		str	r1, [r3, #20]
 220:Drivers/STM32G4xx_HAL_Driver/Src/stm32g4xx_hal_flash_ramfunc.c **** 
 221:Drivers/STM32G4xx_HAL_Driver/Src/stm32g4xx_hal_flash_ramfunc.c ****       /* Set the bit to force the option byte reloading */
 222:Drivers/STM32G4xx_HAL_Driver/Src/stm32g4xx_hal_flash_ramfunc.c ****       SET_BIT(FLASH->CR, FLASH_CR_OBL_LAUNCH);
 322              		.loc 1 222 7 is_stmt 1 view .LVU98
 323 0156 5969     		ldr	r1, [r3, #20]
 324 0158 41F00061 		orr	r1, r1, #134217728
 325 015c 5961     		str	r1, [r3, #20]
 326              	.L9:
 223:Drivers/STM32G4xx_HAL_Driver/Src/stm32g4xx_hal_flash_ramfunc.c ****     }
 224:Drivers/STM32G4xx_HAL_Driver/Src/stm32g4xx_hal_flash_ramfunc.c ****   }
 225:Drivers/STM32G4xx_HAL_Driver/Src/stm32g4xx_hal_flash_ramfunc.c **** 
 226:Drivers/STM32G4xx_HAL_Driver/Src/stm32g4xx_hal_flash_ramfunc.c ****   /* Process Unlocked */
 227:Drivers/STM32G4xx_HAL_Driver/Src/stm32g4xx_hal_flash_ramfunc.c ****   __HAL_UNLOCK(&pFlash);
 327              		.loc 1 227 3 view .LVU99
 328              		.loc 1 227 3 view .LVU100
 329 015e 0023     		movs	r3, #0
 330 0160 1370     		strb	r3, [r2]
 331              		.loc 1 227 3 view .LVU101
 228:Drivers/STM32G4xx_HAL_Driver/Src/stm32g4xx_hal_flash_ramfunc.c **** 
 229:Drivers/STM32G4xx_HAL_Driver/Src/stm32g4xx_hal_flash_ramfunc.c ****   return status;
 332              		.loc 1 229 3 view .LVU102
 333              		.loc 1 229 10 is_stmt 0 view .LVU103
 334 0162 0120     		movs	r0, #1
 335              	.L8:
 230:Drivers/STM32G4xx_HAL_Driver/Src/stm32g4xx_hal_flash_ramfunc.c **** }
 336              		.loc 1 230 1 view .LVU104
 337 0164 10BD     		pop	{r4, pc}
 338              	.LVL16:
 339              	.L18:
ARM GAS  /tmp/ccUcdtMn.s 			page 11


 137:Drivers/STM32G4xx_HAL_Driver/Src/stm32g4xx_hal_flash_ramfunc.c **** 
 340              		.loc 1 137 3 view .LVU105
 341 0166 0220     		movs	r0, #2
 342              	.LVL17:
 137:Drivers/STM32G4xx_HAL_Driver/Src/stm32g4xx_hal_flash_ramfunc.c **** 
 343              		.loc 1 137 3 view .LVU106
 344 0168 FCE7     		b	.L8
 345              	.L31:
 346 016a 00BF     		.align	2
 347              	.L30:
 348 016c 00000000 		.word	pFlash
 349 0170 00200240 		.word	1073881088
 350 0174 00000000 		.word	SystemCoreClock
 351              		.cfi_endproc
 352              	.LFE359:
 354              		.text
 355              	.Letext0:
 356              		.file 2 "/usr/lib/gcc/arm-none-eabi/9.2.1/include/stdint.h"
 357              		.file 3 "Drivers/CMSIS/Include/core_cm4.h"
 358              		.file 4 "Drivers/CMSIS/Device/ST/STM32G4xx/Include/system_stm32g4xx.h"
 359              		.file 5 "Drivers/CMSIS/Device/ST/STM32G4xx/Include/stm32g474xx.h"
 360              		.file 6 "Drivers/CMSIS/Device/ST/STM32G4xx/Include/stm32g4xx.h"
 361              		.file 7 "Drivers/STM32G4xx_HAL_Driver/Inc/stm32g4xx_hal_def.h"
 362              		.file 8 "Drivers/STM32G4xx_HAL_Driver/Inc/stm32g4xx_hal_flash.h"
 363              		.file 9 "Drivers/STM32G4xx_HAL_Driver/Inc/stm32g4xx_hal.h"
ARM GAS  /tmp/ccUcdtMn.s 			page 12


DEFINED SYMBOLS
                            *ABS*:0000000000000000 stm32g4xx_hal_flash_ramfunc.c
     /tmp/ccUcdtMn.s:18     .RamFunc:0000000000000000 $t
     /tmp/ccUcdtMn.s:26     .RamFunc:0000000000000000 HAL_FLASHEx_EnableRunPowerDown
     /tmp/ccUcdtMn.s:54     .RamFunc:0000000000000018 $d
     /tmp/ccUcdtMn.s:60     .RamFunc:0000000000000024 $t
     /tmp/ccUcdtMn.s:67     .RamFunc:0000000000000024 HAL_FLASHEx_DisableRunPowerDown
     /tmp/ccUcdtMn.s:94     .RamFunc:000000000000003c $d
     /tmp/ccUcdtMn.s:100    .RamFunc:0000000000000048 $t
     /tmp/ccUcdtMn.s:107    .RamFunc:0000000000000048 HAL_FLASHEx_OB_DBankConfig
     /tmp/ccUcdtMn.s:348    .RamFunc:000000000000016c $d

UNDEFINED SYMBOLS
pFlash
SystemCoreClock
