ARM GAS  /tmp/cccTTWQD.s 			page 1


   1              		.cpu cortex-m4
   2              		.eabi_attribute 27, 1
   3              		.eabi_attribute 28, 1
   4              		.eabi_attribute 20, 1
   5              		.eabi_attribute 21, 1
   6              		.eabi_attribute 23, 3
   7              		.eabi_attribute 24, 1
   8              		.eabi_attribute 25, 1
   9              		.eabi_attribute 26, 1
  10              		.eabi_attribute 30, 4
  11              		.eabi_attribute 34, 1
  12              		.eabi_attribute 18, 4
  13              		.file	"usbd_cdc_if.c"
  14              		.text
  15              	.Ltext0:
  16              		.cfi_sections	.debug_frame
  17              		.section	.text.CDC_DeInit_FS,"ax",%progbits
  18              		.align	1
  19              		.arch armv7e-m
  20              		.syntax unified
  21              		.thumb
  22              		.thumb_func
  23              		.fpu fpv4-sp-d16
  25              	CDC_DeInit_FS:
  26              	.LFB1053:
  27              		.file 1 "USB_Device/App/usbd_cdc_if.c"
   1:USB_Device/App/usbd_cdc_if.c **** /* USER CODE BEGIN Header */
   2:USB_Device/App/usbd_cdc_if.c **** /**
   3:USB_Device/App/usbd_cdc_if.c ****   ******************************************************************************
   4:USB_Device/App/usbd_cdc_if.c ****   * @file           USB_Device/CDC_Standalone/USB_Device/App/usbd_cdc_if.c
   5:USB_Device/App/usbd_cdc_if.c ****   * @author         MCD Application Team
   6:USB_Device/App/usbd_cdc_if.c ****   * @brief          This file implements the USB device descriptors.
   7:USB_Device/App/usbd_cdc_if.c ****   ******************************************************************************
   8:USB_Device/App/usbd_cdc_if.c ****   * @attention
   9:USB_Device/App/usbd_cdc_if.c ****   *
  10:USB_Device/App/usbd_cdc_if.c ****   * <h2><center>&copy; Copyright (c) 2019 STMicroelectronics.
  11:USB_Device/App/usbd_cdc_if.c ****   * All rights reserved.</center></h2>
  12:USB_Device/App/usbd_cdc_if.c ****   *
  13:USB_Device/App/usbd_cdc_if.c ****   * This software component is licensed by ST under Ultimate Liberty license
  14:USB_Device/App/usbd_cdc_if.c ****   * SLA0044, the "License"; You may not use this file except in compliance with
  15:USB_Device/App/usbd_cdc_if.c ****   * the License. You may obtain a copy of the License at:
  16:USB_Device/App/usbd_cdc_if.c ****   *                             www.st.com/SLA0044
  17:USB_Device/App/usbd_cdc_if.c ****   *
  18:USB_Device/App/usbd_cdc_if.c ****   ******************************************************************************
  19:USB_Device/App/usbd_cdc_if.c ****   */
  20:USB_Device/App/usbd_cdc_if.c **** /* USER CODE END Header */
  21:USB_Device/App/usbd_cdc_if.c **** 
  22:USB_Device/App/usbd_cdc_if.c **** /* Includes ------------------------------------------------------------------*/
  23:USB_Device/App/usbd_cdc_if.c **** #include "usbd_cdc_if.h"
  24:USB_Device/App/usbd_cdc_if.c **** 
  25:USB_Device/App/usbd_cdc_if.c **** /* USER CODE BEGIN INCLUDE */
  26:USB_Device/App/usbd_cdc_if.c **** #include "main.h"
  27:USB_Device/App/usbd_cdc_if.c **** /* USER CODE END INCLUDE */
  28:USB_Device/App/usbd_cdc_if.c **** 
  29:USB_Device/App/usbd_cdc_if.c **** /* Private typedef -----------------------------------------------------------*/
  30:USB_Device/App/usbd_cdc_if.c **** /* Private define ------------------------------------------------------------*/
  31:USB_Device/App/usbd_cdc_if.c **** /* Private macro -------------------------------------------------------------*/
ARM GAS  /tmp/cccTTWQD.s 			page 2


  32:USB_Device/App/usbd_cdc_if.c **** 
  33:USB_Device/App/usbd_cdc_if.c **** /* USER CODE BEGIN PV */
  34:USB_Device/App/usbd_cdc_if.c **** /* Private variables ---------------------------------------------------------*/
  35:USB_Device/App/usbd_cdc_if.c **** 
  36:USB_Device/App/usbd_cdc_if.c **** /* USER CODE END PV */
  37:USB_Device/App/usbd_cdc_if.c **** 
  38:USB_Device/App/usbd_cdc_if.c **** /** @addtogroup STM32_USB_OTG_DEVICE_LIBRARY
  39:USB_Device/App/usbd_cdc_if.c ****   * @brief Usb device library.
  40:USB_Device/App/usbd_cdc_if.c ****   * @{
  41:USB_Device/App/usbd_cdc_if.c ****   */
  42:USB_Device/App/usbd_cdc_if.c **** 
  43:USB_Device/App/usbd_cdc_if.c **** /** @addtogroup USBD_CDC_IF
  44:USB_Device/App/usbd_cdc_if.c ****   * @{
  45:USB_Device/App/usbd_cdc_if.c ****   */
  46:USB_Device/App/usbd_cdc_if.c **** 
  47:USB_Device/App/usbd_cdc_if.c **** /** @defgroup USBD_CDC_IF_Private_TypesDefinitions USBD_CDC_IF_Private_TypesDefinitions
  48:USB_Device/App/usbd_cdc_if.c ****   * @brief Private types.
  49:USB_Device/App/usbd_cdc_if.c ****   * @{
  50:USB_Device/App/usbd_cdc_if.c ****   */
  51:USB_Device/App/usbd_cdc_if.c **** 
  52:USB_Device/App/usbd_cdc_if.c **** /* USER CODE BEGIN PRIVATE_TYPES */
  53:USB_Device/App/usbd_cdc_if.c **** 
  54:USB_Device/App/usbd_cdc_if.c **** /* USER CODE END PRIVATE_TYPES */
  55:USB_Device/App/usbd_cdc_if.c **** 
  56:USB_Device/App/usbd_cdc_if.c **** /**
  57:USB_Device/App/usbd_cdc_if.c ****   * @}
  58:USB_Device/App/usbd_cdc_if.c ****   */
  59:USB_Device/App/usbd_cdc_if.c **** 
  60:USB_Device/App/usbd_cdc_if.c **** /** @defgroup USBD_CDC_IF_Private_Defines USBD_CDC_IF_Private_Defines
  61:USB_Device/App/usbd_cdc_if.c ****   * @brief Private defines.
  62:USB_Device/App/usbd_cdc_if.c ****   * @{
  63:USB_Device/App/usbd_cdc_if.c ****   */
  64:USB_Device/App/usbd_cdc_if.c **** 
  65:USB_Device/App/usbd_cdc_if.c **** /* USER CODE BEGIN PRIVATE_DEFINES */
  66:USB_Device/App/usbd_cdc_if.c **** 
  67:USB_Device/App/usbd_cdc_if.c **** /* USER CODE END PRIVATE_DEFINES */
  68:USB_Device/App/usbd_cdc_if.c **** 
  69:USB_Device/App/usbd_cdc_if.c **** /**
  70:USB_Device/App/usbd_cdc_if.c ****   * @}
  71:USB_Device/App/usbd_cdc_if.c ****   */
  72:USB_Device/App/usbd_cdc_if.c **** 
  73:USB_Device/App/usbd_cdc_if.c **** /** @defgroup USBD_CDC_IF_Private_Macros USBD_CDC_IF_Private_Macros
  74:USB_Device/App/usbd_cdc_if.c ****   * @brief Private macros.
  75:USB_Device/App/usbd_cdc_if.c ****   * @{
  76:USB_Device/App/usbd_cdc_if.c ****   */
  77:USB_Device/App/usbd_cdc_if.c **** 
  78:USB_Device/App/usbd_cdc_if.c **** /* USER CODE BEGIN PRIVATE_MACRO */
  79:USB_Device/App/usbd_cdc_if.c **** 
  80:USB_Device/App/usbd_cdc_if.c **** /* USER CODE END PRIVATE_MACRO */
  81:USB_Device/App/usbd_cdc_if.c **** 
  82:USB_Device/App/usbd_cdc_if.c **** /**
  83:USB_Device/App/usbd_cdc_if.c ****   * @}
  84:USB_Device/App/usbd_cdc_if.c ****   */
  85:USB_Device/App/usbd_cdc_if.c **** 
  86:USB_Device/App/usbd_cdc_if.c **** /** @defgroup USBD_CDC_IF_Private_Variables USBD_CDC_IF_Private_Variables
  87:USB_Device/App/usbd_cdc_if.c ****   * @brief Private variables.
  88:USB_Device/App/usbd_cdc_if.c ****   * @{
ARM GAS  /tmp/cccTTWQD.s 			page 3


  89:USB_Device/App/usbd_cdc_if.c ****   */
  90:USB_Device/App/usbd_cdc_if.c **** /* Create buffer for reception and transmission           */
  91:USB_Device/App/usbd_cdc_if.c **** /* It's up to user to redefine and/or remove those define */
  92:USB_Device/App/usbd_cdc_if.c **** /** Received data over USB are stored in this buffer      */
  93:USB_Device/App/usbd_cdc_if.c **** uint8_t UserRxBufferFS[APP_RX_DATA_SIZE];
  94:USB_Device/App/usbd_cdc_if.c **** 
  95:USB_Device/App/usbd_cdc_if.c **** /** Data to send over USB CDC are stored in this buffer   */
  96:USB_Device/App/usbd_cdc_if.c **** uint8_t UserTxBufferFS[APP_TX_DATA_SIZE];
  97:USB_Device/App/usbd_cdc_if.c **** 
  98:USB_Device/App/usbd_cdc_if.c **** /* USER CODE BEGIN PRIVATE_VARIABLES */
  99:USB_Device/App/usbd_cdc_if.c **** USBD_CDC_LineCodingTypeDef LineCoding =
 100:USB_Device/App/usbd_cdc_if.c **** {
 101:USB_Device/App/usbd_cdc_if.c ****   115200, /* baud rate*/
 102:USB_Device/App/usbd_cdc_if.c ****   0x00,   /* stop bits-1*/
 103:USB_Device/App/usbd_cdc_if.c ****   0x00,   /* parity - none*/
 104:USB_Device/App/usbd_cdc_if.c ****   0x08    /* nb. of bits 8*/
 105:USB_Device/App/usbd_cdc_if.c **** };
 106:USB_Device/App/usbd_cdc_if.c **** uint32_t BuffLength;
 107:USB_Device/App/usbd_cdc_if.c **** uint32_t UserTxBufPtrIn;/* Increment this pointer or roll it back to
 108:USB_Device/App/usbd_cdc_if.c ****                                start address when data are received over USART */
 109:USB_Device/App/usbd_cdc_if.c **** uint32_t UserTxBufPtrOut; /* Increment this pointer or roll it back to
 110:USB_Device/App/usbd_cdc_if.c ****                                  start address when data are sent over USB */
 111:USB_Device/App/usbd_cdc_if.c **** 
 112:USB_Device/App/usbd_cdc_if.c **** __IO uint32_t uwPrescalerValue;
 113:USB_Device/App/usbd_cdc_if.c **** 
 114:USB_Device/App/usbd_cdc_if.c **** extern uint8_t  is_new_data_ready;
 115:USB_Device/App/usbd_cdc_if.c **** extern uint16_t new_data_length;
 116:USB_Device/App/usbd_cdc_if.c **** /* USER CODE END PRIVATE_VARIABLES */
 117:USB_Device/App/usbd_cdc_if.c **** 
 118:USB_Device/App/usbd_cdc_if.c **** /**
 119:USB_Device/App/usbd_cdc_if.c ****   * @}
 120:USB_Device/App/usbd_cdc_if.c ****   */
 121:USB_Device/App/usbd_cdc_if.c **** 
 122:USB_Device/App/usbd_cdc_if.c **** /** @defgroup USBD_CDC_IF_Exported_Variables USBD_CDC_IF_Exported_Variables
 123:USB_Device/App/usbd_cdc_if.c ****   * @brief Public variables.
 124:USB_Device/App/usbd_cdc_if.c ****   * @{
 125:USB_Device/App/usbd_cdc_if.c ****   */
 126:USB_Device/App/usbd_cdc_if.c **** 
 127:USB_Device/App/usbd_cdc_if.c **** extern USBD_HandleTypeDef hUsbDeviceFS;
 128:USB_Device/App/usbd_cdc_if.c **** 
 129:USB_Device/App/usbd_cdc_if.c **** /* USER CODE BEGIN EXPORTED_VARIABLES */
 130:USB_Device/App/usbd_cdc_if.c **** /* UART handler declaration */
 131:USB_Device/App/usbd_cdc_if.c **** //UART_HandleTypeDef UartHandle;
 132:USB_Device/App/usbd_cdc_if.c **** /* TIM handler declaration */
 133:USB_Device/App/usbd_cdc_if.c **** //TIM_HandleTypeDef  TimHandle;
 134:USB_Device/App/usbd_cdc_if.c **** /* USB handler declaration */
 135:USB_Device/App/usbd_cdc_if.c **** /* USER CODE END EXPORTED_VARIABLES */
 136:USB_Device/App/usbd_cdc_if.c **** 
 137:USB_Device/App/usbd_cdc_if.c **** /**
 138:USB_Device/App/usbd_cdc_if.c ****   * @}
 139:USB_Device/App/usbd_cdc_if.c ****   */
 140:USB_Device/App/usbd_cdc_if.c **** 
 141:USB_Device/App/usbd_cdc_if.c **** /** @defgroup USBD_CDC_IF_Private_FunctionPrototypes USBD_CDC_IF_Private_FunctionPrototypes
 142:USB_Device/App/usbd_cdc_if.c ****   * @brief Private functions declaration.
 143:USB_Device/App/usbd_cdc_if.c ****   * @{
 144:USB_Device/App/usbd_cdc_if.c ****   */
 145:USB_Device/App/usbd_cdc_if.c **** 
ARM GAS  /tmp/cccTTWQD.s 			page 4


 146:USB_Device/App/usbd_cdc_if.c **** static int8_t CDC_Init_FS(void);
 147:USB_Device/App/usbd_cdc_if.c **** static int8_t CDC_DeInit_FS(void);
 148:USB_Device/App/usbd_cdc_if.c **** static int8_t CDC_Control_FS(uint8_t cmd, uint8_t* pbuf, uint16_t length);
 149:USB_Device/App/usbd_cdc_if.c **** static int8_t CDC_Receive_FS(uint8_t* pbuf, uint32_t *Len);
 150:USB_Device/App/usbd_cdc_if.c **** 
 151:USB_Device/App/usbd_cdc_if.c **** /* USER CODE BEGIN PRIVATE_FUNCTIONS_DECLARATION */
 152:USB_Device/App/usbd_cdc_if.c ****  //void TIM_Config(void);
 153:USB_Device/App/usbd_cdc_if.c ****  //static void ComPort_Config(void);
 154:USB_Device/App/usbd_cdc_if.c **** /* USER CODE END PRIVATE_FUNCTIONS_DECLARATION */
 155:USB_Device/App/usbd_cdc_if.c **** 
 156:USB_Device/App/usbd_cdc_if.c **** /**
 157:USB_Device/App/usbd_cdc_if.c ****   * @}
 158:USB_Device/App/usbd_cdc_if.c ****   */
 159:USB_Device/App/usbd_cdc_if.c **** 
 160:USB_Device/App/usbd_cdc_if.c **** USBD_CDC_ItfTypeDef USBD_Interface_fops_FS =
 161:USB_Device/App/usbd_cdc_if.c **** {
 162:USB_Device/App/usbd_cdc_if.c ****   CDC_Init_FS,
 163:USB_Device/App/usbd_cdc_if.c ****   CDC_DeInit_FS,
 164:USB_Device/App/usbd_cdc_if.c ****   CDC_Control_FS,
 165:USB_Device/App/usbd_cdc_if.c ****   CDC_Receive_FS
 166:USB_Device/App/usbd_cdc_if.c **** };
 167:USB_Device/App/usbd_cdc_if.c **** 
 168:USB_Device/App/usbd_cdc_if.c **** /* Private functions ---------------------------------------------------------*/
 169:USB_Device/App/usbd_cdc_if.c **** /**
 170:USB_Device/App/usbd_cdc_if.c ****   * @brief  Initializes the CDC media low layer over the FS USB IP
 171:USB_Device/App/usbd_cdc_if.c ****   * @retval USBD_OK if all operations are OK else USBD_FAIL
 172:USB_Device/App/usbd_cdc_if.c ****   */
 173:USB_Device/App/usbd_cdc_if.c **** static int8_t CDC_Init_FS(void)
 174:USB_Device/App/usbd_cdc_if.c **** {
 175:USB_Device/App/usbd_cdc_if.c ****   /* USER CODE BEGIN 3 */
 176:USB_Device/App/usbd_cdc_if.c ****   /*##-1- Configure the UART peripheral ######################################*/
 177:USB_Device/App/usbd_cdc_if.c ****   /* Put the USART peripheral in the Asynchronous mode (UART Mode) */
 178:USB_Device/App/usbd_cdc_if.c ****   /* USART configured as follow:
 179:USB_Device/App/usbd_cdc_if.c ****       - Word Length = 8 Bits
 180:USB_Device/App/usbd_cdc_if.c ****       - Stop Bit    = One Stop bit
 181:USB_Device/App/usbd_cdc_if.c ****       - Parity      = No parity
 182:USB_Device/App/usbd_cdc_if.c ****       - BaudRate    = 115200 baud
 183:USB_Device/App/usbd_cdc_if.c ****       - Hardware flow control disabled (RTS and CTS signals) */
 184:USB_Device/App/usbd_cdc_if.c ****   //UartHandle.Instance          = USARTx;
 185:USB_Device/App/usbd_cdc_if.c ****   //UartHandle.Init.BaudRate     = 115200;
 186:USB_Device/App/usbd_cdc_if.c ****   //UartHandle.Init.WordLength   = UART_WORDLENGTH_8B;
 187:USB_Device/App/usbd_cdc_if.c ****   //UartHandle.Init.StopBits     = UART_STOPBITS_1;
 188:USB_Device/App/usbd_cdc_if.c ****   //UartHandle.Init.Parity       = UART_PARITY_NONE;
 189:USB_Device/App/usbd_cdc_if.c ****   //UartHandle.Init.HwFlowCtl    = UART_HWCONTROL_NONE;
 190:USB_Device/App/usbd_cdc_if.c ****   //UartHandle.Init.Mode         = UART_MODE_TX_RX;
 191:USB_Device/App/usbd_cdc_if.c **** 
 192:USB_Device/App/usbd_cdc_if.c ****   //if(HAL_UART_Init(&UartHandle) != HAL_OK)
 193:USB_Device/App/usbd_cdc_if.c ****   //{
 194:USB_Device/App/usbd_cdc_if.c ****     /* Initialization Error */
 195:USB_Device/App/usbd_cdc_if.c ****   //  Error_Handler();
 196:USB_Device/App/usbd_cdc_if.c ****   //}
 197:USB_Device/App/usbd_cdc_if.c **** 
 198:USB_Device/App/usbd_cdc_if.c ****   /*##-2- Put UART peripheral in IT reception process ########################*/
 199:USB_Device/App/usbd_cdc_if.c ****   /* Any data received will be stored in "UserTxBufferFS" buffer  */
 200:USB_Device/App/usbd_cdc_if.c ****   //if(HAL_UART_Receive_IT(&UartHandle, (uint8_t *)UserTxBufferFS, 1) != HAL_OK)
 201:USB_Device/App/usbd_cdc_if.c ****   //{
 202:USB_Device/App/usbd_cdc_if.c ****     /* Transfer error in reception process */
ARM GAS  /tmp/cccTTWQD.s 			page 5


 203:USB_Device/App/usbd_cdc_if.c ****   //  Error_Handler();
 204:USB_Device/App/usbd_cdc_if.c ****   //}
 205:USB_Device/App/usbd_cdc_if.c **** 
 206:USB_Device/App/usbd_cdc_if.c ****   /*##-3- Configure the TIM Base generation  #################################*/
 207:USB_Device/App/usbd_cdc_if.c ****   //TIM_Config();
 208:USB_Device/App/usbd_cdc_if.c **** 
 209:USB_Device/App/usbd_cdc_if.c ****   /*##-5- Set Application Buffers ############################################*/
 210:USB_Device/App/usbd_cdc_if.c ****   USBD_CDC_SetTxBuffer(&hUsbDeviceFS, UserTxBufferFS, 0);
 211:USB_Device/App/usbd_cdc_if.c ****   USBD_CDC_SetRxBuffer(&hUsbDeviceFS, UserRxBufferFS);
 212:USB_Device/App/usbd_cdc_if.c **** 
 213:USB_Device/App/usbd_cdc_if.c ****   return (USBD_OK);
 214:USB_Device/App/usbd_cdc_if.c ****   /* USER CODE END 3 */
 215:USB_Device/App/usbd_cdc_if.c **** }
 216:USB_Device/App/usbd_cdc_if.c **** 
 217:USB_Device/App/usbd_cdc_if.c **** /**
 218:USB_Device/App/usbd_cdc_if.c ****   * @brief  DeInitializes the CDC media low layer
 219:USB_Device/App/usbd_cdc_if.c ****   * @retval USBD_OK if all operations are OK else USBD_FAIL
 220:USB_Device/App/usbd_cdc_if.c ****   */
 221:USB_Device/App/usbd_cdc_if.c **** static int8_t CDC_DeInit_FS(void)
 222:USB_Device/App/usbd_cdc_if.c **** {
  28              		.loc 1 222 1 view -0
  29              		.cfi_startproc
  30              		@ args = 0, pretend = 0, frame = 0
  31              		@ frame_needed = 0, uses_anonymous_args = 0
  32              		@ link register save eliminated.
 223:USB_Device/App/usbd_cdc_if.c ****   /* USER CODE BEGIN 4 */
 224:USB_Device/App/usbd_cdc_if.c ****   /* DeInitialize the UART peripheral */
 225:USB_Device/App/usbd_cdc_if.c ****   //if(HAL_UART_DeInit(&UartHandle) != HAL_OK)
 226:USB_Device/App/usbd_cdc_if.c ****   //{
 227:USB_Device/App/usbd_cdc_if.c ****     /* Initialization Error */
 228:USB_Device/App/usbd_cdc_if.c ****   //  Error_Handler();
 229:USB_Device/App/usbd_cdc_if.c ****   //}
 230:USB_Device/App/usbd_cdc_if.c ****   return (USBD_OK);
  33              		.loc 1 230 3 view .LVU1
 231:USB_Device/App/usbd_cdc_if.c ****   /* USER CODE END 4 */
 232:USB_Device/App/usbd_cdc_if.c **** }
  34              		.loc 1 232 1 is_stmt 0 view .LVU2
  35 0000 0020     		movs	r0, #0
  36 0002 7047     		bx	lr
  37              		.cfi_endproc
  38              	.LFE1053:
  40              		.section	.text.CDC_Receive_FS,"ax",%progbits
  41              		.align	1
  42              		.syntax unified
  43              		.thumb
  44              		.thumb_func
  45              		.fpu fpv4-sp-d16
  47              	CDC_Receive_FS:
  48              	.LVL0:
  49              	.LFB1055:
 233:USB_Device/App/usbd_cdc_if.c **** 
 234:USB_Device/App/usbd_cdc_if.c **** /**
 235:USB_Device/App/usbd_cdc_if.c ****   * @brief  Manage the CDC class requests
 236:USB_Device/App/usbd_cdc_if.c ****   * @param  cmd: Command code
 237:USB_Device/App/usbd_cdc_if.c ****   * @param  pbuf: Buffer containing command data (request parameters)
 238:USB_Device/App/usbd_cdc_if.c ****   * @param  length: Number of data to be sent (in bytes)
 239:USB_Device/App/usbd_cdc_if.c ****   * @retval Result of the operation: USBD_OK if all operations are OK else USBD_FAIL
ARM GAS  /tmp/cccTTWQD.s 			page 6


 240:USB_Device/App/usbd_cdc_if.c ****   */
 241:USB_Device/App/usbd_cdc_if.c **** static int8_t CDC_Control_FS(uint8_t cmd, uint8_t* pbuf, uint16_t length)
 242:USB_Device/App/usbd_cdc_if.c **** {
 243:USB_Device/App/usbd_cdc_if.c ****   /* USER CODE BEGIN 5 */
 244:USB_Device/App/usbd_cdc_if.c ****   switch (cmd)
 245:USB_Device/App/usbd_cdc_if.c ****   {
 246:USB_Device/App/usbd_cdc_if.c ****   case CDC_SEND_ENCAPSULATED_COMMAND:
 247:USB_Device/App/usbd_cdc_if.c ****     /* Add your code here */
 248:USB_Device/App/usbd_cdc_if.c ****     break;
 249:USB_Device/App/usbd_cdc_if.c **** 
 250:USB_Device/App/usbd_cdc_if.c ****   case CDC_GET_ENCAPSULATED_RESPONSE:
 251:USB_Device/App/usbd_cdc_if.c ****     /* Add your code here */
 252:USB_Device/App/usbd_cdc_if.c ****     break;
 253:USB_Device/App/usbd_cdc_if.c **** 
 254:USB_Device/App/usbd_cdc_if.c ****   case CDC_SET_COMM_FEATURE:
 255:USB_Device/App/usbd_cdc_if.c ****     /* Add your code here */
 256:USB_Device/App/usbd_cdc_if.c ****     break;
 257:USB_Device/App/usbd_cdc_if.c **** 
 258:USB_Device/App/usbd_cdc_if.c ****   case CDC_GET_COMM_FEATURE:
 259:USB_Device/App/usbd_cdc_if.c ****     /* Add your code here */
 260:USB_Device/App/usbd_cdc_if.c ****     break;
 261:USB_Device/App/usbd_cdc_if.c **** 
 262:USB_Device/App/usbd_cdc_if.c ****   case CDC_CLEAR_COMM_FEATURE:
 263:USB_Device/App/usbd_cdc_if.c ****     /* Add your code here */
 264:USB_Device/App/usbd_cdc_if.c ****     break;
 265:USB_Device/App/usbd_cdc_if.c **** 
 266:USB_Device/App/usbd_cdc_if.c ****   case CDC_SET_LINE_CODING:
 267:USB_Device/App/usbd_cdc_if.c ****     LineCoding.bitrate    = (uint32_t)(pbuf[0] | (pbuf[1] << 8) |\
 268:USB_Device/App/usbd_cdc_if.c ****                             (pbuf[2] << 16) | (pbuf[3] << 24));
 269:USB_Device/App/usbd_cdc_if.c ****     LineCoding.format     = pbuf[4];
 270:USB_Device/App/usbd_cdc_if.c ****     LineCoding.paritytype = pbuf[5];
 271:USB_Device/App/usbd_cdc_if.c ****     LineCoding.datatype   = pbuf[6];
 272:USB_Device/App/usbd_cdc_if.c **** 
 273:USB_Device/App/usbd_cdc_if.c ****     /* Set the new configuration */
 274:USB_Device/App/usbd_cdc_if.c ****     //ComPort_Config();
 275:USB_Device/App/usbd_cdc_if.c ****     break;
 276:USB_Device/App/usbd_cdc_if.c **** 
 277:USB_Device/App/usbd_cdc_if.c ****   case CDC_GET_LINE_CODING:
 278:USB_Device/App/usbd_cdc_if.c ****     pbuf[0] = (uint8_t)(LineCoding.bitrate);
 279:USB_Device/App/usbd_cdc_if.c ****     pbuf[1] = (uint8_t)(LineCoding.bitrate >> 8);
 280:USB_Device/App/usbd_cdc_if.c ****     pbuf[2] = (uint8_t)(LineCoding.bitrate >> 16);
 281:USB_Device/App/usbd_cdc_if.c ****     pbuf[3] = (uint8_t)(LineCoding.bitrate >> 24);
 282:USB_Device/App/usbd_cdc_if.c ****     pbuf[4] = LineCoding.format;
 283:USB_Device/App/usbd_cdc_if.c ****     pbuf[5] = LineCoding.paritytype;
 284:USB_Device/App/usbd_cdc_if.c ****     pbuf[6] = LineCoding.datatype;
 285:USB_Device/App/usbd_cdc_if.c ****     break;
 286:USB_Device/App/usbd_cdc_if.c **** 
 287:USB_Device/App/usbd_cdc_if.c ****   case CDC_SET_CONTROL_LINE_STATE:
 288:USB_Device/App/usbd_cdc_if.c ****     /* Add your code here */
 289:USB_Device/App/usbd_cdc_if.c ****     break;
 290:USB_Device/App/usbd_cdc_if.c **** 
 291:USB_Device/App/usbd_cdc_if.c ****   case CDC_SEND_BREAK:
 292:USB_Device/App/usbd_cdc_if.c ****      /* Add your code here */
 293:USB_Device/App/usbd_cdc_if.c ****     break;
 294:USB_Device/App/usbd_cdc_if.c **** 
 295:USB_Device/App/usbd_cdc_if.c ****   default:
 296:USB_Device/App/usbd_cdc_if.c ****     break;
ARM GAS  /tmp/cccTTWQD.s 			page 7


 297:USB_Device/App/usbd_cdc_if.c ****   }
 298:USB_Device/App/usbd_cdc_if.c **** 
 299:USB_Device/App/usbd_cdc_if.c ****   return (USBD_OK);
 300:USB_Device/App/usbd_cdc_if.c ****   /* USER CODE END 5 */
 301:USB_Device/App/usbd_cdc_if.c **** }
 302:USB_Device/App/usbd_cdc_if.c **** 
 303:USB_Device/App/usbd_cdc_if.c **** /**
 304:USB_Device/App/usbd_cdc_if.c ****   * @brief  Data received over USB OUT endpoint are sent over CDC interface
 305:USB_Device/App/usbd_cdc_if.c ****   *         through this function.
 306:USB_Device/App/usbd_cdc_if.c ****   *
 307:USB_Device/App/usbd_cdc_if.c ****   *         @note
 308:USB_Device/App/usbd_cdc_if.c ****   *         This function will block any OUT packet reception on USB endpoint
 309:USB_Device/App/usbd_cdc_if.c ****   *         untill exiting this function. If you exit this function before transfer
 310:USB_Device/App/usbd_cdc_if.c ****   *         is complete on CDC interface (ie. using DMA controller) it will result
 311:USB_Device/App/usbd_cdc_if.c ****   *         in receiving more data while previous ones are still not sent.
 312:USB_Device/App/usbd_cdc_if.c ****   *
 313:USB_Device/App/usbd_cdc_if.c ****   * @param  Buf: Buffer of data to be received
 314:USB_Device/App/usbd_cdc_if.c ****   * @param  Len: Number of data received (in bytes)
 315:USB_Device/App/usbd_cdc_if.c ****   * @retval Result of the operation: USBD_OK if all operations are OK else USBD_FAIL
 316:USB_Device/App/usbd_cdc_if.c ****   */
 317:USB_Device/App/usbd_cdc_if.c **** static int8_t CDC_Receive_FS(uint8_t* Buf, uint32_t *Len)
 318:USB_Device/App/usbd_cdc_if.c **** {
  50              		.loc 1 318 1 is_stmt 1 view -0
  51              		.cfi_startproc
  52              		@ args = 0, pretend = 0, frame = 0
  53              		@ frame_needed = 0, uses_anonymous_args = 0
 319:USB_Device/App/usbd_cdc_if.c ****   /* USER CODE BEGIN 6 */
 320:USB_Device/App/usbd_cdc_if.c ****   //HAL_UART_Transmit_DMA(&UartHandle, Buf, *Len);
 321:USB_Device/App/usbd_cdc_if.c ****   is_new_data_ready = 1;
  54              		.loc 1 321 3 view .LVU4
  55              		.loc 1 321 21 is_stmt 0 view .LVU5
  56 0000 084B     		ldr	r3, .L3
 318:USB_Device/App/usbd_cdc_if.c ****   /* USER CODE BEGIN 6 */
  57              		.loc 1 318 1 view .LVU6
  58 0002 10B5     		push	{r4, lr}
  59              	.LCFI0:
  60              		.cfi_def_cfa_offset 8
  61              		.cfi_offset 4, -8
  62              		.cfi_offset 14, -4
  63              		.loc 1 321 21 view .LVU7
  64 0004 0122     		movs	r2, #1
  65 0006 1A70     		strb	r2, [r3]
 322:USB_Device/App/usbd_cdc_if.c ****   memcpy(Buf, UserRxBufferFS, *Len);
  66              		.loc 1 322 3 is_stmt 1 view .LVU8
  67 0008 0A68     		ldr	r2, [r1]
 318:USB_Device/App/usbd_cdc_if.c ****   /* USER CODE BEGIN 6 */
  68              		.loc 1 318 1 is_stmt 0 view .LVU9
  69 000a 0C46     		mov	r4, r1
  70              		.loc 1 322 3 view .LVU10
  71 000c 0649     		ldr	r1, .L3+4
  72              	.LVL1:
  73              		.loc 1 322 3 view .LVU11
  74 000e FFF7FEFF 		bl	memcpy
  75              	.LVL2:
 323:USB_Device/App/usbd_cdc_if.c ****   new_data_length = *Len;
  76              		.loc 1 323 3 is_stmt 1 view .LVU12
  77              		.loc 1 323 19 is_stmt 0 view .LVU13
ARM GAS  /tmp/cccTTWQD.s 			page 8


  78 0012 064B     		ldr	r3, .L3+8
  79 0014 2268     		ldr	r2, [r4]
 324:USB_Device/App/usbd_cdc_if.c **** 
 325:USB_Device/App/usbd_cdc_if.c ****   //SCPI_Input(&scpi_context, UserRxBufferFS, *Len);
 326:USB_Device/App/usbd_cdc_if.c ****   USBD_CDC_ReceivePacket(&hUsbDeviceFS);
  80              		.loc 1 326 3 view .LVU14
  81 0016 0648     		ldr	r0, .L3+12
 323:USB_Device/App/usbd_cdc_if.c ****   new_data_length = *Len;
  82              		.loc 1 323 19 view .LVU15
  83 0018 1A80     		strh	r2, [r3]	@ movhi
  84              		.loc 1 326 3 is_stmt 1 view .LVU16
  85 001a FFF7FEFF 		bl	USBD_CDC_ReceivePacket
  86              	.LVL3:
 327:USB_Device/App/usbd_cdc_if.c ****   return (USBD_OK);
  87              		.loc 1 327 3 view .LVU17
 328:USB_Device/App/usbd_cdc_if.c ****   /* USER CODE END 6 */
 329:USB_Device/App/usbd_cdc_if.c **** }
  88              		.loc 1 329 1 is_stmt 0 view .LVU18
  89 001e 0020     		movs	r0, #0
  90 0020 10BD     		pop	{r4, pc}
  91              	.LVL4:
  92              	.L4:
  93              		.loc 1 329 1 view .LVU19
  94 0022 00BF     		.align	2
  95              	.L3:
  96 0024 00000000 		.word	is_new_data_ready
  97 0028 00000000 		.word	UserRxBufferFS
  98 002c 00000000 		.word	new_data_length
  99 0030 00000000 		.word	hUsbDeviceFS
 100              		.cfi_endproc
 101              	.LFE1055:
 103              		.section	.text.CDC_Init_FS,"ax",%progbits
 104              		.align	1
 105              		.syntax unified
 106              		.thumb
 107              		.thumb_func
 108              		.fpu fpv4-sp-d16
 110              	CDC_Init_FS:
 111              	.LFB1052:
 174:USB_Device/App/usbd_cdc_if.c ****   /* USER CODE BEGIN 3 */
 112              		.loc 1 174 1 is_stmt 1 view -0
 113              		.cfi_startproc
 114              		@ args = 0, pretend = 0, frame = 0
 115              		@ frame_needed = 0, uses_anonymous_args = 0
 210:USB_Device/App/usbd_cdc_if.c ****   USBD_CDC_SetRxBuffer(&hUsbDeviceFS, UserRxBufferFS);
 116              		.loc 1 210 3 view .LVU21
 174:USB_Device/App/usbd_cdc_if.c ****   /* USER CODE BEGIN 3 */
 117              		.loc 1 174 1 is_stmt 0 view .LVU22
 118 0000 10B5     		push	{r4, lr}
 119              	.LCFI1:
 120              		.cfi_def_cfa_offset 8
 121              		.cfi_offset 4, -8
 122              		.cfi_offset 14, -4
 210:USB_Device/App/usbd_cdc_if.c ****   USBD_CDC_SetRxBuffer(&hUsbDeviceFS, UserRxBufferFS);
 123              		.loc 1 210 3 view .LVU23
 124 0002 064C     		ldr	r4, .L6
 125 0004 0649     		ldr	r1, .L6+4
ARM GAS  /tmp/cccTTWQD.s 			page 9


 126 0006 0022     		movs	r2, #0
 127 0008 2046     		mov	r0, r4
 128 000a FFF7FEFF 		bl	USBD_CDC_SetTxBuffer
 129              	.LVL5:
 211:USB_Device/App/usbd_cdc_if.c **** 
 130              		.loc 1 211 3 is_stmt 1 view .LVU24
 131 000e 0549     		ldr	r1, .L6+8
 132 0010 2046     		mov	r0, r4
 133 0012 FFF7FEFF 		bl	USBD_CDC_SetRxBuffer
 134              	.LVL6:
 213:USB_Device/App/usbd_cdc_if.c ****   /* USER CODE END 3 */
 135              		.loc 1 213 3 view .LVU25
 215:USB_Device/App/usbd_cdc_if.c **** 
 136              		.loc 1 215 1 is_stmt 0 view .LVU26
 137 0016 0020     		movs	r0, #0
 138 0018 10BD     		pop	{r4, pc}
 139              	.L7:
 140 001a 00BF     		.align	2
 141              	.L6:
 142 001c 00000000 		.word	hUsbDeviceFS
 143 0020 00000000 		.word	UserTxBufferFS
 144 0024 00000000 		.word	UserRxBufferFS
 145              		.cfi_endproc
 146              	.LFE1052:
 148              		.section	.text.CDC_Control_FS,"ax",%progbits
 149              		.align	1
 150              		.syntax unified
 151              		.thumb
 152              		.thumb_func
 153              		.fpu fpv4-sp-d16
 155              	CDC_Control_FS:
 156              	.LVL7:
 157              	.LFB1054:
 242:USB_Device/App/usbd_cdc_if.c ****   /* USER CODE BEGIN 5 */
 158              		.loc 1 242 1 is_stmt 1 view -0
 159              		.cfi_startproc
 160              		@ args = 0, pretend = 0, frame = 0
 161              		@ frame_needed = 0, uses_anonymous_args = 0
 162              		@ link register save eliminated.
 244:USB_Device/App/usbd_cdc_if.c ****   {
 163              		.loc 1 244 3 view .LVU28
 164 0000 2028     		cmp	r0, #32
 165 0002 03D0     		beq	.L9
 166 0004 2128     		cmp	r0, #33
 167 0006 0BD0     		beq	.L10
 168              	.LVL8:
 169              	.L11:
 299:USB_Device/App/usbd_cdc_if.c ****   /* USER CODE END 5 */
 170              		.loc 1 299 3 view .LVU29
 301:USB_Device/App/usbd_cdc_if.c **** 
 171              		.loc 1 301 1 is_stmt 0 view .LVU30
 172 0008 0020     		movs	r0, #0
 173              	.LVL9:
 301:USB_Device/App/usbd_cdc_if.c **** 
 174              		.loc 1 301 1 view .LVU31
 175 000a 7047     		bx	lr
 176              	.LVL10:
ARM GAS  /tmp/cccTTWQD.s 			page 10


 177              	.L9:
 178              	.LBB4:
 179              	.LBI4:
 241:USB_Device/App/usbd_cdc_if.c **** {
 180              		.loc 1 241 15 is_stmt 1 view .LVU32
 181              	.LBB5:
 267:USB_Device/App/usbd_cdc_if.c ****                             (pbuf[2] << 16) | (pbuf[3] << 24));
 182              		.loc 1 267 5 view .LVU33
 267:USB_Device/App/usbd_cdc_if.c ****                             (pbuf[2] << 16) | (pbuf[3] << 24));
 183              		.loc 1 267 27 is_stmt 0 view .LVU34
 184 000c 0D4B     		ldr	r3, .L12
 185 000e 0A68     		ldr	r2, [r1]	@ unaligned
 186              	.LVL11:
 267:USB_Device/App/usbd_cdc_if.c ****                             (pbuf[2] << 16) | (pbuf[3] << 24));
 187              		.loc 1 267 27 view .LVU35
 188 0010 1A60     		str	r2, [r3]
 269:USB_Device/App/usbd_cdc_if.c ****     LineCoding.paritytype = pbuf[5];
 189              		.loc 1 269 5 is_stmt 1 view .LVU36
 269:USB_Device/App/usbd_cdc_if.c ****     LineCoding.paritytype = pbuf[5];
 190              		.loc 1 269 27 is_stmt 0 view .LVU37
 191 0012 0A79     		ldrb	r2, [r1, #4]	@ zero_extendqisi2
 192 0014 1A71     		strb	r2, [r3, #4]
 270:USB_Device/App/usbd_cdc_if.c ****     LineCoding.datatype   = pbuf[6];
 193              		.loc 1 270 5 is_stmt 1 view .LVU38
 270:USB_Device/App/usbd_cdc_if.c ****     LineCoding.datatype   = pbuf[6];
 194              		.loc 1 270 27 is_stmt 0 view .LVU39
 195 0016 4A79     		ldrb	r2, [r1, #5]	@ zero_extendqisi2
 196 0018 5A71     		strb	r2, [r3, #5]
 271:USB_Device/App/usbd_cdc_if.c **** 
 197              		.loc 1 271 5 is_stmt 1 view .LVU40
 271:USB_Device/App/usbd_cdc_if.c **** 
 198              		.loc 1 271 27 is_stmt 0 view .LVU41
 199 001a 8A79     		ldrb	r2, [r1, #6]	@ zero_extendqisi2
 200 001c 9A71     		strb	r2, [r3, #6]
 275:USB_Device/App/usbd_cdc_if.c **** 
 201              		.loc 1 275 5 is_stmt 1 view .LVU42
 202 001e F3E7     		b	.L11
 203              	.LVL12:
 204              	.L10:
 275:USB_Device/App/usbd_cdc_if.c **** 
 205              		.loc 1 275 5 is_stmt 0 view .LVU43
 206              	.LBE5:
 207              	.LBE4:
 278:USB_Device/App/usbd_cdc_if.c ****     pbuf[1] = (uint8_t)(LineCoding.bitrate >> 8);
 208              		.loc 1 278 5 is_stmt 1 view .LVU44
 278:USB_Device/App/usbd_cdc_if.c ****     pbuf[1] = (uint8_t)(LineCoding.bitrate >> 8);
 209              		.loc 1 278 35 is_stmt 0 view .LVU45
 210 0020 084B     		ldr	r3, .L12
 278:USB_Device/App/usbd_cdc_if.c ****     pbuf[1] = (uint8_t)(LineCoding.bitrate >> 8);
 211              		.loc 1 278 15 view .LVU46
 212 0022 1A68     		ldr	r2, [r3]
 213              	.LVL13:
 278:USB_Device/App/usbd_cdc_if.c ****     pbuf[1] = (uint8_t)(LineCoding.bitrate >> 8);
 214              		.loc 1 278 15 view .LVU47
 215 0024 0A70     		strb	r2, [r1]
 279:USB_Device/App/usbd_cdc_if.c ****     pbuf[2] = (uint8_t)(LineCoding.bitrate >> 16);
 216              		.loc 1 279 5 is_stmt 1 view .LVU48
ARM GAS  /tmp/cccTTWQD.s 			page 11


 279:USB_Device/App/usbd_cdc_if.c ****     pbuf[2] = (uint8_t)(LineCoding.bitrate >> 16);
 217              		.loc 1 279 44 is_stmt 0 view .LVU49
 218 0026 1A68     		ldr	r2, [r3]
 219 0028 120A     		lsrs	r2, r2, #8
 279:USB_Device/App/usbd_cdc_if.c ****     pbuf[2] = (uint8_t)(LineCoding.bitrate >> 16);
 220              		.loc 1 279 15 view .LVU50
 221 002a 4A70     		strb	r2, [r1, #1]
 280:USB_Device/App/usbd_cdc_if.c ****     pbuf[3] = (uint8_t)(LineCoding.bitrate >> 24);
 222              		.loc 1 280 5 is_stmt 1 view .LVU51
 280:USB_Device/App/usbd_cdc_if.c ****     pbuf[3] = (uint8_t)(LineCoding.bitrate >> 24);
 223              		.loc 1 280 44 is_stmt 0 view .LVU52
 224 002c 5A88     		ldrh	r2, [r3, #2]
 280:USB_Device/App/usbd_cdc_if.c ****     pbuf[3] = (uint8_t)(LineCoding.bitrate >> 24);
 225              		.loc 1 280 15 view .LVU53
 226 002e 8A70     		strb	r2, [r1, #2]
 281:USB_Device/App/usbd_cdc_if.c ****     pbuf[4] = LineCoding.format;
 227              		.loc 1 281 5 is_stmt 1 view .LVU54
 281:USB_Device/App/usbd_cdc_if.c ****     pbuf[4] = LineCoding.format;
 228              		.loc 1 281 44 is_stmt 0 view .LVU55
 229 0030 DA78     		ldrb	r2, [r3, #3]	@ zero_extendqisi2
 281:USB_Device/App/usbd_cdc_if.c ****     pbuf[4] = LineCoding.format;
 230              		.loc 1 281 15 view .LVU56
 231 0032 CA70     		strb	r2, [r1, #3]
 282:USB_Device/App/usbd_cdc_if.c ****     pbuf[5] = LineCoding.paritytype;
 232              		.loc 1 282 5 is_stmt 1 view .LVU57
 282:USB_Device/App/usbd_cdc_if.c ****     pbuf[5] = LineCoding.paritytype;
 233              		.loc 1 282 25 is_stmt 0 view .LVU58
 234 0034 1A79     		ldrb	r2, [r3, #4]	@ zero_extendqisi2
 282:USB_Device/App/usbd_cdc_if.c ****     pbuf[5] = LineCoding.paritytype;
 235              		.loc 1 282 13 view .LVU59
 236 0036 0A71     		strb	r2, [r1, #4]
 283:USB_Device/App/usbd_cdc_if.c ****     pbuf[6] = LineCoding.datatype;
 237              		.loc 1 283 5 is_stmt 1 view .LVU60
 283:USB_Device/App/usbd_cdc_if.c ****     pbuf[6] = LineCoding.datatype;
 238              		.loc 1 283 25 is_stmt 0 view .LVU61
 239 0038 5A79     		ldrb	r2, [r3, #5]	@ zero_extendqisi2
 283:USB_Device/App/usbd_cdc_if.c ****     pbuf[6] = LineCoding.datatype;
 240              		.loc 1 283 13 view .LVU62
 241 003a 4A71     		strb	r2, [r1, #5]
 284:USB_Device/App/usbd_cdc_if.c ****     break;
 242              		.loc 1 284 5 is_stmt 1 view .LVU63
 284:USB_Device/App/usbd_cdc_if.c ****     break;
 243              		.loc 1 284 25 is_stmt 0 view .LVU64
 244 003c 9B79     		ldrb	r3, [r3, #6]	@ zero_extendqisi2
 284:USB_Device/App/usbd_cdc_if.c ****     break;
 245              		.loc 1 284 13 view .LVU65
 246 003e 8B71     		strb	r3, [r1, #6]
 285:USB_Device/App/usbd_cdc_if.c **** 
 247              		.loc 1 285 5 is_stmt 1 view .LVU66
 248 0040 E2E7     		b	.L11
 249              	.L13:
 250 0042 00BF     		.align	2
 251              	.L12:
 252 0044 00000000 		.word	.LANCHOR0
 253              		.cfi_endproc
 254              	.LFE1054:
 256              		.section	.text.CDC_Transmit_FS,"ax",%progbits
ARM GAS  /tmp/cccTTWQD.s 			page 12


 257              		.align	1
 258              		.global	CDC_Transmit_FS
 259              		.syntax unified
 260              		.thumb
 261              		.thumb_func
 262              		.fpu fpv4-sp-d16
 264              	CDC_Transmit_FS:
 265              	.LVL14:
 266              	.LFB1056:
 330:USB_Device/App/usbd_cdc_if.c **** 
 331:USB_Device/App/usbd_cdc_if.c **** /**
 332:USB_Device/App/usbd_cdc_if.c ****   * @brief  CDC_Transmit_FS
 333:USB_Device/App/usbd_cdc_if.c ****   *         Data to send over USB IN endpoint are sent over CDC interface
 334:USB_Device/App/usbd_cdc_if.c ****   *         through this function.
 335:USB_Device/App/usbd_cdc_if.c ****   *         @note
 336:USB_Device/App/usbd_cdc_if.c ****   *
 337:USB_Device/App/usbd_cdc_if.c ****   *
 338:USB_Device/App/usbd_cdc_if.c ****   * @param  Buf: Buffer of data to be sent
 339:USB_Device/App/usbd_cdc_if.c ****   * @param  Len: Number of data to be sent (in bytes)
 340:USB_Device/App/usbd_cdc_if.c ****   * @retval USBD_OK if all operations are OK else USBD_FAIL or USBD_BUSY
 341:USB_Device/App/usbd_cdc_if.c ****   */
 342:USB_Device/App/usbd_cdc_if.c **** uint8_t CDC_Transmit_FS(uint8_t* Buf, uint16_t Len)
 343:USB_Device/App/usbd_cdc_if.c **** {
 267              		.loc 1 343 1 view -0
 268              		.cfi_startproc
 269              		@ args = 0, pretend = 0, frame = 0
 270              		@ frame_needed = 0, uses_anonymous_args = 0
 344:USB_Device/App/usbd_cdc_if.c ****   uint8_t result = USBD_OK;
 271              		.loc 1 344 3 view .LVU68
 345:USB_Device/App/usbd_cdc_if.c ****   /* USER CODE BEGIN 7 */
 346:USB_Device/App/usbd_cdc_if.c ****   USBD_CDC_HandleTypeDef *hcdc = (USBD_CDC_HandleTypeDef*)hUsbDeviceFS.pClassData;
 272              		.loc 1 346 3 view .LVU69
 343:USB_Device/App/usbd_cdc_if.c ****   uint8_t result = USBD_OK;
 273              		.loc 1 343 1 is_stmt 0 view .LVU70
 274 0000 10B5     		push	{r4, lr}
 275              	.LCFI2:
 276              		.cfi_def_cfa_offset 8
 277              		.cfi_offset 4, -8
 278              		.cfi_offset 14, -4
 279              		.loc 1 346 27 view .LVU71
 280 0002 094C     		ldr	r4, .L16
 281 0004 D4F8B832 		ldr	r3, [r4, #696]
 282              	.LVL15:
 347:USB_Device/App/usbd_cdc_if.c ****   if (hcdc->TxState != 0){
 283              		.loc 1 347 3 is_stmt 1 view .LVU72
 284              		.loc 1 347 11 is_stmt 0 view .LVU73
 285 0008 D3F81432 		ldr	r3, [r3, #532]
 286              	.LVL16:
 343:USB_Device/App/usbd_cdc_if.c ****   uint8_t result = USBD_OK;
 287              		.loc 1 343 1 view .LVU74
 288 000c 0A46     		mov	r2, r1
 289              		.loc 1 347 6 view .LVU75
 290 000e 43B9     		cbnz	r3, .L15
 348:USB_Device/App/usbd_cdc_if.c ****   return USBD_BUSY;
 349:USB_Device/App/usbd_cdc_if.c ****   }
 350:USB_Device/App/usbd_cdc_if.c ****   USBD_CDC_SetTxBuffer(&hUsbDeviceFS, Buf, Len);
 291              		.loc 1 350 3 is_stmt 1 view .LVU76
ARM GAS  /tmp/cccTTWQD.s 			page 13


 292 0010 0146     		mov	r1, r0
 293              	.LVL17:
 294              		.loc 1 350 3 is_stmt 0 view .LVU77
 295 0012 2046     		mov	r0, r4
 296              	.LVL18:
 297              		.loc 1 350 3 view .LVU78
 298 0014 FFF7FEFF 		bl	USBD_CDC_SetTxBuffer
 299              	.LVL19:
 351:USB_Device/App/usbd_cdc_if.c ****   result = USBD_CDC_TransmitPacket(&hUsbDeviceFS);
 300              		.loc 1 351 3 is_stmt 1 view .LVU79
 301              		.loc 1 351 12 is_stmt 0 view .LVU80
 302 0018 2046     		mov	r0, r4
 352:USB_Device/App/usbd_cdc_if.c ****   /* USER CODE END 7 */
 353:USB_Device/App/usbd_cdc_if.c ****   return result;
 354:USB_Device/App/usbd_cdc_if.c **** }
 303              		.loc 1 354 1 view .LVU81
 304 001a BDE81040 		pop	{r4, lr}
 305              	.LCFI3:
 306              		.cfi_remember_state
 307              		.cfi_restore 14
 308              		.cfi_restore 4
 309              		.cfi_def_cfa_offset 0
 351:USB_Device/App/usbd_cdc_if.c ****   result = USBD_CDC_TransmitPacket(&hUsbDeviceFS);
 310              		.loc 1 351 12 view .LVU82
 311 001e FFF7FEBF 		b	USBD_CDC_TransmitPacket
 312              	.LVL20:
 313              	.L15:
 314              	.LCFI4:
 315              		.cfi_restore_state
 316              		.loc 1 354 1 view .LVU83
 317 0022 0120     		movs	r0, #1
 318              	.LVL21:
 319              		.loc 1 354 1 view .LVU84
 320 0024 10BD     		pop	{r4, pc}
 321              	.LVL22:
 322              	.L17:
 323              		.loc 1 354 1 view .LVU85
 324 0026 00BF     		.align	2
 325              	.L16:
 326 0028 00000000 		.word	hUsbDeviceFS
 327              		.cfi_endproc
 328              	.LFE1056:
 330              		.global	USBD_Interface_fops_FS
 331              		.comm	uwPrescalerValue,4,4
 332              		.comm	UserTxBufPtrOut,4,4
 333              		.comm	UserTxBufPtrIn,4,4
 334              		.comm	BuffLength,4,4
 335              		.global	LineCoding
 336              		.comm	UserTxBufferFS,64,1
 337              		.comm	UserRxBufferFS,64,1
 338              		.section	.data.LineCoding,"aw"
 339              		.align	2
 340              		.set	.LANCHOR0,. + 0
 343              	LineCoding:
 344 0000 00C20100 		.word	115200
 345 0004 00       		.byte	0
 346 0005 00       		.byte	0
ARM GAS  /tmp/cccTTWQD.s 			page 14


 347 0006 08       		.byte	8
 348 0007 00       		.space	1
 349              		.section	.data.USBD_Interface_fops_FS,"aw"
 350              		.align	2
 353              	USBD_Interface_fops_FS:
 354 0000 00000000 		.word	CDC_Init_FS
 355 0004 00000000 		.word	CDC_DeInit_FS
 356 0008 00000000 		.word	CDC_Control_FS
 357 000c 00000000 		.word	CDC_Receive_FS
 358              		.text
 359              	.Letext0:
 360              		.file 2 "/usr/include/newlib/machine/_default_types.h"
 361              		.file 3 "/usr/lib/gcc/arm-none-eabi/9.2.1/include/stddef.h"
 362              		.file 4 "/usr/include/newlib/sys/_types.h"
 363              		.file 5 "/usr/include/newlib/sys/reent.h"
 364              		.file 6 "/usr/include/newlib/sys/lock.h"
 365              		.file 7 "/usr/include/newlib/sys/_stdint.h"
 366              		.file 8 "/usr/include/newlib/stdlib.h"
 367              		.file 9 "/usr/lib/gcc/arm-none-eabi/9.2.1/include/stdint.h"
 368              		.file 10 "Drivers/CMSIS/Include/core_cm4.h"
 369              		.file 11 "Drivers/CMSIS/Device/ST/STM32G4xx/Include/system_stm32g4xx.h"
 370              		.file 12 "Drivers/STM32G4xx_HAL_Driver/Inc/stm32g4xx_hal_def.h"
 371              		.file 13 "Drivers/STM32G4xx_HAL_Driver/Inc/stm32g4xx_hal_flash.h"
 372              		.file 14 "Drivers/STM32G4xx_HAL_Driver/Inc/stm32g4xx_hal.h"
 373              		.file 15 "Middlewares/ST/STM32_USB_Device_Library/Core/Inc/usbd_def.h"
 374              		.file 16 "Middlewares/ST/STM32_USB_Device_Library/Class/CDC/Inc/usbd_cdc.h"
 375              		.file 17 "USB_Device/App/usbd_cdc_if.h"
 376              		.file 18 "libscpi/inc/scpi/types.h"
 377              		.file 19 "libscpi/inc/scpi/parser.h"
 378              		.file 20 "libscpi/inc/scpi/units.h"
 379              		.file 21 "Inc/scpi-def.h"
 380              		.file 22 "Drivers/STM32G4xx_HAL_Driver/Inc/stm32g4xx_ll_dma.h"
 381              		.file 23 "<built-in>"
ARM GAS  /tmp/cccTTWQD.s 			page 15


DEFINED SYMBOLS
                            *ABS*:0000000000000000 usbd_cdc_if.c
     /tmp/cccTTWQD.s:18     .text.CDC_DeInit_FS:0000000000000000 $t
     /tmp/cccTTWQD.s:25     .text.CDC_DeInit_FS:0000000000000000 CDC_DeInit_FS
     /tmp/cccTTWQD.s:41     .text.CDC_Receive_FS:0000000000000000 $t
     /tmp/cccTTWQD.s:47     .text.CDC_Receive_FS:0000000000000000 CDC_Receive_FS
     /tmp/cccTTWQD.s:96     .text.CDC_Receive_FS:0000000000000024 $d
                            *COM*:0000000000000040 UserRxBufferFS
     /tmp/cccTTWQD.s:104    .text.CDC_Init_FS:0000000000000000 $t
     /tmp/cccTTWQD.s:110    .text.CDC_Init_FS:0000000000000000 CDC_Init_FS
     /tmp/cccTTWQD.s:142    .text.CDC_Init_FS:000000000000001c $d
                            *COM*:0000000000000040 UserTxBufferFS
     /tmp/cccTTWQD.s:149    .text.CDC_Control_FS:0000000000000000 $t
     /tmp/cccTTWQD.s:155    .text.CDC_Control_FS:0000000000000000 CDC_Control_FS
     /tmp/cccTTWQD.s:252    .text.CDC_Control_FS:0000000000000044 $d
     /tmp/cccTTWQD.s:257    .text.CDC_Transmit_FS:0000000000000000 $t
     /tmp/cccTTWQD.s:264    .text.CDC_Transmit_FS:0000000000000000 CDC_Transmit_FS
     /tmp/cccTTWQD.s:326    .text.CDC_Transmit_FS:0000000000000028 $d
     /tmp/cccTTWQD.s:353    .data.USBD_Interface_fops_FS:0000000000000000 USBD_Interface_fops_FS
                            *COM*:0000000000000004 uwPrescalerValue
                            *COM*:0000000000000004 UserTxBufPtrOut
                            *COM*:0000000000000004 UserTxBufPtrIn
                            *COM*:0000000000000004 BuffLength
     /tmp/cccTTWQD.s:343    .data.LineCoding:0000000000000000 LineCoding
     /tmp/cccTTWQD.s:339    .data.LineCoding:0000000000000000 $d
     /tmp/cccTTWQD.s:350    .data.USBD_Interface_fops_FS:0000000000000000 $d

UNDEFINED SYMBOLS
memcpy
USBD_CDC_ReceivePacket
is_new_data_ready
new_data_length
hUsbDeviceFS
USBD_CDC_SetTxBuffer
USBD_CDC_SetRxBuffer
USBD_CDC_TransmitPacket
