ARM GAS  /tmp/ccahri6b.s 			page 1


   1              		.cpu cortex-m4
   2              		.eabi_attribute 27, 1
   3              		.eabi_attribute 28, 1
   4              		.eabi_attribute 20, 1
   5              		.eabi_attribute 21, 1
   6              		.eabi_attribute 23, 3
   7              		.eabi_attribute 24, 1
   8              		.eabi_attribute 25, 1
   9              		.eabi_attribute 26, 1
  10              		.eabi_attribute 30, 4
  11              		.eabi_attribute 34, 1
  12              		.eabi_attribute 18, 4
  13              		.file	"usbd_ioreq.c"
  14              		.text
  15              	.Ltext0:
  16              		.cfi_sections	.debug_frame
  17              		.section	.text.USBD_CtlSendData,"ax",%progbits
  18              		.align	1
  19              		.global	USBD_CtlSendData
  20              		.arch armv7e-m
  21              		.syntax unified
  22              		.thumb
  23              		.thumb_func
  24              		.fpu fpv4-sp-d16
  26              	USBD_CtlSendData:
  27              	.LVL0:
  28              	.LFB360:
  29              		.file 1 "Middlewares/ST/STM32_USB_Device_Library/Core/Src/usbd_ioreq.c"
   1:Middlewares/ST/STM32_USB_Device_Library/Core/Src/usbd_ioreq.c **** /**
   2:Middlewares/ST/STM32_USB_Device_Library/Core/Src/usbd_ioreq.c ****   ******************************************************************************
   3:Middlewares/ST/STM32_USB_Device_Library/Core/Src/usbd_ioreq.c ****   * @file    usbd_ioreq.c
   4:Middlewares/ST/STM32_USB_Device_Library/Core/Src/usbd_ioreq.c ****   * @author  MCD Application Team
   5:Middlewares/ST/STM32_USB_Device_Library/Core/Src/usbd_ioreq.c ****   * @brief   This file provides the IO requests APIs for control endpoints.
   6:Middlewares/ST/STM32_USB_Device_Library/Core/Src/usbd_ioreq.c ****   ******************************************************************************
   7:Middlewares/ST/STM32_USB_Device_Library/Core/Src/usbd_ioreq.c ****   * @attention
   8:Middlewares/ST/STM32_USB_Device_Library/Core/Src/usbd_ioreq.c ****   *
   9:Middlewares/ST/STM32_USB_Device_Library/Core/Src/usbd_ioreq.c ****   * <h2><center>&copy; Copyright (c) 2015 STMicroelectronics.
  10:Middlewares/ST/STM32_USB_Device_Library/Core/Src/usbd_ioreq.c ****   * All rights reserved.</center></h2>
  11:Middlewares/ST/STM32_USB_Device_Library/Core/Src/usbd_ioreq.c ****   *
  12:Middlewares/ST/STM32_USB_Device_Library/Core/Src/usbd_ioreq.c ****   * This software component is licensed by ST under Ultimate Liberty license
  13:Middlewares/ST/STM32_USB_Device_Library/Core/Src/usbd_ioreq.c ****   * SLA0044, the "License"; You may not use this file except in compliance with
  14:Middlewares/ST/STM32_USB_Device_Library/Core/Src/usbd_ioreq.c ****   * the License. You may obtain a copy of the License at:
  15:Middlewares/ST/STM32_USB_Device_Library/Core/Src/usbd_ioreq.c ****   *                      www.st.com/SLA0044
  16:Middlewares/ST/STM32_USB_Device_Library/Core/Src/usbd_ioreq.c ****   *
  17:Middlewares/ST/STM32_USB_Device_Library/Core/Src/usbd_ioreq.c ****   ******************************************************************************
  18:Middlewares/ST/STM32_USB_Device_Library/Core/Src/usbd_ioreq.c ****   */
  19:Middlewares/ST/STM32_USB_Device_Library/Core/Src/usbd_ioreq.c **** 
  20:Middlewares/ST/STM32_USB_Device_Library/Core/Src/usbd_ioreq.c **** /* Includes ------------------------------------------------------------------*/
  21:Middlewares/ST/STM32_USB_Device_Library/Core/Src/usbd_ioreq.c **** #include "usbd_ioreq.h"
  22:Middlewares/ST/STM32_USB_Device_Library/Core/Src/usbd_ioreq.c **** 
  23:Middlewares/ST/STM32_USB_Device_Library/Core/Src/usbd_ioreq.c **** /** @addtogroup STM32_USB_DEVICE_LIBRARY
  24:Middlewares/ST/STM32_USB_Device_Library/Core/Src/usbd_ioreq.c ****   * @{
  25:Middlewares/ST/STM32_USB_Device_Library/Core/Src/usbd_ioreq.c ****   */
  26:Middlewares/ST/STM32_USB_Device_Library/Core/Src/usbd_ioreq.c **** 
  27:Middlewares/ST/STM32_USB_Device_Library/Core/Src/usbd_ioreq.c **** 
  28:Middlewares/ST/STM32_USB_Device_Library/Core/Src/usbd_ioreq.c **** /** @defgroup USBD_IOREQ
  29:Middlewares/ST/STM32_USB_Device_Library/Core/Src/usbd_ioreq.c ****   * @brief control I/O requests module
ARM GAS  /tmp/ccahri6b.s 			page 2


  30:Middlewares/ST/STM32_USB_Device_Library/Core/Src/usbd_ioreq.c ****   * @{
  31:Middlewares/ST/STM32_USB_Device_Library/Core/Src/usbd_ioreq.c ****   */
  32:Middlewares/ST/STM32_USB_Device_Library/Core/Src/usbd_ioreq.c **** 
  33:Middlewares/ST/STM32_USB_Device_Library/Core/Src/usbd_ioreq.c **** /** @defgroup USBD_IOREQ_Private_TypesDefinitions
  34:Middlewares/ST/STM32_USB_Device_Library/Core/Src/usbd_ioreq.c ****   * @{
  35:Middlewares/ST/STM32_USB_Device_Library/Core/Src/usbd_ioreq.c ****   */
  36:Middlewares/ST/STM32_USB_Device_Library/Core/Src/usbd_ioreq.c **** /**
  37:Middlewares/ST/STM32_USB_Device_Library/Core/Src/usbd_ioreq.c ****   * @}
  38:Middlewares/ST/STM32_USB_Device_Library/Core/Src/usbd_ioreq.c ****   */
  39:Middlewares/ST/STM32_USB_Device_Library/Core/Src/usbd_ioreq.c **** 
  40:Middlewares/ST/STM32_USB_Device_Library/Core/Src/usbd_ioreq.c **** 
  41:Middlewares/ST/STM32_USB_Device_Library/Core/Src/usbd_ioreq.c **** /** @defgroup USBD_IOREQ_Private_Defines
  42:Middlewares/ST/STM32_USB_Device_Library/Core/Src/usbd_ioreq.c ****   * @{
  43:Middlewares/ST/STM32_USB_Device_Library/Core/Src/usbd_ioreq.c ****   */
  44:Middlewares/ST/STM32_USB_Device_Library/Core/Src/usbd_ioreq.c **** 
  45:Middlewares/ST/STM32_USB_Device_Library/Core/Src/usbd_ioreq.c **** /**
  46:Middlewares/ST/STM32_USB_Device_Library/Core/Src/usbd_ioreq.c ****   * @}
  47:Middlewares/ST/STM32_USB_Device_Library/Core/Src/usbd_ioreq.c ****   */
  48:Middlewares/ST/STM32_USB_Device_Library/Core/Src/usbd_ioreq.c **** 
  49:Middlewares/ST/STM32_USB_Device_Library/Core/Src/usbd_ioreq.c **** 
  50:Middlewares/ST/STM32_USB_Device_Library/Core/Src/usbd_ioreq.c **** /** @defgroup USBD_IOREQ_Private_Macros
  51:Middlewares/ST/STM32_USB_Device_Library/Core/Src/usbd_ioreq.c ****   * @{
  52:Middlewares/ST/STM32_USB_Device_Library/Core/Src/usbd_ioreq.c ****   */
  53:Middlewares/ST/STM32_USB_Device_Library/Core/Src/usbd_ioreq.c **** /**
  54:Middlewares/ST/STM32_USB_Device_Library/Core/Src/usbd_ioreq.c ****   * @}
  55:Middlewares/ST/STM32_USB_Device_Library/Core/Src/usbd_ioreq.c ****   */
  56:Middlewares/ST/STM32_USB_Device_Library/Core/Src/usbd_ioreq.c **** 
  57:Middlewares/ST/STM32_USB_Device_Library/Core/Src/usbd_ioreq.c **** 
  58:Middlewares/ST/STM32_USB_Device_Library/Core/Src/usbd_ioreq.c **** /** @defgroup USBD_IOREQ_Private_Variables
  59:Middlewares/ST/STM32_USB_Device_Library/Core/Src/usbd_ioreq.c ****   * @{
  60:Middlewares/ST/STM32_USB_Device_Library/Core/Src/usbd_ioreq.c ****   */
  61:Middlewares/ST/STM32_USB_Device_Library/Core/Src/usbd_ioreq.c **** 
  62:Middlewares/ST/STM32_USB_Device_Library/Core/Src/usbd_ioreq.c **** /**
  63:Middlewares/ST/STM32_USB_Device_Library/Core/Src/usbd_ioreq.c ****   * @}
  64:Middlewares/ST/STM32_USB_Device_Library/Core/Src/usbd_ioreq.c ****   */
  65:Middlewares/ST/STM32_USB_Device_Library/Core/Src/usbd_ioreq.c **** 
  66:Middlewares/ST/STM32_USB_Device_Library/Core/Src/usbd_ioreq.c **** 
  67:Middlewares/ST/STM32_USB_Device_Library/Core/Src/usbd_ioreq.c **** /** @defgroup USBD_IOREQ_Private_FunctionPrototypes
  68:Middlewares/ST/STM32_USB_Device_Library/Core/Src/usbd_ioreq.c ****   * @{
  69:Middlewares/ST/STM32_USB_Device_Library/Core/Src/usbd_ioreq.c ****   */
  70:Middlewares/ST/STM32_USB_Device_Library/Core/Src/usbd_ioreq.c **** /**
  71:Middlewares/ST/STM32_USB_Device_Library/Core/Src/usbd_ioreq.c ****   * @}
  72:Middlewares/ST/STM32_USB_Device_Library/Core/Src/usbd_ioreq.c ****   */
  73:Middlewares/ST/STM32_USB_Device_Library/Core/Src/usbd_ioreq.c **** 
  74:Middlewares/ST/STM32_USB_Device_Library/Core/Src/usbd_ioreq.c **** 
  75:Middlewares/ST/STM32_USB_Device_Library/Core/Src/usbd_ioreq.c **** /** @defgroup USBD_IOREQ_Private_Functions
  76:Middlewares/ST/STM32_USB_Device_Library/Core/Src/usbd_ioreq.c ****   * @{
  77:Middlewares/ST/STM32_USB_Device_Library/Core/Src/usbd_ioreq.c ****   */
  78:Middlewares/ST/STM32_USB_Device_Library/Core/Src/usbd_ioreq.c **** 
  79:Middlewares/ST/STM32_USB_Device_Library/Core/Src/usbd_ioreq.c **** /**
  80:Middlewares/ST/STM32_USB_Device_Library/Core/Src/usbd_ioreq.c **** * @brief  USBD_CtlSendData
  81:Middlewares/ST/STM32_USB_Device_Library/Core/Src/usbd_ioreq.c **** *         send data on the ctl pipe
  82:Middlewares/ST/STM32_USB_Device_Library/Core/Src/usbd_ioreq.c **** * @param  pdev: device instance
  83:Middlewares/ST/STM32_USB_Device_Library/Core/Src/usbd_ioreq.c **** * @param  buff: pointer to data buffer
  84:Middlewares/ST/STM32_USB_Device_Library/Core/Src/usbd_ioreq.c **** * @param  len: length of data to be sent
  85:Middlewares/ST/STM32_USB_Device_Library/Core/Src/usbd_ioreq.c **** * @retval status
  86:Middlewares/ST/STM32_USB_Device_Library/Core/Src/usbd_ioreq.c **** */
ARM GAS  /tmp/ccahri6b.s 			page 3


  87:Middlewares/ST/STM32_USB_Device_Library/Core/Src/usbd_ioreq.c **** USBD_StatusTypeDef USBD_CtlSendData(USBD_HandleTypeDef *pdev,
  88:Middlewares/ST/STM32_USB_Device_Library/Core/Src/usbd_ioreq.c ****                                     uint8_t *pbuf, uint16_t len)
  89:Middlewares/ST/STM32_USB_Device_Library/Core/Src/usbd_ioreq.c **** {
  30              		.loc 1 89 1 view -0
  31              		.cfi_startproc
  32              		@ args = 0, pretend = 0, frame = 0
  33              		@ frame_needed = 0, uses_anonymous_args = 0
  90:Middlewares/ST/STM32_USB_Device_Library/Core/Src/usbd_ioreq.c ****   /* Set EP0 State */
  91:Middlewares/ST/STM32_USB_Device_Library/Core/Src/usbd_ioreq.c ****   pdev->ep0_state = USBD_EP0_DATA_IN;
  34              		.loc 1 91 3 view .LVU1
  89:Middlewares/ST/STM32_USB_Device_Library/Core/Src/usbd_ioreq.c ****   /* Set EP0 State */
  35              		.loc 1 89 1 is_stmt 0 view .LVU2
  36 0000 10B5     		push	{r4, lr}
  37              	.LCFI0:
  38              		.cfi_def_cfa_offset 8
  39              		.cfi_offset 4, -8
  40              		.cfi_offset 14, -4
  41              		.loc 1 91 19 view .LVU3
  42 0002 0224     		movs	r4, #2
  92:Middlewares/ST/STM32_USB_Device_Library/Core/Src/usbd_ioreq.c ****   pdev->ep_in[0].total_length = len;
  93:Middlewares/ST/STM32_USB_Device_Library/Core/Src/usbd_ioreq.c ****   pdev->ep_in[0].rem_length   = len;
  94:Middlewares/ST/STM32_USB_Device_Library/Core/Src/usbd_ioreq.c **** 
  95:Middlewares/ST/STM32_USB_Device_Library/Core/Src/usbd_ioreq.c ****   /* Start the transfer */
  96:Middlewares/ST/STM32_USB_Device_Library/Core/Src/usbd_ioreq.c ****   USBD_LL_Transmit(pdev, 0x00U, pbuf, len);
  43              		.loc 1 96 3 view .LVU4
  44 0004 1346     		mov	r3, r2
  93:Middlewares/ST/STM32_USB_Device_Library/Core/Src/usbd_ioreq.c **** 
  45              		.loc 1 93 31 view .LVU5
  46 0006 C0E90722 		strd	r2, r2, [r0, #28]
  91:Middlewares/ST/STM32_USB_Device_Library/Core/Src/usbd_ioreq.c ****   pdev->ep_in[0].total_length = len;
  47              		.loc 1 91 19 view .LVU6
  48 000a C0F89442 		str	r4, [r0, #660]
  92:Middlewares/ST/STM32_USB_Device_Library/Core/Src/usbd_ioreq.c ****   pdev->ep_in[0].total_length = len;
  49              		.loc 1 92 3 is_stmt 1 view .LVU7
  50              		.loc 1 96 3 view .LVU8
  51 000e 0A46     		mov	r2, r1
  52              	.LVL1:
  53              		.loc 1 96 3 is_stmt 0 view .LVU9
  54 0010 0021     		movs	r1, #0
  55              	.LVL2:
  56              		.loc 1 96 3 view .LVU10
  57 0012 FFF7FEFF 		bl	USBD_LL_Transmit
  58              	.LVL3:
  97:Middlewares/ST/STM32_USB_Device_Library/Core/Src/usbd_ioreq.c **** 
  98:Middlewares/ST/STM32_USB_Device_Library/Core/Src/usbd_ioreq.c ****   return USBD_OK;
  59              		.loc 1 98 3 is_stmt 1 view .LVU11
  99:Middlewares/ST/STM32_USB_Device_Library/Core/Src/usbd_ioreq.c **** }
  60              		.loc 1 99 1 is_stmt 0 view .LVU12
  61 0016 0020     		movs	r0, #0
  62 0018 10BD     		pop	{r4, pc}
  63              		.cfi_endproc
  64              	.LFE360:
  66              		.section	.text.USBD_CtlContinueSendData,"ax",%progbits
  67              		.align	1
  68              		.global	USBD_CtlContinueSendData
  69              		.syntax unified
  70              		.thumb
ARM GAS  /tmp/ccahri6b.s 			page 4


  71              		.thumb_func
  72              		.fpu fpv4-sp-d16
  74              	USBD_CtlContinueSendData:
  75              	.LVL4:
  76              	.LFB361:
 100:Middlewares/ST/STM32_USB_Device_Library/Core/Src/usbd_ioreq.c **** 
 101:Middlewares/ST/STM32_USB_Device_Library/Core/Src/usbd_ioreq.c **** /**
 102:Middlewares/ST/STM32_USB_Device_Library/Core/Src/usbd_ioreq.c **** * @brief  USBD_CtlContinueSendData
 103:Middlewares/ST/STM32_USB_Device_Library/Core/Src/usbd_ioreq.c **** *         continue sending data on the ctl pipe
 104:Middlewares/ST/STM32_USB_Device_Library/Core/Src/usbd_ioreq.c **** * @param  pdev: device instance
 105:Middlewares/ST/STM32_USB_Device_Library/Core/Src/usbd_ioreq.c **** * @param  buff: pointer to data buffer
 106:Middlewares/ST/STM32_USB_Device_Library/Core/Src/usbd_ioreq.c **** * @param  len: length of data to be sent
 107:Middlewares/ST/STM32_USB_Device_Library/Core/Src/usbd_ioreq.c **** * @retval status
 108:Middlewares/ST/STM32_USB_Device_Library/Core/Src/usbd_ioreq.c **** */
 109:Middlewares/ST/STM32_USB_Device_Library/Core/Src/usbd_ioreq.c **** USBD_StatusTypeDef USBD_CtlContinueSendData(USBD_HandleTypeDef *pdev,
 110:Middlewares/ST/STM32_USB_Device_Library/Core/Src/usbd_ioreq.c ****                                             uint8_t *pbuf, uint16_t len)
 111:Middlewares/ST/STM32_USB_Device_Library/Core/Src/usbd_ioreq.c **** {
  77              		.loc 1 111 1 is_stmt 1 view -0
  78              		.cfi_startproc
  79              		@ args = 0, pretend = 0, frame = 0
  80              		@ frame_needed = 0, uses_anonymous_args = 0
 112:Middlewares/ST/STM32_USB_Device_Library/Core/Src/usbd_ioreq.c ****   /* Start the next transfer */
 113:Middlewares/ST/STM32_USB_Device_Library/Core/Src/usbd_ioreq.c ****   USBD_LL_Transmit(pdev, 0x00U, pbuf, len);
  81              		.loc 1 113 3 view .LVU14
 111:Middlewares/ST/STM32_USB_Device_Library/Core/Src/usbd_ioreq.c ****   /* Start the next transfer */
  82              		.loc 1 111 1 is_stmt 0 view .LVU15
  83 0000 08B5     		push	{r3, lr}
  84              	.LCFI1:
  85              		.cfi_def_cfa_offset 8
  86              		.cfi_offset 3, -8
  87              		.cfi_offset 14, -4
 111:Middlewares/ST/STM32_USB_Device_Library/Core/Src/usbd_ioreq.c ****   /* Start the next transfer */
  88              		.loc 1 111 1 view .LVU16
  89 0002 1346     		mov	r3, r2
  90              		.loc 1 113 3 view .LVU17
  91 0004 0A46     		mov	r2, r1
  92              	.LVL5:
  93              		.loc 1 113 3 view .LVU18
  94 0006 0021     		movs	r1, #0
  95              	.LVL6:
  96              		.loc 1 113 3 view .LVU19
  97 0008 FFF7FEFF 		bl	USBD_LL_Transmit
  98              	.LVL7:
 114:Middlewares/ST/STM32_USB_Device_Library/Core/Src/usbd_ioreq.c **** 
 115:Middlewares/ST/STM32_USB_Device_Library/Core/Src/usbd_ioreq.c ****   return USBD_OK;
  99              		.loc 1 115 3 is_stmt 1 view .LVU20
 116:Middlewares/ST/STM32_USB_Device_Library/Core/Src/usbd_ioreq.c **** }
 100              		.loc 1 116 1 is_stmt 0 view .LVU21
 101 000c 0020     		movs	r0, #0
 102 000e 08BD     		pop	{r3, pc}
 103              		.cfi_endproc
 104              	.LFE361:
 106              		.section	.text.USBD_CtlPrepareRx,"ax",%progbits
 107              		.align	1
 108              		.global	USBD_CtlPrepareRx
 109              		.syntax unified
 110              		.thumb
ARM GAS  /tmp/ccahri6b.s 			page 5


 111              		.thumb_func
 112              		.fpu fpv4-sp-d16
 114              	USBD_CtlPrepareRx:
 115              	.LVL8:
 116              	.LFB362:
 117:Middlewares/ST/STM32_USB_Device_Library/Core/Src/usbd_ioreq.c **** 
 118:Middlewares/ST/STM32_USB_Device_Library/Core/Src/usbd_ioreq.c **** /**
 119:Middlewares/ST/STM32_USB_Device_Library/Core/Src/usbd_ioreq.c **** * @brief  USBD_CtlPrepareRx
 120:Middlewares/ST/STM32_USB_Device_Library/Core/Src/usbd_ioreq.c **** *         receive data on the ctl pipe
 121:Middlewares/ST/STM32_USB_Device_Library/Core/Src/usbd_ioreq.c **** * @param  pdev: device instance
 122:Middlewares/ST/STM32_USB_Device_Library/Core/Src/usbd_ioreq.c **** * @param  buff: pointer to data buffer
 123:Middlewares/ST/STM32_USB_Device_Library/Core/Src/usbd_ioreq.c **** * @param  len: length of data to be received
 124:Middlewares/ST/STM32_USB_Device_Library/Core/Src/usbd_ioreq.c **** * @retval status
 125:Middlewares/ST/STM32_USB_Device_Library/Core/Src/usbd_ioreq.c **** */
 126:Middlewares/ST/STM32_USB_Device_Library/Core/Src/usbd_ioreq.c **** USBD_StatusTypeDef USBD_CtlPrepareRx(USBD_HandleTypeDef *pdev,
 127:Middlewares/ST/STM32_USB_Device_Library/Core/Src/usbd_ioreq.c ****                                      uint8_t *pbuf, uint16_t len)
 128:Middlewares/ST/STM32_USB_Device_Library/Core/Src/usbd_ioreq.c **** {
 117              		.loc 1 128 1 is_stmt 1 view -0
 118              		.cfi_startproc
 119              		@ args = 0, pretend = 0, frame = 0
 120              		@ frame_needed = 0, uses_anonymous_args = 0
 129:Middlewares/ST/STM32_USB_Device_Library/Core/Src/usbd_ioreq.c ****   /* Set EP0 State */
 130:Middlewares/ST/STM32_USB_Device_Library/Core/Src/usbd_ioreq.c ****   pdev->ep0_state = USBD_EP0_DATA_OUT;
 121              		.loc 1 130 3 view .LVU23
 128:Middlewares/ST/STM32_USB_Device_Library/Core/Src/usbd_ioreq.c ****   /* Set EP0 State */
 122              		.loc 1 128 1 is_stmt 0 view .LVU24
 123 0000 10B5     		push	{r4, lr}
 124              	.LCFI2:
 125              		.cfi_def_cfa_offset 8
 126              		.cfi_offset 4, -8
 127              		.cfi_offset 14, -4
 128              		.loc 1 130 19 view .LVU25
 129 0002 0324     		movs	r4, #3
 131:Middlewares/ST/STM32_USB_Device_Library/Core/Src/usbd_ioreq.c ****   pdev->ep_out[0].total_length = len;
 132:Middlewares/ST/STM32_USB_Device_Library/Core/Src/usbd_ioreq.c ****   pdev->ep_out[0].rem_length   = len;
 133:Middlewares/ST/STM32_USB_Device_Library/Core/Src/usbd_ioreq.c **** 
 134:Middlewares/ST/STM32_USB_Device_Library/Core/Src/usbd_ioreq.c ****   /* Start the transfer */
 135:Middlewares/ST/STM32_USB_Device_Library/Core/Src/usbd_ioreq.c ****   USBD_LL_PrepareReceive(pdev, 0U, pbuf, len);
 130              		.loc 1 135 3 view .LVU26
 131 0004 1346     		mov	r3, r2
 132:Middlewares/ST/STM32_USB_Device_Library/Core/Src/usbd_ioreq.c **** 
 132              		.loc 1 132 32 view .LVU27
 133 0006 C0E95722 		strd	r2, r2, [r0, #348]
 130:Middlewares/ST/STM32_USB_Device_Library/Core/Src/usbd_ioreq.c ****   pdev->ep_out[0].total_length = len;
 134              		.loc 1 130 19 view .LVU28
 135 000a C0F89442 		str	r4, [r0, #660]
 131:Middlewares/ST/STM32_USB_Device_Library/Core/Src/usbd_ioreq.c ****   pdev->ep_out[0].total_length = len;
 136              		.loc 1 131 3 is_stmt 1 view .LVU29
 137              		.loc 1 135 3 view .LVU30
 138 000e 0A46     		mov	r2, r1
 139              	.LVL9:
 140              		.loc 1 135 3 is_stmt 0 view .LVU31
 141 0010 0021     		movs	r1, #0
 142              	.LVL10:
 143              		.loc 1 135 3 view .LVU32
 144 0012 FFF7FEFF 		bl	USBD_LL_PrepareReceive
 145              	.LVL11:
ARM GAS  /tmp/ccahri6b.s 			page 6


 136:Middlewares/ST/STM32_USB_Device_Library/Core/Src/usbd_ioreq.c **** 
 137:Middlewares/ST/STM32_USB_Device_Library/Core/Src/usbd_ioreq.c ****   return USBD_OK;
 146              		.loc 1 137 3 is_stmt 1 view .LVU33
 138:Middlewares/ST/STM32_USB_Device_Library/Core/Src/usbd_ioreq.c **** }
 147              		.loc 1 138 1 is_stmt 0 view .LVU34
 148 0016 0020     		movs	r0, #0
 149 0018 10BD     		pop	{r4, pc}
 150              		.cfi_endproc
 151              	.LFE362:
 153              		.section	.text.USBD_CtlContinueRx,"ax",%progbits
 154              		.align	1
 155              		.global	USBD_CtlContinueRx
 156              		.syntax unified
 157              		.thumb
 158              		.thumb_func
 159              		.fpu fpv4-sp-d16
 161              	USBD_CtlContinueRx:
 162              	.LVL12:
 163              	.LFB363:
 139:Middlewares/ST/STM32_USB_Device_Library/Core/Src/usbd_ioreq.c **** 
 140:Middlewares/ST/STM32_USB_Device_Library/Core/Src/usbd_ioreq.c **** /**
 141:Middlewares/ST/STM32_USB_Device_Library/Core/Src/usbd_ioreq.c **** * @brief  USBD_CtlContinueRx
 142:Middlewares/ST/STM32_USB_Device_Library/Core/Src/usbd_ioreq.c **** *         continue receive data on the ctl pipe
 143:Middlewares/ST/STM32_USB_Device_Library/Core/Src/usbd_ioreq.c **** * @param  pdev: device instance
 144:Middlewares/ST/STM32_USB_Device_Library/Core/Src/usbd_ioreq.c **** * @param  buff: pointer to data buffer
 145:Middlewares/ST/STM32_USB_Device_Library/Core/Src/usbd_ioreq.c **** * @param  len: length of data to be received
 146:Middlewares/ST/STM32_USB_Device_Library/Core/Src/usbd_ioreq.c **** * @retval status
 147:Middlewares/ST/STM32_USB_Device_Library/Core/Src/usbd_ioreq.c **** */
 148:Middlewares/ST/STM32_USB_Device_Library/Core/Src/usbd_ioreq.c **** USBD_StatusTypeDef USBD_CtlContinueRx(USBD_HandleTypeDef *pdev,
 149:Middlewares/ST/STM32_USB_Device_Library/Core/Src/usbd_ioreq.c ****                                       uint8_t *pbuf, uint16_t len)
 150:Middlewares/ST/STM32_USB_Device_Library/Core/Src/usbd_ioreq.c **** {
 164              		.loc 1 150 1 is_stmt 1 view -0
 165              		.cfi_startproc
 166              		@ args = 0, pretend = 0, frame = 0
 167              		@ frame_needed = 0, uses_anonymous_args = 0
 151:Middlewares/ST/STM32_USB_Device_Library/Core/Src/usbd_ioreq.c ****   USBD_LL_PrepareReceive(pdev, 0U, pbuf, len);
 168              		.loc 1 151 3 view .LVU36
 150:Middlewares/ST/STM32_USB_Device_Library/Core/Src/usbd_ioreq.c ****   USBD_LL_PrepareReceive(pdev, 0U, pbuf, len);
 169              		.loc 1 150 1 is_stmt 0 view .LVU37
 170 0000 08B5     		push	{r3, lr}
 171              	.LCFI3:
 172              		.cfi_def_cfa_offset 8
 173              		.cfi_offset 3, -8
 174              		.cfi_offset 14, -4
 150:Middlewares/ST/STM32_USB_Device_Library/Core/Src/usbd_ioreq.c ****   USBD_LL_PrepareReceive(pdev, 0U, pbuf, len);
 175              		.loc 1 150 1 view .LVU38
 176 0002 1346     		mov	r3, r2
 177              		.loc 1 151 3 view .LVU39
 178 0004 0A46     		mov	r2, r1
 179              	.LVL13:
 180              		.loc 1 151 3 view .LVU40
 181 0006 0021     		movs	r1, #0
 182              	.LVL14:
 183              		.loc 1 151 3 view .LVU41
 184 0008 FFF7FEFF 		bl	USBD_LL_PrepareReceive
 185              	.LVL15:
 152:Middlewares/ST/STM32_USB_Device_Library/Core/Src/usbd_ioreq.c **** 
ARM GAS  /tmp/ccahri6b.s 			page 7


 153:Middlewares/ST/STM32_USB_Device_Library/Core/Src/usbd_ioreq.c ****   return USBD_OK;
 186              		.loc 1 153 3 is_stmt 1 view .LVU42
 154:Middlewares/ST/STM32_USB_Device_Library/Core/Src/usbd_ioreq.c **** }
 187              		.loc 1 154 1 is_stmt 0 view .LVU43
 188 000c 0020     		movs	r0, #0
 189 000e 08BD     		pop	{r3, pc}
 190              		.cfi_endproc
 191              	.LFE363:
 193              		.section	.text.USBD_CtlSendStatus,"ax",%progbits
 194              		.align	1
 195              		.global	USBD_CtlSendStatus
 196              		.syntax unified
 197              		.thumb
 198              		.thumb_func
 199              		.fpu fpv4-sp-d16
 201              	USBD_CtlSendStatus:
 202              	.LVL16:
 203              	.LFB364:
 155:Middlewares/ST/STM32_USB_Device_Library/Core/Src/usbd_ioreq.c **** 
 156:Middlewares/ST/STM32_USB_Device_Library/Core/Src/usbd_ioreq.c **** /**
 157:Middlewares/ST/STM32_USB_Device_Library/Core/Src/usbd_ioreq.c **** * @brief  USBD_CtlSendStatus
 158:Middlewares/ST/STM32_USB_Device_Library/Core/Src/usbd_ioreq.c **** *         send zero lzngth packet on the ctl pipe
 159:Middlewares/ST/STM32_USB_Device_Library/Core/Src/usbd_ioreq.c **** * @param  pdev: device instance
 160:Middlewares/ST/STM32_USB_Device_Library/Core/Src/usbd_ioreq.c **** * @retval status
 161:Middlewares/ST/STM32_USB_Device_Library/Core/Src/usbd_ioreq.c **** */
 162:Middlewares/ST/STM32_USB_Device_Library/Core/Src/usbd_ioreq.c **** USBD_StatusTypeDef USBD_CtlSendStatus(USBD_HandleTypeDef *pdev)
 163:Middlewares/ST/STM32_USB_Device_Library/Core/Src/usbd_ioreq.c **** {
 204              		.loc 1 163 1 is_stmt 1 view -0
 205              		.cfi_startproc
 206              		@ args = 0, pretend = 0, frame = 0
 207              		@ frame_needed = 0, uses_anonymous_args = 0
 164:Middlewares/ST/STM32_USB_Device_Library/Core/Src/usbd_ioreq.c ****   /* Set EP0 State */
 165:Middlewares/ST/STM32_USB_Device_Library/Core/Src/usbd_ioreq.c ****   pdev->ep0_state = USBD_EP0_STATUS_IN;
 208              		.loc 1 165 3 view .LVU45
 163:Middlewares/ST/STM32_USB_Device_Library/Core/Src/usbd_ioreq.c ****   /* Set EP0 State */
 209              		.loc 1 163 1 is_stmt 0 view .LVU46
 210 0000 08B5     		push	{r3, lr}
 211              	.LCFI4:
 212              		.cfi_def_cfa_offset 8
 213              		.cfi_offset 3, -8
 214              		.cfi_offset 14, -4
 215              		.loc 1 165 19 view .LVU47
 216 0002 0423     		movs	r3, #4
 217 0004 C0F89432 		str	r3, [r0, #660]
 166:Middlewares/ST/STM32_USB_Device_Library/Core/Src/usbd_ioreq.c **** 
 167:Middlewares/ST/STM32_USB_Device_Library/Core/Src/usbd_ioreq.c ****   /* Start the transfer */
 168:Middlewares/ST/STM32_USB_Device_Library/Core/Src/usbd_ioreq.c ****   USBD_LL_Transmit(pdev, 0x00U, NULL, 0U);
 218              		.loc 1 168 3 is_stmt 1 view .LVU48
 219 0008 0023     		movs	r3, #0
 220 000a 1A46     		mov	r2, r3
 221 000c 1946     		mov	r1, r3
 222 000e FFF7FEFF 		bl	USBD_LL_Transmit
 223              	.LVL17:
 169:Middlewares/ST/STM32_USB_Device_Library/Core/Src/usbd_ioreq.c **** 
 170:Middlewares/ST/STM32_USB_Device_Library/Core/Src/usbd_ioreq.c ****   return USBD_OK;
 224              		.loc 1 170 3 view .LVU49
 171:Middlewares/ST/STM32_USB_Device_Library/Core/Src/usbd_ioreq.c **** }
ARM GAS  /tmp/ccahri6b.s 			page 8


 225              		.loc 1 171 1 is_stmt 0 view .LVU50
 226 0012 0020     		movs	r0, #0
 227 0014 08BD     		pop	{r3, pc}
 228              		.cfi_endproc
 229              	.LFE364:
 231              		.section	.text.USBD_CtlReceiveStatus,"ax",%progbits
 232              		.align	1
 233              		.global	USBD_CtlReceiveStatus
 234              		.syntax unified
 235              		.thumb
 236              		.thumb_func
 237              		.fpu fpv4-sp-d16
 239              	USBD_CtlReceiveStatus:
 240              	.LVL18:
 241              	.LFB365:
 172:Middlewares/ST/STM32_USB_Device_Library/Core/Src/usbd_ioreq.c **** 
 173:Middlewares/ST/STM32_USB_Device_Library/Core/Src/usbd_ioreq.c **** /**
 174:Middlewares/ST/STM32_USB_Device_Library/Core/Src/usbd_ioreq.c **** * @brief  USBD_CtlReceiveStatus
 175:Middlewares/ST/STM32_USB_Device_Library/Core/Src/usbd_ioreq.c **** *         receive zero lzngth packet on the ctl pipe
 176:Middlewares/ST/STM32_USB_Device_Library/Core/Src/usbd_ioreq.c **** * @param  pdev: device instance
 177:Middlewares/ST/STM32_USB_Device_Library/Core/Src/usbd_ioreq.c **** * @retval status
 178:Middlewares/ST/STM32_USB_Device_Library/Core/Src/usbd_ioreq.c **** */
 179:Middlewares/ST/STM32_USB_Device_Library/Core/Src/usbd_ioreq.c **** USBD_StatusTypeDef USBD_CtlReceiveStatus(USBD_HandleTypeDef *pdev)
 180:Middlewares/ST/STM32_USB_Device_Library/Core/Src/usbd_ioreq.c **** {
 242              		.loc 1 180 1 is_stmt 1 view -0
 243              		.cfi_startproc
 244              		@ args = 0, pretend = 0, frame = 0
 245              		@ frame_needed = 0, uses_anonymous_args = 0
 181:Middlewares/ST/STM32_USB_Device_Library/Core/Src/usbd_ioreq.c ****   /* Set EP0 State */
 182:Middlewares/ST/STM32_USB_Device_Library/Core/Src/usbd_ioreq.c ****   pdev->ep0_state = USBD_EP0_STATUS_OUT;
 246              		.loc 1 182 3 view .LVU52
 180:Middlewares/ST/STM32_USB_Device_Library/Core/Src/usbd_ioreq.c ****   /* Set EP0 State */
 247              		.loc 1 180 1 is_stmt 0 view .LVU53
 248 0000 08B5     		push	{r3, lr}
 249              	.LCFI5:
 250              		.cfi_def_cfa_offset 8
 251              		.cfi_offset 3, -8
 252              		.cfi_offset 14, -4
 253              		.loc 1 182 19 view .LVU54
 254 0002 0523     		movs	r3, #5
 255 0004 C0F89432 		str	r3, [r0, #660]
 183:Middlewares/ST/STM32_USB_Device_Library/Core/Src/usbd_ioreq.c **** 
 184:Middlewares/ST/STM32_USB_Device_Library/Core/Src/usbd_ioreq.c ****   /* Start the transfer */
 185:Middlewares/ST/STM32_USB_Device_Library/Core/Src/usbd_ioreq.c ****   USBD_LL_PrepareReceive(pdev, 0U, NULL, 0U);
 256              		.loc 1 185 3 is_stmt 1 view .LVU55
 257 0008 0023     		movs	r3, #0
 258 000a 1A46     		mov	r2, r3
 259 000c 1946     		mov	r1, r3
 260 000e FFF7FEFF 		bl	USBD_LL_PrepareReceive
 261              	.LVL19:
 186:Middlewares/ST/STM32_USB_Device_Library/Core/Src/usbd_ioreq.c **** 
 187:Middlewares/ST/STM32_USB_Device_Library/Core/Src/usbd_ioreq.c ****   return USBD_OK;
 262              		.loc 1 187 3 view .LVU56
 188:Middlewares/ST/STM32_USB_Device_Library/Core/Src/usbd_ioreq.c **** }
 263              		.loc 1 188 1 is_stmt 0 view .LVU57
 264 0012 0020     		movs	r0, #0
 265 0014 08BD     		pop	{r3, pc}
ARM GAS  /tmp/ccahri6b.s 			page 9


 266              		.cfi_endproc
 267              	.LFE365:
 269              		.section	.text.USBD_GetRxCount,"ax",%progbits
 270              		.align	1
 271              		.global	USBD_GetRxCount
 272              		.syntax unified
 273              		.thumb
 274              		.thumb_func
 275              		.fpu fpv4-sp-d16
 277              	USBD_GetRxCount:
 278              	.LVL20:
 279              	.LFB366:
 189:Middlewares/ST/STM32_USB_Device_Library/Core/Src/usbd_ioreq.c **** 
 190:Middlewares/ST/STM32_USB_Device_Library/Core/Src/usbd_ioreq.c **** /**
 191:Middlewares/ST/STM32_USB_Device_Library/Core/Src/usbd_ioreq.c **** * @brief  USBD_GetRxCount
 192:Middlewares/ST/STM32_USB_Device_Library/Core/Src/usbd_ioreq.c **** *         returns the received data length
 193:Middlewares/ST/STM32_USB_Device_Library/Core/Src/usbd_ioreq.c **** * @param  pdev: device instance
 194:Middlewares/ST/STM32_USB_Device_Library/Core/Src/usbd_ioreq.c **** * @param  ep_addr: endpoint address
 195:Middlewares/ST/STM32_USB_Device_Library/Core/Src/usbd_ioreq.c **** * @retval Rx Data blength
 196:Middlewares/ST/STM32_USB_Device_Library/Core/Src/usbd_ioreq.c **** */
 197:Middlewares/ST/STM32_USB_Device_Library/Core/Src/usbd_ioreq.c **** uint32_t USBD_GetRxCount(USBD_HandleTypeDef *pdev, uint8_t ep_addr)
 198:Middlewares/ST/STM32_USB_Device_Library/Core/Src/usbd_ioreq.c **** {
 280              		.loc 1 198 1 is_stmt 1 view -0
 281              		.cfi_startproc
 282              		@ args = 0, pretend = 0, frame = 0
 283              		@ frame_needed = 0, uses_anonymous_args = 0
 284              		@ link register save eliminated.
 199:Middlewares/ST/STM32_USB_Device_Library/Core/Src/usbd_ioreq.c ****   return USBD_LL_GetRxDataSize(pdev, ep_addr);
 285              		.loc 1 199 3 view .LVU59
 286              		.loc 1 199 10 is_stmt 0 view .LVU60
 287 0000 FFF7FEBF 		b	USBD_LL_GetRxDataSize
 288              	.LVL21:
 289              		.loc 1 199 10 view .LVU61
 290              		.cfi_endproc
 291              	.LFE366:
 293              		.text
 294              	.Letext0:
 295              		.file 2 "/usr/include/newlib/machine/_default_types.h"
 296              		.file 3 "/usr/lib/gcc/arm-none-eabi/9.2.1/include/stddef.h"
 297              		.file 4 "/usr/include/newlib/sys/_types.h"
 298              		.file 5 "/usr/include/newlib/sys/reent.h"
 299              		.file 6 "/usr/include/newlib/sys/lock.h"
 300              		.file 7 "/usr/include/newlib/sys/_stdint.h"
 301              		.file 8 "/usr/include/newlib/stdlib.h"
 302              		.file 9 "Drivers/CMSIS/Include/core_cm4.h"
 303              		.file 10 "Drivers/CMSIS/Device/ST/STM32G4xx/Include/system_stm32g4xx.h"
 304              		.file 11 "Drivers/STM32G4xx_HAL_Driver/Inc/stm32g4xx_hal_def.h"
 305              		.file 12 "Drivers/STM32G4xx_HAL_Driver/Inc/stm32g4xx_hal_flash.h"
 306              		.file 13 "Drivers/STM32G4xx_HAL_Driver/Inc/stm32g4xx_hal.h"
 307              		.file 14 "Middlewares/ST/STM32_USB_Device_Library/Core/Inc/usbd_def.h"
 308              		.file 15 "Middlewares/ST/STM32_USB_Device_Library/Core/Inc/usbd_core.h"
ARM GAS  /tmp/ccahri6b.s 			page 10


DEFINED SYMBOLS
                            *ABS*:0000000000000000 usbd_ioreq.c
     /tmp/ccahri6b.s:18     .text.USBD_CtlSendData:0000000000000000 $t
     /tmp/ccahri6b.s:26     .text.USBD_CtlSendData:0000000000000000 USBD_CtlSendData
     /tmp/ccahri6b.s:67     .text.USBD_CtlContinueSendData:0000000000000000 $t
     /tmp/ccahri6b.s:74     .text.USBD_CtlContinueSendData:0000000000000000 USBD_CtlContinueSendData
     /tmp/ccahri6b.s:107    .text.USBD_CtlPrepareRx:0000000000000000 $t
     /tmp/ccahri6b.s:114    .text.USBD_CtlPrepareRx:0000000000000000 USBD_CtlPrepareRx
     /tmp/ccahri6b.s:154    .text.USBD_CtlContinueRx:0000000000000000 $t
     /tmp/ccahri6b.s:161    .text.USBD_CtlContinueRx:0000000000000000 USBD_CtlContinueRx
     /tmp/ccahri6b.s:194    .text.USBD_CtlSendStatus:0000000000000000 $t
     /tmp/ccahri6b.s:201    .text.USBD_CtlSendStatus:0000000000000000 USBD_CtlSendStatus
     /tmp/ccahri6b.s:232    .text.USBD_CtlReceiveStatus:0000000000000000 $t
     /tmp/ccahri6b.s:239    .text.USBD_CtlReceiveStatus:0000000000000000 USBD_CtlReceiveStatus
     /tmp/ccahri6b.s:270    .text.USBD_GetRxCount:0000000000000000 $t
     /tmp/ccahri6b.s:277    .text.USBD_GetRxCount:0000000000000000 USBD_GetRxCount

UNDEFINED SYMBOLS
USBD_LL_Transmit
USBD_LL_PrepareReceive
USBD_LL_GetRxDataSize
